2017-12-29 18:22:16,272 - Starting GA
2017-12-29 18:22:16,275 - Processing line number: 1969
2017-12-29 18:22:16,764 - 
gen	nevals
0  	31    
2017-12-29 18:22:23,686 - 
1  	414   
2017-12-29 18:22:41,557 - 
2  	1109  
2017-12-29 18:22:59,207 - 
3  	1104  
2017-12-29 18:23:17,947 - 
4  	1110  
2017-12-29 18:23:31,252 - Starting GA
2017-12-29 18:23:31,255 - Processing line number: 1969
2017-12-29 18:23:31,670 - 
gen	nevals
0  	31    
2017-12-29 18:23:38,267 - 
1  	410   
2017-12-29 18:23:55,410 - 
2  	1094  
2017-12-29 18:24:12,755 - 
3  	1103  
2017-12-29 18:24:30,076 - 
4  	1103  
2017-12-29 18:24:51,614 - Starting GA
2017-12-29 18:24:51,617 - Processing line number: 1969
2017-12-29 18:24:52,145 - 
gen	nevals
0  	31    
2017-12-29 18:25:47,631 - Starting GA
2017-12-29 18:25:47,635 - Processing line number: 1969
2017-12-29 18:25:48,134 - 
gen	nevals
0  	31    
2017-12-29 18:26:08,004 - Starting GA
2017-12-29 18:26:08,008 - Processing line number: 1969
2017-12-29 18:26:08,524 - 
gen	nevals
0  	31    
2017-12-29 18:26:45,924 - Starting GA
2017-12-29 18:26:45,928 - Processing line number: 1969
2017-12-29 18:26:46,454 - 
gen	nevals
0  	31    
2017-12-29 18:26:53,193 - 
1  	416   
2017-12-29 18:27:02,640 - Starting GA
2017-12-29 18:27:02,659 - Processing line number: 1969
2017-12-29 18:27:03,579 - 
gen	nevals
0  	31    
2017-12-29 18:27:17,110 - 
2  	1099  
2017-12-29 18:27:20,210 - hello
2017-12-29 18:27:20,210 - Starting GA
2017-12-29 18:27:20,219 - Processing line number: 1969
2017-12-29 18:27:21,268 - 
gen	nevals
0  	31    
2017-12-29 18:27:42,941 - 
3  	1091  
2017-12-29 18:27:55,061 - hello
2017-12-29 18:27:55,061 - Starting GA
2017-12-29 18:27:55,081 - Processing line number: 1969
2017-12-29 18:27:56,298 - 
gen	nevals
0  	31    
2017-12-29 18:28:05,464 - 
4  	1118  
2017-12-29 18:28:23,588 - 
5  	1098  
2017-12-29 18:28:41,066 - 
6  	1103  
2017-12-29 18:28:56,224 - hello
2017-12-29 18:28:56,224 - Starting GA
2017-12-29 18:28:56,243 - Processing line number: 1969
2017-12-29 18:28:57,446 - 
gen	nevals
0  	31    
2017-12-29 18:29:04,457 - 
7  	1093  
2017-12-29 18:29:06,069 - Starting GA
2017-12-29 18:29:06,097 - Processing line number: 1969
2017-12-29 18:29:07,010 - 
gen	nevals
0  	31    
2017-12-29 18:29:13,667 - Starting GA
2017-12-29 18:29:13,684 - Processing line number: 1969
2017-12-29 18:29:14,676 - 
gen	nevals
0  	31    
2017-12-29 18:29:29,486 - Best Individual didn't change. Stopping evolution
2017-12-29 18:29:29,487 - Hall of Fame: [0.951171875, 0.009765625, 0.037109375, 0.0, 0.001953125]
2017-12-29 18:29:29,488 - GA Estimate: 813.0
2017-12-29 18:29:29,488 - Observed Value: 801.0
2017-12-29 18:29:29,489 - Processing line number: 1970
2017-12-29 18:29:30,105 - 
gen	nevals
0  	31    
2017-12-29 18:29:37,661 - Starting GA
2017-12-29 18:29:37,673 - Processing line number: 1969
2017-12-29 18:29:38,598 - 
gen	nevals
0  	31    
2017-12-29 18:29:39,231 - 
1  	410   
2017-12-29 18:29:52,607 - 
1  	429   
2017-12-29 18:30:16,673 - 
2  	1115  
2017-12-29 18:30:29,995 - 
2  	1124  
2017-12-29 18:30:51,919 - 
3  	1099  
2017-12-29 18:31:05,015 - 
3  	1088  
2017-12-29 18:31:23,612 - 
4  	1073  
2017-12-29 18:31:39,318 - 
4  	1098  
2017-12-29 18:31:58,015 - 
5  	1104  
2017-12-29 18:32:13,612 - 
5  	1099  
2017-12-29 18:32:32,363 - Best Individual didn't change. Stopping evolution
2017-12-29 18:32:32,364 - Hall of Fame: [0.8903125000000001, 0.0, 0.0625, 0.0, 0.04718750000000001]
2017-12-29 18:32:32,366 - GA Estimate: 806.0
2017-12-29 18:32:32,366 - Observed Value: 690.0
2017-12-29 18:32:32,366 - Processing line number: 1971
2017-12-29 18:32:33,281 - 
gen	nevals
0  	31    
2017-12-29 18:32:45,537 - 
1  	407   
2017-12-29 18:32:48,861 - Best Individual didn't change. Stopping evolution
2017-12-29 18:32:48,862 - Hall of Fame: [0.9453125, 0.0078125, 0.0390625, 0.0, 0.0078125]
2017-12-29 18:32:48,863 - GA Estimate: 813.0
2017-12-29 18:32:48,863 - Observed Value: 801.0
2017-12-29 18:32:48,864 - Processing line number: 1970
2017-12-29 18:32:50,073 - 
gen	nevals
0  	31    
2017-12-29 18:33:04,497 - 
1  	430   
2017-12-29 18:33:20,520 - 
2  	1091  
2017-12-29 18:33:39,504 - 
2  	1095  
2017-12-29 18:33:55,690 - 
3  	1095  
2017-12-29 18:34:13,689 - 
3  	1119  
2017-12-29 18:34:31,163 - 
4  	1100  
2017-12-29 18:34:48,999 - 
4  	1134  
2017-12-29 18:34:56,261 - Starting GA
2017-12-29 18:34:56,287 - Processing line number: 1969
2017-12-29 18:34:58,607 - 
gen	nevals
0  	31    
2017-12-29 18:35:01,955 - 
5  	1103  
2017-12-29 18:35:11,362 - 
1  	410   
2017-12-29 18:35:29,901 - 
2  	1118  
2017-12-29 18:35:46,829 - 
3  	1107  
2017-12-29 18:36:03,420 - 
4  	1103  
2017-12-29 18:36:19,953 - 
5  	1105  
2017-12-29 18:36:32,884 - Starting GA
2017-12-29 18:36:32,888 - Processing line number: 1969
2017-12-29 18:36:33,356 - 
gen	nevals
0  	31    
2017-12-29 18:36:39,463 - 
1  	406   
2017-12-29 18:36:55,448 - 
2  	1097  
2017-12-29 18:37:12,328 - 
3  	1095  
2017-12-29 18:37:21,429 - Starting GA
2017-12-29 18:37:21,435 - Processing line number: 1969
2017-12-29 18:37:22,172 - 
gen	nevals
0  	31    
2017-12-29 18:37:28,875 - 
1  	408   
2017-12-29 18:37:44,647 - 
2  	1108  
2017-12-29 18:38:00,504 - 
3  	1111  
2017-12-29 18:38:15,802 - 
4  	1074  
2017-12-29 18:38:31,774 - 
5  	1119  
2017-12-29 18:38:47,484 - Best Individual didn't change. Stopping evolution
2017-12-29 18:38:47,484 - Hall of Fame: [0.9453125, 0.0078125, 0.0390625, 0.0, 0.0078125]
2017-12-29 18:38:47,485 - GA Estimate: 813.0
2017-12-29 18:38:47,485 - Observed Value: 801.0
2017-12-29 18:38:47,486 - Processing line number: 1970
2017-12-29 18:38:47,930 - 
gen	nevals
0  	31    
2017-12-29 18:38:54,018 - 
1  	429   
