2017-12-13 02:18:38,485 - Starting GA
2017-12-13 02:18:38,488 - Processing line number: 1867
2017-12-13 02:18:39,037 - 
gen	nevals
0  	31    
2017-12-13 02:18:46,519 - 
1  	412   
2017-12-13 02:19:05,970 - 
2  	1108  
2017-12-13 02:19:22,894 - 
3  	1075  
2017-12-13 02:19:40,358 - 
4  	1102  
2017-12-13 02:19:57,607 - 
5  	1093  
2017-12-13 02:20:15,376 - Best Individual didn't change. Stopping evolution
2017-12-13 02:20:15,377 - Hall of Fame: [0.0, 0.4784375, 0.22843750000000002, 0.03125, 0.26187499999999997]
2017-12-13 02:20:15,379 - GA Estimate: 2101.0
2017-12-13 02:20:15,379 - Observed Value: 1836.0
2017-12-13 02:20:15,379 - Processing line number: 1868
2017-12-13 02:20:15,910 - 
gen	nevals
0  	31    
2017-12-13 02:20:22,705 - 
1  	427   
2017-12-13 02:20:40,139 - 
2  	1103  
2017-12-13 02:20:57,784 - 
3  	1114  
2017-12-13 02:21:15,405 - 
4  	1113  
2017-12-13 02:21:32,788 - Best Individual didn't change. Stopping evolution
2017-12-13 02:21:32,789 - Hall of Fame: [0.0, 0.375, 0.375, 0.03125, 0.21875]
2017-12-13 02:21:32,791 - GA Estimate: 1843.0
2017-12-13 02:21:32,791 - Observed Value: 1818.0
2017-12-13 02:21:32,791 - Processing line number: 1869
2017-12-13 02:21:33,313 - 
gen	nevals
0  	31    
2017-12-13 02:21:39,984 - 
1  	419   
2017-12-13 02:21:57,476 - 
2  	1095  
2017-12-13 02:22:14,784 - 
3  	1095  
2017-12-13 02:22:32,066 - 
4  	1099  
2017-12-13 02:22:49,596 - 
5  	1100  
2017-12-13 02:23:07,062 - Best Individual didn't change. Stopping evolution
2017-12-13 02:23:07,064 - Hall of Fame: [0.0, 0.3896875, 0.3896875, 0.0, 0.22062500000000002]
2017-12-13 02:23:07,065 - GA Estimate: 1773.0
2017-12-13 02:23:07,065 - Observed Value: 1939.0
2017-12-13 02:23:07,067 - Processing line number: 1870
2017-12-13 02:23:07,600 - 
gen	nevals
0  	31    
2017-12-13 02:23:14,281 - 
1  	420   
2017-12-13 02:23:31,382 - 
2  	1076  
2017-12-13 02:23:48,816 - 
3  	1095  
2017-12-13 02:24:06,277 - 
4  	1095  
2017-12-13 02:24:24,013 - Best Individual didn't change. Stopping evolution
2017-12-13 02:24:24,014 - Hall of Fame: [0.0, 0.405625, 0.374375, 0.0, 0.22000000000000003]
2017-12-13 02:24:24,015 - GA Estimate: 1827.0
2017-12-13 02:24:24,016 - Observed Value: 1636.0
2017-12-13 02:24:24,016 - Processing line number: 1871
2017-12-13 02:24:24,526 - 
gen	nevals
0  	31    
2017-12-13 02:24:31,199 - 
1  	421   
2017-12-13 02:24:48,805 - 
2  	1106  
2017-12-13 02:25:06,228 - 
3  	1103  
2017-12-13 02:25:23,883 - 
4  	1115  
2017-12-13 02:25:41,429 - Best Individual didn't change. Stopping evolution
2017-12-13 02:25:41,429 - Hall of Fame: [0.0, 0.40625, 0.34375, 0.0, 0.25]
2017-12-13 02:25:41,437 - GA Estimate: 1657.0
2017-12-13 02:25:41,437 - Observed Value: 1352.0
2017-12-13 02:25:41,438 - Processing line number: 1872
2017-12-13 02:25:41,933 - 
gen	nevals
0  	31    
2017-12-13 02:25:48,859 - 
1  	428   
2017-12-13 02:26:06,517 - 
2  	1114  
2017-12-13 02:26:23,992 - 
3  	1104  
2017-12-13 02:26:41,478 - 
4  	1101  
2017-12-13 02:26:58,751 - Best Individual didn't change. Stopping evolution
2017-12-13 02:26:58,752 - Hall of Fame: [0.0, 0.405625, 0.374375, 0.0, 0.22000000000000003]
2017-12-13 02:26:58,754 - GA Estimate: 1456.0
2017-12-13 02:26:58,754 - Observed Value: 1252.0
2017-12-13 02:26:58,754 - Processing line number: 1873
2017-12-13 02:26:59,271 - 
gen	nevals
0  	31    
2017-12-13 02:27:05,795 - 
1  	406   
2017-12-13 02:27:23,357 - 
2  	1107  
2017-12-13 02:27:40,630 - 
3  	1089  
2017-12-13 02:27:57,740 - 
4  	1079  
