2017-12-15 16:26:46,986 - Starting GA
2017-12-15 16:26:47,154 - Processing line number: 1969
2017-12-15 16:26:50,542 - 
gen	nevals
0  	31    
2017-12-15 16:27:36,915 - Best Individual didn't change. Stopping evolution
2017-12-15 16:27:36,915 - Hall of Fame: [0.0, 0.0, 0.0, 0.5, 0.5]
2017-12-15 16:27:36,918 - GA Estimate: 810.0
2017-12-15 16:27:36,918 - Observed Value: 778.0
2017-12-15 16:27:36,918 - Processing line number: 1970
2017-12-15 16:27:40,542 - 
gen	nevals
0  	31    
2017-12-15 16:28:28,738 - Best Individual didn't change. Stopping evolution
2017-12-15 16:28:28,739 - Hall of Fame: [0.0, 0.0, 0.0, 0.5, 0.5]
2017-12-15 16:28:28,741 - GA Estimate: 768.0
2017-12-15 16:28:28,741 - Observed Value: 791.0
2017-12-15 16:28:28,741 - Processing line number: 1971
2017-12-15 16:28:32,863 - 
gen	nevals
0  	31    
2017-12-15 16:29:33,396 - Best Individual didn't change. Stopping evolution
2017-12-15 16:29:33,459 - Hall of Fame: [0.0, 0.0, 0.0, 0.5, 0.5]
2017-12-15 16:29:33,461 - GA Estimate: 755.0
2017-12-15 16:29:33,461 - Observed Value: 828.0
2017-12-15 16:29:33,462 - Processing line number: 1972
2017-12-15 16:29:37,711 - 
gen	nevals
0  	31    
2017-12-15 16:30:47,482 - Best Individual didn't change. Stopping evolution
2017-12-15 16:30:47,597 - Hall of Fame: [0.0, 0.0, 0.0, 0.5, 0.5]
2017-12-15 16:30:47,600 - GA Estimate: 810.0
2017-12-15 16:30:47,600 - Observed Value: 769.0
2017-12-15 16:30:47,600 - Processing line number: 1973
2017-12-15 16:30:53,947 - 
gen	nevals
0  	31    
2017-12-15 16:32:07,682 - Best Individual didn't change. Stopping evolution
2017-12-15 16:32:07,684 - Hall of Fame: [0.0, 0.0, 0.0, 0.5, 0.5]
2017-12-15 16:32:07,686 - GA Estimate: 770.0
2017-12-15 16:32:07,686 - Observed Value: 778.0
2017-12-15 16:32:07,694 - Processing line number: 1974
2017-12-15 16:32:13,586 - 
gen	nevals
0  	31    
2017-12-15 16:33:28,949 - Best Individual didn't change. Stopping evolution
2017-12-15 16:33:28,950 - Hall of Fame: [0.0, 0.0, 0.0, 0.5, 0.5]
2017-12-15 16:33:28,952 - GA Estimate: 758.0
2017-12-15 16:33:28,952 - Observed Value: 726.0
2017-12-15 16:33:28,952 - Processing line number: 1975
2017-12-15 16:33:34,994 - 
gen	nevals
0  	31    
2017-12-15 16:34:50,495 - Best Individual didn't change. Stopping evolution
2017-12-15 16:34:50,496 - Hall of Fame: [0.0, 0.0, 0.0, 0.5, 0.5]
2017-12-15 16:34:50,571 - GA Estimate: 724.0
2017-12-15 16:34:50,571 - Observed Value: 875.0
2017-12-15 16:34:50,622 - Processing line number: 1976
2017-12-15 16:34:56,573 - 
gen	nevals
0  	31    
2017-12-15 16:36:14,109 - Best Individual didn't change. Stopping evolution
2017-12-15 16:36:14,110 - Hall of Fame: [0.0, 0.0, 0.0, 0.5, 0.5]
2017-12-15 16:36:14,112 - GA Estimate: 859.0
2017-12-15 16:36:14,113 - Observed Value: 847.0
2017-12-15 16:36:14,113 - Processing line number: 1977
2017-12-15 16:36:19,756 - 
gen	nevals
0  	31    
2017-12-15 16:37:37,025 - Best Individual didn't change. Stopping evolution
2017-12-15 16:37:37,026 - Hall of Fame: [0.0, 0.0, 0.0, 0.5, 0.5]
2017-12-15 16:37:37,028 - GA Estimate: 898.0
2017-12-15 16:37:37,028 - Observed Value: 1013.0
2017-12-15 16:37:37,029 - Processing line number: 1978
2017-12-15 16:37:42,671 - 
gen	nevals
0  	31    
2017-12-15 16:39:00,147 - Best Individual didn't change. Stopping evolution
2017-12-15 16:39:00,148 - Hall of Fame: [0.0, 0.0, 0.0, 0.5, 0.5]
2017-12-15 16:39:00,239 - GA Estimate: 1003.0
2017-12-15 16:39:00,239 - Observed Value: 1138.0
2017-12-15 16:39:00,278 - Processing line number: 1979
2017-12-15 16:39:05,981 - 
gen	nevals
0  	31    
2017-12-15 16:40:24,911 - Best Individual didn't change. Stopping evolution
2017-12-15 16:40:24,912 - Hall of Fame: [0.0, 0.0, 0.0, 0.5, 0.5]
2017-12-15 16:40:24,914 - GA Estimate: 1169.0
2017-12-15 16:40:24,915 - Observed Value: 1245.0
2017-12-15 16:40:24,915 - Processing line number: 1980
2017-12-15 16:40:30,835 - 
gen	nevals
0  	31    
2017-12-15 16:41:47,082 - Best Individual didn't change. Stopping evolution
2017-12-15 16:41:47,083 - Hall of Fame: [0.0, 0.0, 0.0, 0.5, 0.5]
2017-12-15 16:41:47,086 - GA Estimate: 1309.0
2017-12-15 16:41:47,086 - Observed Value: 1169.0
2017-12-15 16:41:47,086 - Processing line number: 1981
2017-12-15 16:41:52,975 - 
gen	nevals
0  	31    
2017-12-15 16:43:09,983 - Best Individual didn't change. Stopping evolution
2017-12-15 16:43:09,984 - Hall of Fame: [0.0, 0.0, 0.0, 0.5, 0.5]
2017-12-15 16:43:10,067 - GA Estimate: 1223.0
2017-12-15 16:43:10,067 - Observed Value: 1318.0
2017-12-15 16:43:10,110 - Processing line number: 1982
2017-12-15 16:43:15,619 - 
gen	nevals
0  	31    
2017-12-15 16:44:31,747 - Best Individual didn't change. Stopping evolution
2017-12-15 16:44:31,748 - Hall of Fame: [0.0, 0.0, 0.0, 0.5, 0.5]
2017-12-15 16:44:31,843 - GA Estimate: 1292.0
2017-12-15 16:44:31,843 - Observed Value: 1280.0
2017-12-15 16:44:31,898 - Processing line number: 1983
2017-12-15 16:44:37,754 - 
gen	nevals
0  	31    
2017-12-15 16:45:56,285 - Best Individual didn't change. Stopping evolution
2017-12-15 16:45:56,366 - Hall of Fame: [0.0, 0.0, 0.0, 0.5, 0.5]
2017-12-15 16:45:56,369 - GA Estimate: 1318.0
2017-12-15 16:45:56,369 - Observed Value: 1355.0
2017-12-15 16:45:56,450 - Processing line number: 1984
2017-12-15 16:46:02,087 - 
gen	nevals
0  	31    
2017-12-15 16:47:21,498 - Best Individual didn't change. Stopping evolution
2017-12-15 16:47:21,499 - Hall of Fame: [0.0, 0.0, 0.0, 0.5, 0.5]
2017-12-15 16:47:21,590 - GA Estimate: 1362.0
2017-12-15 16:47:21,590 - Observed Value: 1495.0
2017-12-15 16:47:21,594 - Processing line number: 1985
2017-12-15 16:47:27,251 - 
gen	nevals
0  	31    
2017-12-15 16:48:45,617 - Best Individual didn't change. Stopping evolution
2017-12-15 16:48:45,618 - Hall of Fame: [0.0, 0.0, 0.0, 0.5, 0.5]
2017-12-15 16:48:45,620 - GA Estimate: 1499.0
2017-12-15 16:48:45,620 - Observed Value: 1328.0
2017-12-15 16:48:45,621 - Processing line number: 1986
2017-12-15 16:48:51,265 - 
gen	nevals
0  	31    
2017-12-15 16:50:08,480 - Best Individual didn't change. Stopping evolution
2017-12-15 16:50:08,481 - Hall of Fame: [0.0, 0.0, 0.0, 0.5, 0.5]
2017-12-15 16:50:08,483 - GA Estimate: 1394.0
2017-12-15 16:50:08,484 - Observed Value: 1206.0
2017-12-15 16:50:08,484 - Processing line number: 1987
2017-12-15 16:50:14,797 - 
gen	nevals
0  	31    
2017-12-15 16:51:34,649 - Best Individual didn't change. Stopping evolution
2017-12-15 16:51:34,692 - Hall of Fame: [0.0, 0.0, 0.0, 0.5, 0.5]
2017-12-15 16:51:34,695 - GA Estimate: 1194.0
2017-12-15 16:51:34,695 - Observed Value: 1216.0
2017-12-15 16:51:34,695 - Processing line number: 1988
2017-12-15 16:51:41,508 - 
gen	nevals
0  	31    
2017-12-15 16:52:59,424 - Best Individual didn't change. Stopping evolution
2017-12-15 16:52:59,425 - Hall of Fame: [0.0, 0.0, 0.0, 0.5, 0.5]
2017-12-15 16:52:59,427 - GA Estimate: 1180.0
2017-12-15 16:52:59,427 - Observed Value: 1170.0
2017-12-15 16:52:59,428 - Processing line number: 1989
2017-12-15 16:53:04,793 - 
gen	nevals
0  	31    
2017-12-15 16:54:19,021 - Best Individual didn't change. Stopping evolution
2017-12-15 16:54:19,022 - Hall of Fame: [0.0, 0.0, 0.0, 0.5, 0.5]
2017-12-15 16:54:19,024 - GA Estimate: 1152.0
2017-12-15 16:54:19,024 - Observed Value: 1186.0
2017-12-15 16:54:19,025 - Processing line number: 1990
2017-12-15 16:54:24,837 - 
gen	nevals
0  	31    
2017-12-15 16:55:41,264 - Best Individual didn't change. Stopping evolution
2017-12-15 16:55:41,265 - Hall of Fame: [0.0, 0.0, 0.0, 0.5, 0.5]
2017-12-15 16:55:41,268 - GA Estimate: 1181.0
2017-12-15 16:55:41,268 - Observed Value: 1087.0
2017-12-15 16:55:41,268 - Processing line number: 1991
2017-12-15 16:55:46,872 - 
gen	nevals
0  	31    
2017-12-15 16:56:59,870 - Best Individual didn't change. Stopping evolution
2017-12-15 16:56:59,871 - Hall of Fame: [0.0, 0.0, 0.0, 0.5, 0.5]
2017-12-15 16:56:59,873 - GA Estimate: 1074.0
2017-12-15 16:56:59,874 - Observed Value: 899.0
2017-12-15 16:56:59,998 - Processing line number: 1992
2017-12-15 16:57:05,579 - 
gen	nevals
0  	31    
2017-12-15 16:58:20,929 - Best Individual didn't change. Stopping evolution
2017-12-15 16:58:20,929 - Hall of Fame: [0.0, 0.0, 0.0, 0.5, 0.5]
2017-12-15 16:58:20,932 - GA Estimate: 872.0
2017-12-15 16:58:20,932 - Observed Value: 876.0
2017-12-15 16:58:20,933 - Processing line number: 1993
2017-12-15 16:58:26,619 - 
gen	nevals
0  	31    
2017-12-15 16:59:43,589 - Best Individual didn't change. Stopping evolution
2017-12-15 16:59:43,590 - Hall of Fame: [0.0, 0.0, 0.0, 0.5, 0.5]
2017-12-15 16:59:43,592 - GA Estimate: 824.0
2017-12-15 16:59:43,592 - Observed Value: 778.0
2017-12-15 16:59:43,593 - Processing line number: 1994
2017-12-15 16:59:49,295 - 
gen	nevals
0  	31    
2017-12-15 17:01:02,791 - Best Individual didn't change. Stopping evolution
2017-12-15 17:01:02,792 - Hall of Fame: [0.0, 0.0, 0.0, 0.5, 0.5]
2017-12-15 17:01:02,867 - GA Estimate: 750.0
2017-12-15 17:01:02,867 - Observed Value: 792.0
2017-12-15 17:01:02,910 - Processing line number: 1995
2017-12-15 17:01:08,795 - 
gen	nevals
0  	31    
2017-12-15 17:02:26,152 - Best Individual didn't change. Stopping evolution
2017-12-15 17:02:26,152 - Hall of Fame: [0.0, 0.0, 0.0, 0.5, 0.5]
2017-12-15 17:02:26,158 - GA Estimate: 756.0
2017-12-15 17:02:26,158 - Observed Value: 831.0
2017-12-15 17:02:26,159 - Processing line number: 1996
2017-12-15 17:02:32,038 - 
gen	nevals
0  	31    
2017-12-15 17:03:50,689 - Best Individual didn't change. Stopping evolution
2017-12-15 17:03:50,690 - Hall of Fame: [0.0, 0.0, 0.0, 0.5, 0.5]
2017-12-15 17:03:50,692 - GA Estimate: 814.0
2017-12-15 17:03:50,692 - Observed Value: 785.0
2017-12-15 17:03:50,693 - Processing line number: 1997
2017-12-15 17:03:56,496 - 
gen	nevals
0  	31    
2017-12-15 17:05:17,611 - Best Individual didn't change. Stopping evolution
2017-12-15 17:05:17,625 - Hall of Fame: [0.0, 0.0, 0.0, 0.5, 0.5]
2017-12-15 17:05:17,627 - GA Estimate: 786.0
2017-12-15 17:05:17,627 - Observed Value: 781.0
2017-12-15 17:05:17,628 - Processing line number: 1998
2017-12-15 17:05:23,635 - 
gen	nevals
0  	31    
2017-12-15 17:06:42,370 - Best Individual didn't change. Stopping evolution
2017-12-15 17:06:42,371 - Hall of Fame: [0.0, 0.0, 0.0, 0.5, 0.5]
2017-12-15 17:06:42,373 - GA Estimate: 768.0
2017-12-15 17:06:42,373 - Observed Value: 728.0
2017-12-15 17:06:42,373 - Processing line number: 1999
2017-12-15 17:06:48,216 - 
gen	nevals
0  	31    
2017-12-15 17:08:05,825 - Best Individual didn't change. Stopping evolution
2017-12-15 17:08:05,826 - Hall of Fame: [0.0, 0.0, 0.0, 0.5, 0.5]
2017-12-15 17:08:05,828 - GA Estimate: 722.0
2017-12-15 17:08:05,828 - Observed Value: 883.0
2017-12-15 17:08:05,829 - Processing line number: 2000
2017-12-15 17:08:11,451 - 
gen	nevals
0  	31    
2017-12-15 17:09:24,825 - Best Individual didn't change. Stopping evolution
2017-12-15 17:09:24,826 - Hall of Fame: [0.0, 0.0, 0.0, 0.5, 0.5]
2017-12-15 17:09:24,828 - GA Estimate: 866.0
2017-12-15 17:09:24,828 - Observed Value: 849.0
2017-12-15 17:09:24,829 - Processing line number: 2001
2017-12-15 17:09:30,850 - 
gen	nevals
0  	31    
2017-12-15 17:10:48,982 - Best Individual didn't change. Stopping evolution
2017-12-15 17:10:48,984 - Hall of Fame: [0.0, 0.0, 0.0, 0.5, 0.5]
2017-12-15 17:10:48,990 - GA Estimate: 902.0
2017-12-15 17:10:48,990 - Observed Value: 1021.0
2017-12-15 17:10:48,990 - Processing line number: 2002
2017-12-15 17:10:54,498 - 
gen	nevals
0  	31    
2017-12-15 17:12:12,237 - Best Individual didn't change. Stopping evolution
2017-12-15 17:12:12,318 - Hall of Fame: [0.0, 0.0, 0.0, 0.5, 0.5]
2017-12-15 17:12:12,321 - GA Estimate: 998.0
2017-12-15 17:12:12,321 - Observed Value: 1146.0
2017-12-15 17:12:12,374 - Processing line number: 2003
2017-12-15 17:12:17,751 - 
gen	nevals
0  	31    
2017-12-15 17:13:34,435 - Best Individual didn't change. Stopping evolution
2017-12-15 17:13:34,436 - Hall of Fame: [0.0, 0.0, 0.0, 0.5, 0.5]
2017-12-15 17:13:34,439 - GA Estimate: 1180.0
2017-12-15 17:13:34,439 - Observed Value: 1252.0
2017-12-15 17:13:34,554 - Processing line number: 2004
2017-12-15 17:13:40,399 - 
gen	nevals
0  	31    
2017-12-15 17:14:56,957 - Best Individual didn't change. Stopping evolution
2017-12-15 17:14:56,958 - Hall of Fame: [0.0, 0.0, 0.0, 0.5, 0.5]
2017-12-15 17:14:56,961 - GA Estimate: 1316.0
2017-12-15 17:14:56,961 - Observed Value: 1174.0
2017-12-15 17:14:56,962 - Processing line number: 2005
2017-12-15 17:15:02,427 - 
gen	nevals
0  	31    
2017-12-15 17:16:20,451 - Best Individual didn't change. Stopping evolution
2017-12-15 17:16:20,452 - Hall of Fame: [0.0, 0.0, 0.0, 0.5, 0.5]
2017-12-15 17:16:20,527 - GA Estimate: 1220.0
2017-12-15 17:16:20,527 - Observed Value: 1336.0
2017-12-15 17:16:20,554 - Processing line number: 2006
2017-12-15 17:16:26,063 - 
gen	nevals
0  	31    
2017-12-15 17:17:45,173 - Best Individual didn't change. Stopping evolution
2017-12-15 17:17:45,258 - Hall of Fame: [0.0, 0.0, 0.0, 0.5, 0.5]
2017-12-15 17:17:45,261 - GA Estimate: 1332.0
2017-12-15 17:17:45,261 - Observed Value: 1288.0
2017-12-15 17:17:45,358 - Processing line number: 2007
2017-12-15 17:17:51,097 - 
gen	nevals
0  	31    
2017-12-15 17:19:10,688 - Best Individual didn't change. Stopping evolution
2017-12-15 17:19:10,735 - Hall of Fame: [0.0, 0.0, 0.0, 0.5, 0.5]
2017-12-15 17:19:10,737 - GA Estimate: 1330.0
2017-12-15 17:19:10,737 - Observed Value: 1362.0
2017-12-15 17:19:10,822 - Processing line number: 2008
2017-12-15 17:19:16,544 - 
gen	nevals
0  	31    
2017-12-15 17:20:34,381 - Best Individual didn't change. Stopping evolution
2017-12-15 17:20:34,382 - Hall of Fame: [0.0, 0.0, 0.0, 0.5, 0.5]
2017-12-15 17:20:34,385 - GA Estimate: 1366.0
2017-12-15 17:20:34,385 - Observed Value: 1504.0
2017-12-15 17:20:34,385 - Processing line number: 2009
2017-12-15 17:20:40,012 - 
gen	nevals
0  	31    
2017-12-15 17:22:01,712 - Best Individual didn't change. Stopping evolution
2017-12-15 17:22:01,713 - Hall of Fame: [0.0, 0.0, 0.0, 0.5, 0.5]
2017-12-15 17:22:01,796 - GA Estimate: 1508.0
2017-12-15 17:22:01,796 - Observed Value: 1331.0
2017-12-15 17:22:01,854 - Processing line number: 2010
2017-12-15 17:22:07,579 - 
gen	nevals
0  	31    
2017-12-15 17:23:24,522 - Best Individual didn't change. Stopping evolution
2017-12-15 17:23:24,523 - Hall of Fame: [0.0, 0.0, 0.0, 0.5, 0.5]
2017-12-15 17:23:24,622 - GA Estimate: 1397.0
2017-12-15 17:23:24,622 - Observed Value: 1213.0
2017-12-15 17:23:24,646 - Processing line number: 2011
2017-12-15 17:23:30,288 - 
gen	nevals
0  	31    
2017-12-15 17:24:45,863 - Best Individual didn't change. Stopping evolution
2017-12-15 17:24:45,864 - Hall of Fame: [0.0, 0.0, 0.0, 0.5, 0.5]
2017-12-15 17:24:45,866 - GA Estimate: 1198.0
2017-12-15 17:24:45,866 - Observed Value: 1232.0
2017-12-15 17:24:45,866 - Processing line number: 2012
2017-12-15 17:24:51,815 - 
gen	nevals
0  	31    
2017-12-15 17:26:07,494 - Best Individual didn't change. Stopping evolution
2017-12-15 17:26:07,495 - Hall of Fame: [0.0, 0.0, 0.0, 0.5, 0.5]
2017-12-15 17:26:07,497 - GA Estimate: 1195.0
2017-12-15 17:26:07,497 - Observed Value: 1178.0
2017-12-15 17:26:07,497 - Processing line number: 2013
2017-12-15 17:26:13,517 - 
gen	nevals
0  	31    
2017-12-15 17:27:30,902 - Best Individual didn't change. Stopping evolution
2017-12-15 17:27:30,903 - Hall of Fame: [0.0, 0.0, 0.0, 0.5, 0.5]
2017-12-15 17:27:30,905 - GA Estimate: 1164.0
2017-12-15 17:27:30,905 - Observed Value: 1192.0
2017-12-15 17:27:30,906 - Processing line number: 2014
2017-12-15 17:27:36,790 - 
gen	nevals
0  	31    
2017-12-15 17:28:53,845 - Best Individual didn't change. Stopping evolution
2017-12-15 17:28:53,846 - Hall of Fame: [0.0, 0.0, 0.0, 0.5, 0.5]
2017-12-15 17:28:53,848 - GA Estimate: 1171.0
2017-12-15 17:28:53,848 - Observed Value: 1106.0
2017-12-15 17:28:53,854 - Processing line number: 2015
2017-12-15 17:28:59,866 - 
gen	nevals
0  	31    
2017-12-15 17:30:16,583 - Best Individual didn't change. Stopping evolution
2017-12-15 17:30:16,584 - Hall of Fame: [0.0, 0.0, 0.0, 0.5, 0.5]
2017-12-15 17:30:16,587 - GA Estimate: 1093.0
2017-12-15 17:30:16,587 - Observed Value: 901.0
2017-12-15 17:30:16,587 - Processing line number: 2016
2017-12-15 17:30:22,142 - 
gen	nevals
0  	31    
2017-12-15 17:31:36,522 - Best Individual didn't change. Stopping evolution
2017-12-15 17:31:36,523 - Hall of Fame: [0.0, 0.0, 0.0, 0.5, 0.5]
2017-12-15 17:31:36,525 - GA Estimate: 890.0
2017-12-15 17:31:36,525 - Observed Value: 879.0
2017-12-15 17:31:36,526 - Processing line number: 2017
2017-12-15 17:31:42,267 - 
gen	nevals
0  	31    
2017-12-15 17:33:00,600 - Best Individual didn't change. Stopping evolution
2017-12-15 17:33:00,601 - Hall of Fame: [0.0, 0.0, 0.0, 0.5, 0.5]
2017-12-15 17:33:00,603 - GA Estimate: 809.0
2017-12-15 17:33:00,603 - Observed Value: 783.0
2017-12-15 17:33:00,604 - Processing line number: 2018
2017-12-15 17:33:06,438 - 
gen	nevals
0  	31    
2017-12-15 17:34:25,622 - Best Individual didn't change. Stopping evolution
2017-12-15 17:34:25,623 - Hall of Fame: [0.0, 0.0, 0.0, 0.5, 0.5]
2017-12-15 17:34:25,626 - GA Estimate: 767.0
2017-12-15 17:34:25,626 - Observed Value: 864.0
2017-12-15 17:34:25,626 - Processing line number: 2019
2017-12-15 17:34:31,434 - 
gen	nevals
0  	31    
2017-12-15 17:35:46,979 - Best Individual didn't change. Stopping evolution
2017-12-15 17:35:46,980 - Hall of Fame: [0.0, 0.0, 0.0, 0.5, 0.5]
2017-12-15 17:35:46,982 - GA Estimate: 829.0
2017-12-15 17:35:46,982 - Observed Value: 832.0
2017-12-15 17:35:46,983 - Processing line number: 2020
2017-12-15 17:35:52,921 - 
gen	nevals
0  	31    
2017-12-15 17:37:10,612 - Best Individual didn't change. Stopping evolution
2017-12-15 17:37:10,613 - Hall of Fame: [0.0, 0.0, 0.0, 0.5, 0.5]
2017-12-15 17:37:10,683 - GA Estimate: 841.0
2017-12-15 17:37:10,684 - Observed Value: 788.0
2017-12-15 17:37:10,726 - Processing line number: 2021
2017-12-15 17:37:16,565 - 
gen	nevals
0  	31    
2017-12-15 17:38:32,277 - Best Individual didn't change. Stopping evolution
2017-12-15 17:38:32,278 - Hall of Fame: [0.0, 0.0, 0.0, 0.5, 0.5]
2017-12-15 17:38:32,280 - GA Estimate: 788.0
2017-12-15 17:38:32,280 - Observed Value: 781.0
2017-12-15 17:38:32,280 - Processing line number: 2022
2017-12-15 17:38:38,329 - 
gen	nevals
0  	31    
2017-12-15 17:39:56,448 - Best Individual didn't change. Stopping evolution
2017-12-15 17:39:56,449 - Hall of Fame: [0.0, 0.0, 0.0, 0.5, 0.5]
2017-12-15 17:39:56,452 - GA Estimate: 760.0
2017-12-15 17:39:56,452 - Observed Value: 730.0
2017-12-15 17:39:56,453 - Processing line number: 2023
2017-12-15 17:40:02,332 - 
gen	nevals
0  	31    
2017-12-15 17:41:19,913 - Best Individual didn't change. Stopping evolution
2017-12-15 17:41:20,034 - Hall of Fame: [0.0, 0.0, 0.0, 0.5, 0.5]
2017-12-15 17:41:20,036 - GA Estimate: 732.0
2017-12-15 17:41:20,036 - Observed Value: 889.0
2017-12-15 17:41:20,098 - Processing line number: 2024
2017-12-15 17:41:25,977 - 
gen	nevals
0  	31    
2017-12-15 17:42:41,309 - Best Individual didn't change. Stopping evolution
2017-12-15 17:42:41,310 - Hall of Fame: [0.0, 0.0, 0.0, 0.5, 0.5]
2017-12-15 17:42:41,313 - GA Estimate: 870.0
2017-12-15 17:42:41,313 - Observed Value: 851.0
2017-12-15 17:42:41,313 - Processing line number: 2025
2017-12-15 17:42:47,144 - 
gen	nevals
0  	31    
2017-12-15 17:44:03,217 - Best Individual didn't change. Stopping evolution
2017-12-15 17:44:03,218 - Hall of Fame: [0.0, 0.0, 0.0, 0.5, 0.5]
2017-12-15 17:44:03,221 - GA Estimate: 878.0
2017-12-15 17:44:03,221 - Observed Value: 1023.0
2017-12-15 17:44:03,222 - Processing line number: 2026
2017-12-15 17:44:09,218 - 
gen	nevals
0  	31    
2017-12-15 17:45:24,294 - Best Individual didn't change. Stopping evolution
2017-12-15 17:45:24,295 - Hall of Fame: [0.0, 0.0, 0.0, 0.5, 0.5]
2017-12-15 17:45:24,297 - GA Estimate: 1001.0
2017-12-15 17:45:24,298 - Observed Value: 1149.0
2017-12-15 17:45:24,398 - Processing line number: 2027
2017-12-15 17:45:30,423 - 
gen	nevals
0  	31    
2017-12-15 17:46:45,836 - Best Individual didn't change. Stopping evolution
2017-12-15 17:46:45,837 - Hall of Fame: [0.0, 0.0, 0.0, 0.5, 0.5]
2017-12-15 17:46:45,840 - GA Estimate: 1187.0
2017-12-15 17:46:45,840 - Observed Value: 1258.0
2017-12-15 17:46:45,840 - Processing line number: 2028
2017-12-15 17:46:51,852 - 
gen	nevals
0  	31    
2017-12-15 17:48:07,667 - Best Individual didn't change. Stopping evolution
2017-12-15 17:48:07,668 - Hall of Fame: [0.0, 0.0, 0.0, 0.5, 0.5]
2017-12-15 17:48:07,670 - GA Estimate: 1322.0
2017-12-15 17:48:07,670 - Observed Value: 1182.0
2017-12-15 17:48:07,671 - Processing line number: 2029
2017-12-15 17:48:13,584 - 
gen	nevals
0  	31    
2017-12-15 17:49:32,069 - Best Individual didn't change. Stopping evolution
2017-12-15 17:49:32,070 - Hall of Fame: [0.0, 0.0, 0.0, 0.5, 0.5]
2017-12-15 17:49:32,072 - GA Estimate: 1228.0
2017-12-15 17:49:32,072 - Observed Value: 1347.0
2017-12-15 17:49:32,198 - Processing line number: 2030
2017-12-15 17:49:38,130 - 
gen	nevals
0  	31    
2017-12-15 17:51:00,489 - Best Individual didn't change. Stopping evolution
2017-12-15 17:51:00,507 - Hall of Fame: [0.0, 0.0, 0.0, 0.5, 0.5]
2017-12-15 17:51:00,509 - GA Estimate: 1344.0
2017-12-15 17:51:00,509 - Observed Value: 1295.0
2017-12-15 17:51:00,510 - Processing line number: 2031
2017-12-15 17:51:08,226 - 
gen	nevals
0  	31    
2017-12-15 17:52:28,733 - Best Individual didn't change. Stopping evolution
2017-12-15 17:52:28,734 - Hall of Fame: [0.0, 0.0, 0.0, 0.5, 0.5]
2017-12-15 17:52:28,736 - GA Estimate: 1338.0
2017-12-15 17:52:28,736 - Observed Value: 1368.0
2017-12-15 17:52:28,736 - Processing line number: 2032
2017-12-15 17:52:34,864 - 
gen	nevals
0  	31    
2017-12-15 17:53:54,426 - Best Individual didn't change. Stopping evolution
2017-12-15 17:53:54,427 - Hall of Fame: [0.0, 0.0, 0.0, 0.5, 0.5]
2017-12-15 17:53:54,429 - GA Estimate: 1372.0
2017-12-15 17:53:54,429 - Observed Value: 1514.0
2017-12-15 17:53:54,430 - Processing line number: 2033
2017-12-15 17:54:00,302 - 
gen	nevals
0  	31    
2017-12-15 17:55:19,080 - Best Individual didn't change. Stopping evolution
2017-12-15 17:55:19,081 - Hall of Fame: [0.0, 0.0, 0.0, 0.5, 0.5]
2017-12-15 17:55:19,172 - GA Estimate: 1518.0
2017-12-15 17:55:19,238 - Observed Value: 1332.0
2017-12-15 17:55:19,242 - Processing line number: 2034
2017-12-15 17:55:25,248 - 
gen	nevals
0  	31    
2017-12-15 17:56:43,477 - Best Individual didn't change. Stopping evolution
2017-12-15 17:56:43,478 - Hall of Fame: [0.0, 0.0, 0.0, 0.5, 0.5]
2017-12-15 17:56:43,480 - GA Estimate: 1399.0
2017-12-15 17:56:43,480 - Observed Value: 1220.0
2017-12-15 17:56:43,486 - Processing line number: 2035
2017-12-15 17:56:49,079 - 
gen	nevals
0  	31    
2017-12-15 17:58:06,053 - Best Individual didn't change. Stopping evolution
2017-12-15 17:58:06,054 - Hall of Fame: [0.0, 0.0, 0.0, 0.5, 0.5]
2017-12-15 17:58:06,156 - GA Estimate: 1222.0
2017-12-15 17:58:06,156 - Observed Value: 1232.0
2017-12-15 17:58:06,208 - Processing line number: 2036
2017-12-15 17:58:12,189 - 
gen	nevals
0  	31    
2017-12-15 17:59:28,323 - Best Individual didn't change. Stopping evolution
2017-12-15 17:59:28,324 - Hall of Fame: [0.0, 0.0, 0.0, 0.5, 0.5]
2017-12-15 17:59:28,326 - GA Estimate: 1196.0
2017-12-15 17:59:28,326 - Observed Value: 1178.0
2017-12-15 17:59:28,327 - Processing line number: 2037
2017-12-15 17:59:34,108 - 
gen	nevals
0  	31    
2017-12-15 18:00:51,214 - Best Individual didn't change. Stopping evolution
2017-12-15 18:00:51,215 - Hall of Fame: [0.0, 0.0, 0.0, 0.5, 0.5]
2017-12-15 18:00:51,217 - GA Estimate: 1162.0
2017-12-15 18:00:51,217 - Observed Value: 1195.0
2017-12-15 18:00:51,218 - Processing line number: 2038
2017-12-15 18:00:57,071 - 
gen	nevals
0  	31    
2017-12-15 18:02:13,632 - Best Individual didn't change. Stopping evolution
2017-12-15 18:02:13,633 - Hall of Fame: [0.0, 0.0, 0.0, 0.5, 0.5]
2017-12-15 18:02:13,635 - GA Estimate: 1177.0
2017-12-15 18:02:13,635 - Observed Value: 1108.0
2017-12-15 18:02:13,636 - Processing line number: 2039
2017-12-15 18:02:19,826 - 
gen	nevals
0  	31    
2017-12-15 18:03:38,925 - Best Individual didn't change. Stopping evolution
2017-12-15 18:03:38,926 - Hall of Fame: [0.0, 0.0, 0.0, 0.5, 0.5]
2017-12-15 18:03:39,004 - GA Estimate: 1096.0
2017-12-15 18:03:39,004 - Observed Value: 903.0
2017-12-15 18:03:39,073 - Processing line number: 2040
2017-12-15 18:03:44,721 - 
gen	nevals
0  	31    
2017-12-15 18:05:00,908 - Best Individual didn't change. Stopping evolution
2017-12-15 18:05:00,909 - Hall of Fame: [0.0, 0.0, 0.0, 0.5, 0.5]
2017-12-15 18:05:00,911 - GA Estimate: 880.0
2017-12-15 18:05:00,911 - Observed Value: 879.0
2017-12-15 18:05:00,912 - Processing line number: 2041
2017-12-15 18:05:06,636 - 
gen	nevals
0  	31    
2017-12-15 18:06:23,043 - Best Individual didn't change. Stopping evolution
2017-12-15 18:06:23,044 - Hall of Fame: [0.0, 0.0, 0.0, 0.5, 0.5]
2017-12-15 18:06:23,046 - GA Estimate: 818.0
2017-12-15 18:06:23,046 - Observed Value: 788.0
2017-12-15 18:06:23,047 - Processing line number: 2042
2017-12-15 18:06:29,158 - 
gen	nevals
0  	31    
2017-12-15 18:07:46,814 - Best Individual didn't change. Stopping evolution
2017-12-15 18:07:46,815 - Hall of Fame: [0.0, 0.0, 0.0, 0.5, 0.5]
2017-12-15 18:07:46,817 - GA Estimate: 756.0
2017-12-15 18:07:46,817 - Observed Value: 869.0
2017-12-15 18:07:46,818 - Processing line number: 2043
2017-12-15 18:07:52,521 - 
gen	nevals
0  	31    
2017-12-15 18:09:09,913 - Best Individual didn't change. Stopping evolution
2017-12-15 18:09:09,914 - Hall of Fame: [0.0, 0.0, 0.0, 0.5, 0.5]
2017-12-15 18:09:09,916 - GA Estimate: 836.0
2017-12-15 18:09:09,916 - Observed Value: 833.0
2017-12-15 18:09:09,917 - Processing line number: 2044
2017-12-15 18:09:15,796 - 
gen	nevals
0  	31    
2017-12-15 18:10:36,392 - Best Individual didn't change. Stopping evolution
2017-12-15 18:10:36,393 - Hall of Fame: [0.0, 0.0, 0.0, 0.5, 0.5]
2017-12-15 18:10:36,395 - GA Estimate: 840.0
2017-12-15 18:10:36,395 - Observed Value: 788.0
2017-12-15 18:10:36,396 - Processing line number: 2045
2017-12-15 18:10:42,108 - 
gen	nevals
0  	31    
2017-12-15 18:11:58,615 - Best Individual didn't change. Stopping evolution
2017-12-15 18:11:58,616 - Hall of Fame: [0.0, 0.0, 0.0, 0.5, 0.5]
2017-12-15 18:11:58,618 - GA Estimate: 788.0
2017-12-15 18:11:58,618 - Observed Value: 783.0
2017-12-15 18:11:58,619 - Processing line number: 2046
2017-12-15 18:12:04,492 - 
gen	nevals
0  	31    
2017-12-15 18:13:22,937 - Best Individual didn't change. Stopping evolution
2017-12-15 18:13:22,938 - Hall of Fame: [0.0, 0.0, 0.0, 0.5, 0.5]
2017-12-15 18:13:22,940 - GA Estimate: 758.0
2017-12-15 18:13:22,940 - Observed Value: 738.0
2017-12-15 18:13:22,941 - Processing line number: 2047
2017-12-15 18:13:28,592 - 
gen	nevals
0  	31    
2017-12-15 18:14:46,871 - Best Individual didn't change. Stopping evolution
2017-12-15 18:14:46,872 - Hall of Fame: [0.0, 0.0, 0.0, 0.5, 0.5]
2017-12-15 18:14:46,874 - GA Estimate: 740.0
2017-12-15 18:14:46,874 - Observed Value: 940.0
2017-12-15 18:14:46,874 - Processing line number: 2048
2017-12-15 18:14:52,676 - 
gen	nevals
0  	31    
2017-12-15 18:16:10,960 - Best Individual didn't change. Stopping evolution
2017-12-15 18:16:10,961 - Hall of Fame: [0.0, 0.0, 0.0, 0.5, 0.5]
2017-12-15 18:16:10,964 - GA Estimate: 924.0
2017-12-15 18:16:10,964 - Observed Value: 852.0
2017-12-15 18:16:10,964 - Processing line number: 2049
2017-12-15 18:16:16,680 - 
gen	nevals
0  	31    
2017-12-15 18:17:35,788 - Best Individual didn't change. Stopping evolution
2017-12-15 18:17:35,789 - Hall of Fame: [0.0, 0.0, 0.0, 0.5, 0.5]
2017-12-15 18:17:35,791 - GA Estimate: 918.0
2017-12-15 18:17:35,791 - Observed Value: 1031.0
2017-12-15 18:17:35,792 - Processing line number: 2050
2017-12-15 18:17:41,593 - 
gen	nevals
0  	31    
2017-12-15 18:19:02,505 - Best Individual didn't change. Stopping evolution
2017-12-15 18:19:02,506 - Hall of Fame: [0.0, 0.0, 0.0, 0.5, 0.5]
2017-12-15 18:19:02,508 - GA Estimate: 988.0
2017-12-15 18:19:02,508 - Observed Value: 1151.0
2017-12-15 18:19:02,509 - Processing line number: 2051
2017-12-15 18:19:08,714 - 
gen	nevals
0  	31    
2017-12-15 18:20:24,411 - Best Individual didn't change. Stopping evolution
2017-12-15 18:20:24,412 - Hall of Fame: [0.0, 0.0, 0.0, 0.5, 0.5]
2017-12-15 18:20:24,414 - GA Estimate: 1185.0
2017-12-15 18:20:24,414 - Observed Value: 1261.0
2017-12-15 18:20:24,415 - Processing line number: 2052
2017-12-15 18:20:30,322 - 
gen	nevals
0  	31    
2017-12-15 18:21:47,833 - Best Individual didn't change. Stopping evolution
2017-12-15 18:21:47,834 - Hall of Fame: [0.0, 0.0, 0.0, 0.5, 0.5]
2017-12-15 18:21:47,836 - GA Estimate: 1328.0
2017-12-15 18:21:47,836 - Observed Value: 1197.0
2017-12-15 18:21:47,837 - Processing line number: 2053
2017-12-15 18:21:54,022 - 
gen	nevals
0  	31    
2017-12-15 18:23:12,751 - Best Individual didn't change. Stopping evolution
2017-12-15 18:23:12,752 - Hall of Fame: [0.0, 0.0, 0.0, 0.5, 0.5]
2017-12-15 18:23:12,754 - GA Estimate: 1242.0
2017-12-15 18:23:12,754 - Observed Value: 1355.0
2017-12-15 18:23:12,755 - Processing line number: 2054
2017-12-15 18:23:18,498 - 
gen	nevals
0  	31    
2017-12-15 18:24:35,577 - Best Individual didn't change. Stopping evolution
2017-12-15 18:24:35,663 - Hall of Fame: [0.0, 0.0, 0.0, 0.5, 0.5]
2017-12-15 18:24:35,665 - GA Estimate: 1355.0
2017-12-15 18:24:35,665 - Observed Value: 1299.0
2017-12-15 18:24:35,758 - Processing line number: 2055
2017-12-15 18:24:41,545 - 
gen	nevals
0  	31    
2017-12-15 18:25:59,486 - Best Individual didn't change. Stopping evolution
2017-12-15 18:25:59,487 - Hall of Fame: [0.0, 0.0, 0.0, 0.5, 0.5]
2017-12-15 18:25:59,490 - GA Estimate: 1322.0
2017-12-15 18:25:59,490 - Observed Value: 1374.0
2017-12-15 18:25:59,490 - Processing line number: 2056
2017-12-15 18:26:05,663 - 
gen	nevals
0  	31    
2017-12-15 18:27:21,951 - Best Individual didn't change. Stopping evolution
2017-12-15 18:27:21,952 - Hall of Fame: [0.0, 0.0, 0.0, 0.5, 0.5]
2017-12-15 18:27:21,955 - GA Estimate: 1376.0
2017-12-15 18:27:21,955 - Observed Value: 1516.0
2017-12-15 18:27:21,990 - Processing line number: 2057
2017-12-15 18:27:27,997 - 
gen	nevals
0  	31    
2017-12-15 18:28:49,481 - Best Individual didn't change. Stopping evolution
2017-12-15 18:28:49,482 - Hall of Fame: [0.0, 0.0, 0.0, 0.5, 0.5]
2017-12-15 18:28:49,484 - GA Estimate: 1522.0
2017-12-15 18:28:49,484 - Observed Value: 1333.0
2017-12-15 18:28:49,484 - Processing line number: 2058
2017-12-15 18:28:55,444 - 
gen	nevals
0  	31    
2017-12-15 18:30:14,438 - Best Individual didn't change. Stopping evolution
2017-12-15 18:30:14,439 - Hall of Fame: [0.0, 0.0, 0.0, 0.5, 0.5]
2017-12-15 18:30:14,441 - GA Estimate: 1397.0
2017-12-15 18:30:14,442 - Observed Value: 1227.0
2017-12-15 18:30:14,442 - Processing line number: 2059
2017-12-15 18:30:20,232 - 
gen	nevals
0  	31    
2017-12-15 18:31:39,447 - Best Individual didn't change. Stopping evolution
2017-12-15 18:31:39,448 - Hall of Fame: [0.0, 0.0, 0.0, 0.5, 0.5]
2017-12-15 18:31:39,537 - GA Estimate: 1228.0
2017-12-15 18:31:39,537 - Observed Value: 1232.0
2017-12-15 18:31:39,542 - Processing line number: 2060
2017-12-15 18:31:45,370 - 
gen	nevals
0  	31    
2017-12-15 18:33:04,423 - Best Individual didn't change. Stopping evolution
2017-12-15 18:33:04,424 - Hall of Fame: [0.0, 0.0, 0.0, 0.5, 0.5]
2017-12-15 18:33:04,426 - GA Estimate: 1210.0
2017-12-15 18:33:04,426 - Observed Value: 1179.0
2017-12-15 18:33:04,427 - Processing line number: 2061
2017-12-15 18:33:10,107 - 
gen	nevals
0  	31    
2017-12-15 18:34:27,564 - Best Individual didn't change. Stopping evolution
2017-12-15 18:34:27,565 - Hall of Fame: [0.0, 0.0, 0.0, 0.5, 0.5]
2017-12-15 18:34:27,575 - GA Estimate: 1186.0
2017-12-15 18:34:27,575 - Observed Value: 1197.0
2017-12-15 18:34:27,634 - Processing line number: 2062
2017-12-15 18:34:33,363 - 
gen	nevals
0  	31    
2017-12-15 18:35:49,789 - Best Individual didn't change. Stopping evolution
2017-12-15 18:35:49,790 - Hall of Fame: [0.0, 0.0, 0.0, 0.5, 0.5]
2017-12-15 18:35:49,792 - GA Estimate: 1180.0
2017-12-15 18:35:49,792 - Observed Value: 1109.0
2017-12-15 18:35:49,793 - Processing line number: 2063
2017-12-15 18:35:55,431 - 
gen	nevals
0  	31    
2017-12-15 18:37:12,174 - Best Individual didn't change. Stopping evolution
2017-12-15 18:37:12,175 - Hall of Fame: [0.0, 0.0, 0.0, 0.5, 0.5]
2017-12-15 18:37:12,178 - GA Estimate: 1099.0
2017-12-15 18:37:12,182 - Observed Value: 913.0
2017-12-15 18:37:12,182 - Processing line number: 2064
2017-12-15 18:37:18,081 - 
gen	nevals
0  	31    
2017-12-15 18:38:34,820 - Best Individual didn't change. Stopping evolution
2017-12-15 18:38:34,821 - Hall of Fame: [0.0, 0.0, 0.0, 0.5, 0.5]
2017-12-15 18:38:34,824 - GA Estimate: 890.0
2017-12-15 18:38:34,824 - Observed Value: 880.0
2017-12-15 18:38:34,824 - Processing line number: 2065
2017-12-15 18:38:41,052 - 
gen	nevals
0  	31    
2017-12-15 18:39:57,533 - Best Individual didn't change. Stopping evolution
2017-12-15 18:39:57,534 - Hall of Fame: [0.0, 0.0, 0.0, 0.5, 0.5]
2017-12-15 18:39:57,537 - GA Estimate: 822.0
2017-12-15 18:39:57,537 - Observed Value: 789.0
2017-12-15 18:39:57,537 - Processing line number: 2066
2017-12-15 18:40:03,247 - 
gen	nevals
0  	31    
2017-12-15 18:41:19,797 - Best Individual didn't change. Stopping evolution
2017-12-15 18:41:19,798 - Hall of Fame: [0.0, 0.0, 0.0, 0.5, 0.5]
2017-12-15 18:41:19,801 - GA Estimate: 770.0
2017-12-15 18:41:19,801 - Observed Value: 876.0
2017-12-15 18:41:19,802 - Processing line number: 2067
2017-12-15 18:41:25,776 - 
gen	nevals
0  	31    
2017-12-15 18:42:42,265 - Best Individual didn't change. Stopping evolution
2017-12-15 18:42:42,266 - Hall of Fame: [0.0, 0.0, 0.0, 0.5, 0.5]
2017-12-15 18:42:42,269 - GA Estimate: 842.0
2017-12-15 18:42:42,269 - Observed Value: 844.0
2017-12-15 18:42:42,332 - Processing line number: 2068
2017-12-15 18:42:48,111 - 
gen	nevals
0  	31    
2017-12-15 18:44:03,830 - Best Individual didn't change. Stopping evolution
2017-12-15 18:44:03,832 - Hall of Fame: [0.0, 0.0, 0.0, 0.5, 0.5]
2017-12-15 18:44:03,834 - GA Estimate: 856.0
2017-12-15 18:44:03,834 - Observed Value: 789.0
2017-12-15 18:44:03,834 - Processing line number: 2069
2017-12-15 18:44:09,606 - 
gen	nevals
0  	31    
2017-12-15 18:45:30,197 - Best Individual didn't change. Stopping evolution
2017-12-15 18:45:30,198 - Hall of Fame: [0.0, 0.0, 0.0, 0.5, 0.5]
2017-12-15 18:45:30,201 - GA Estimate: 790.0
2017-12-15 18:45:30,201 - Observed Value: 789.0
2017-12-15 18:45:30,201 - Processing line number: 2070
2017-12-15 18:45:36,154 - 
gen	nevals
0  	31    
2017-12-15 18:46:55,316 - Best Individual didn't change. Stopping evolution
2017-12-15 18:46:55,317 - Hall of Fame: [0.0, 0.0, 0.0, 0.5, 0.5]
2017-12-15 18:46:55,319 - GA Estimate: 763.0
2017-12-15 18:46:55,319 - Observed Value: 741.0
2017-12-15 18:46:55,320 - Processing line number: 2071
2017-12-15 18:47:01,555 - 
gen	nevals
0  	31    
2017-12-15 18:48:19,454 - Best Individual didn't change. Stopping evolution
2017-12-15 18:48:19,455 - Hall of Fame: [0.0, 0.0, 0.0, 0.5, 0.5]
2017-12-15 18:48:19,457 - GA Estimate: 744.0
2017-12-15 18:48:19,457 - Observed Value: 954.0
2017-12-15 18:48:19,558 - Processing line number: 2072
2017-12-15 18:48:25,297 - 
gen	nevals
0  	31    
2017-12-15 18:49:42,969 - Best Individual didn't change. Stopping evolution
2017-12-15 18:49:42,970 - Hall of Fame: [0.0, 0.0, 0.0, 0.5, 0.5]
2017-12-15 18:49:42,972 - GA Estimate: 930.0
2017-12-15 18:49:42,973 - Observed Value: 873.0
2017-12-15 18:49:42,978 - Processing line number: 2073
2017-12-15 18:49:48,683 - 
gen	nevals
0  	31    
2017-12-15 18:51:07,987 - Best Individual didn't change. Stopping evolution
2017-12-15 18:51:07,989 - Hall of Fame: [0.0, 0.0, 0.0, 0.5, 0.5]
2017-12-15 18:51:07,991 - GA Estimate: 912.0
2017-12-15 18:51:07,991 - Observed Value: 1039.0
2017-12-15 18:51:07,992 - Processing line number: 2074
2017-12-15 18:51:13,851 - 
gen	nevals
0  	31    
2017-12-15 18:52:31,894 - Best Individual didn't change. Stopping evolution
2017-12-15 18:52:31,895 - Hall of Fame: [0.0, 0.0, 0.0, 0.5, 0.5]
2017-12-15 18:52:31,998 - GA Estimate: 1020.0
2017-12-15 18:52:31,998 - Observed Value: 1154.0
2017-12-15 18:52:32,009 - Processing line number: 2075
2017-12-15 18:52:37,649 - 
gen	nevals
0  	31    
2017-12-15 18:53:55,541 - Best Individual didn't change. Stopping evolution
2017-12-15 18:53:55,542 - Hall of Fame: [0.0, 0.0, 0.0, 0.5, 0.5]
2017-12-15 18:53:55,544 - GA Estimate: 1192.0
2017-12-15 18:53:55,544 - Observed Value: 1266.0
2017-12-15 18:53:55,545 - Processing line number: 2076
2017-12-15 18:54:01,356 - 
gen	nevals
0  	31    
2017-12-15 18:55:17,817 - Best Individual didn't change. Stopping evolution
2017-12-15 18:55:17,819 - Hall of Fame: [0.0, 0.0, 0.0, 0.5, 0.5]
2017-12-15 18:55:17,821 - GA Estimate: 1326.0
2017-12-15 18:55:17,821 - Observed Value: 1201.0
2017-12-15 18:55:17,894 - Processing line number: 2077
2017-12-15 18:55:23,835 - 
gen	nevals
0  	31    
2017-12-15 18:56:40,112 - Best Individual didn't change. Stopping evolution
2017-12-15 18:56:40,112 - Hall of Fame: [0.0, 0.0, 0.0, 0.5, 0.5]
2017-12-15 18:56:40,115 - GA Estimate: 1248.0
2017-12-15 18:56:40,115 - Observed Value: 1364.0
2017-12-15 18:56:40,115 - Processing line number: 2078
2017-12-15 18:56:45,677 - 
gen	nevals
0  	31    
2017-12-15 18:58:02,449 - Best Individual didn't change. Stopping evolution
2017-12-15 18:58:02,450 - Hall of Fame: [0.0, 0.0, 0.0, 0.5, 0.5]
2017-12-15 18:58:02,452 - GA Estimate: 1373.0
2017-12-15 18:58:02,452 - Observed Value: 1306.0
2017-12-15 18:58:02,453 - Processing line number: 2079
2017-12-15 18:58:08,177 - 
gen	nevals
0  	31    
2017-12-15 18:59:23,893 - Best Individual didn't change. Stopping evolution
2017-12-15 18:59:23,894 - Hall of Fame: [0.0, 0.0, 0.0, 0.5, 0.5]
2017-12-15 18:59:23,896 - GA Estimate: 1328.0
2017-12-15 18:59:23,897 - Observed Value: 1381.0
2017-12-15 18:59:23,897 - Processing line number: 2080
2017-12-15 18:59:29,715 - 
gen	nevals
0  	31    
2017-12-15 19:00:44,844 - Best Individual didn't change. Stopping evolution
2017-12-15 19:00:44,845 - Hall of Fame: [0.0, 0.0, 0.0, 0.5, 0.5]
2017-12-15 19:00:44,848 - GA Estimate: 1383.0
2017-12-15 19:00:44,848 - Observed Value: 1522.0
2017-12-15 19:00:44,848 - Processing line number: 2081
2017-12-15 19:00:50,691 - 
gen	nevals
0  	31    
2017-12-15 19:02:10,223 - Best Individual didn't change. Stopping evolution
2017-12-15 19:02:10,224 - Hall of Fame: [0.0, 0.0, 0.0, 0.5, 0.5]
2017-12-15 19:02:10,327 - GA Estimate: 1529.0
2017-12-15 19:02:10,328 - Observed Value: 1345.0
2017-12-15 19:02:10,374 - Processing line number: 2082
2017-12-15 19:02:15,788 - 
gen	nevals
0  	31    
2017-12-15 19:03:33,093 - Best Individual didn't change. Stopping evolution
2017-12-15 19:03:33,194 - Hall of Fame: [0.0, 0.0, 0.0, 0.5, 0.5]
2017-12-15 19:03:33,197 - GA Estimate: 1408.0
2017-12-15 19:03:33,197 - Observed Value: 1233.0
2017-12-15 19:03:33,274 - Processing line number: 2083
2017-12-15 19:03:39,079 - 
gen	nevals
0  	31    
2017-12-15 19:04:56,853 - Best Individual didn't change. Stopping evolution
2017-12-15 19:04:56,854 - Hall of Fame: [0.0, 0.0, 0.0, 0.5, 0.5]
2017-12-15 19:04:56,857 - GA Estimate: 1236.0
2017-12-15 19:04:56,857 - Observed Value: 1237.0
2017-12-15 19:04:56,857 - Processing line number: 2084
2017-12-15 19:05:02,659 - 
gen	nevals
0  	31    
2017-12-15 19:06:20,317 - Best Individual didn't change. Stopping evolution
2017-12-15 19:06:20,318 - Hall of Fame: [0.0, 0.0, 0.0, 0.5, 0.5]
2017-12-15 19:06:20,321 - GA Estimate: 1216.0
2017-12-15 19:06:20,321 - Observed Value: 1183.0
2017-12-15 19:06:20,321 - Processing line number: 2085
2017-12-15 19:06:26,123 - 
gen	nevals
0  	31    
2017-12-15 19:07:42,656 - Best Individual didn't change. Stopping evolution
2017-12-15 19:07:42,657 - Hall of Fame: [0.0, 0.0, 0.0, 0.5, 0.5]
2017-12-15 19:07:42,823 - GA Estimate: 1166.0
2017-12-15 19:07:42,846 - Observed Value: 1202.0
2017-12-15 19:07:42,848 - Processing line number: 2086
2017-12-15 19:07:48,477 - 
gen	nevals
0  	31    
2017-12-15 19:09:05,350 - Best Individual didn't change. Stopping evolution
2017-12-15 19:09:05,351 - Hall of Fame: [0.0, 0.0, 0.0, 0.5, 0.5]
2017-12-15 19:09:05,353 - GA Estimate: 1185.0
2017-12-15 19:09:05,353 - Observed Value: 1111.0
2017-12-15 19:09:05,354 - Processing line number: 2087
2017-12-15 19:09:11,232 - 
gen	nevals
0  	31    
2017-12-15 19:10:27,542 - Best Individual didn't change. Stopping evolution
2017-12-15 19:10:27,543 - Hall of Fame: [0.0, 0.0, 0.0, 0.5, 0.5]
2017-12-15 19:10:27,545 - GA Estimate: 1103.0
2017-12-15 19:10:27,545 - Observed Value: 916.0
2017-12-15 19:10:27,546 - Processing line number: 2088
2017-12-15 19:10:33,525 - 
gen	nevals
0  	31    
2017-12-15 19:11:50,412 - Best Individual didn't change. Stopping evolution
2017-12-15 19:11:50,413 - Hall of Fame: [0.0, 0.0, 0.0, 0.5, 0.5]
2017-12-15 19:11:50,416 - GA Estimate: 893.0
2017-12-15 19:11:50,416 - Observed Value: 882.0
2017-12-15 19:11:50,416 - Processing line number: 2089
2017-12-15 19:11:56,155 - 
gen	nevals
0  	31    
2017-12-15 19:13:12,468 - Best Individual didn't change. Stopping evolution
2017-12-15 19:13:12,469 - Hall of Fame: [0.0, 0.0, 0.0, 0.5, 0.5]
2017-12-15 19:13:12,471 - GA Estimate: 816.0
2017-12-15 19:13:12,471 - Observed Value: 794.0
2017-12-15 19:13:12,472 - Processing line number: 2090
2017-12-15 19:13:18,362 - 
gen	nevals
0  	31    
2017-12-15 19:14:34,793 - Best Individual didn't change. Stopping evolution
2017-12-15 19:14:34,794 - Hall of Fame: [0.0, 0.0, 0.0, 0.5, 0.5]
2017-12-15 19:14:34,796 - GA Estimate: 774.0
2017-12-15 19:14:34,796 - Observed Value: 885.0
2017-12-15 19:14:34,797 - Processing line number: 2091
2017-12-15 19:14:40,534 - 
gen	nevals
0  	31    
2017-12-15 19:15:56,756 - Best Individual didn't change. Stopping evolution
2017-12-15 19:15:56,757 - Hall of Fame: [0.0, 0.0, 0.0, 0.5, 0.5]
2017-12-15 19:15:56,760 - GA Estimate: 852.0
2017-12-15 19:15:56,760 - Observed Value: 845.0
2017-12-15 19:15:56,761 - Processing line number: 2092
2017-12-15 19:16:02,871 - 
gen	nevals
0  	31    
2017-12-15 19:17:20,622 - Best Individual didn't change. Stopping evolution
2017-12-15 19:17:20,623 - Hall of Fame: [0.0, 0.0, 0.0, 0.5, 0.5]
2017-12-15 19:17:20,625 - GA Estimate: 858.0
2017-12-15 19:17:20,625 - Observed Value: 802.0
2017-12-15 19:17:20,626 - Processing line number: 2093
2017-12-15 19:17:26,196 - 
gen	nevals
0  	31    
2017-12-15 19:18:41,970 - Best Individual didn't change. Stopping evolution
2017-12-15 19:18:41,971 - Hall of Fame: [0.0, 0.0, 0.0, 0.5, 0.5]
2017-12-15 19:18:41,973 - GA Estimate: 802.0
2017-12-15 19:18:41,973 - Observed Value: 789.0
2017-12-15 19:18:41,973 - Processing line number: 2094
2017-12-15 19:18:47,843 - 
gen	nevals
0  	31    
2017-12-15 19:20:07,953 - Best Individual didn't change. Stopping evolution
2017-12-15 19:20:07,954 - Hall of Fame: [0.0, 0.0, 0.0, 0.5, 0.5]
2017-12-15 19:20:07,962 - GA Estimate: 768.0
2017-12-15 19:20:07,963 - Observed Value: 745.0
2017-12-15 19:20:07,970 - Processing line number: 2095
2017-12-15 19:20:13,752 - 
gen	nevals
0  	31    
2017-12-15 19:21:33,001 - Best Individual didn't change. Stopping evolution
2017-12-15 19:21:33,002 - Hall of Fame: [0.0, 0.0, 0.0, 0.5, 0.5]
2017-12-15 19:21:33,004 - GA Estimate: 744.0
2017-12-15 19:21:33,004 - Observed Value: 960.0
2017-12-15 19:21:33,005 - Processing line number: 2096
2017-12-15 19:21:38,975 - 
gen	nevals
0  	31    
2017-12-15 19:22:58,271 - Best Individual didn't change. Stopping evolution
2017-12-15 19:22:58,272 - Hall of Fame: [0.0, 0.0, 0.0, 0.5, 0.5]
2017-12-15 19:22:58,275 - GA Estimate: 934.0
2017-12-15 19:22:58,275 - Observed Value: 882.0
2017-12-15 19:22:58,275 - Processing line number: 2097
2017-12-15 19:23:04,268 - 
gen	nevals
0  	31    
2017-12-15 19:24:22,111 - Best Individual didn't change. Stopping evolution
2017-12-15 19:24:22,112 - Hall of Fame: [0.0, 0.0, 0.0, 0.5, 0.5]
2017-12-15 19:24:22,114 - GA Estimate: 922.0
2017-12-15 19:24:22,114 - Observed Value: 1051.0
2017-12-15 19:24:22,114 - Processing line number: 2098
2017-12-15 19:24:27,984 - 
gen	nevals
0  	31    
2017-12-15 19:25:48,697 - Best Individual didn't change. Stopping evolution
2017-12-15 19:25:48,698 - Hall of Fame: [0.0, 0.0, 0.0, 0.5, 0.5]
2017-12-15 19:25:48,700 - GA Estimate: 1034.0
2017-12-15 19:25:48,701 - Observed Value: 1158.0
2017-12-15 19:25:48,701 - Processing line number: 2099
2017-12-15 19:25:54,723 - 
gen	nevals
0  	31    
2017-12-15 19:27:10,838 - Best Individual didn't change. Stopping evolution
2017-12-15 19:27:10,839 - Hall of Fame: [0.0, 0.0, 0.0, 0.5, 0.5]
2017-12-15 19:27:10,841 - GA Estimate: 1170.0
2017-12-15 19:27:10,841 - Observed Value: 1274.0
2017-12-15 19:27:10,841 - Processing line number: 2100
2017-12-15 19:27:16,811 - 
gen	nevals
0  	31    
2017-12-15 19:28:36,098 - Best Individual didn't change. Stopping evolution
2017-12-15 19:28:36,099 - Hall of Fame: [0.0, 0.0, 0.0, 0.5, 0.5]
2017-12-15 19:28:36,102 - GA Estimate: 1328.0
2017-12-15 19:28:36,102 - Observed Value: 1222.0
2017-12-15 19:28:36,222 - Processing line number: 2101
2017-12-15 19:28:41,970 - 
gen	nevals
0  	31    
2017-12-15 19:30:01,698 - Best Individual didn't change. Stopping evolution
2017-12-15 19:30:01,699 - Hall of Fame: [0.0, 0.0, 0.0, 0.5, 0.5]
2017-12-15 19:30:01,701 - GA Estimate: 1268.0
2017-12-15 19:30:01,701 - Observed Value: 1372.0
2017-12-15 19:30:01,798 - Processing line number: 2102
2017-12-15 19:30:07,520 - 
gen	nevals
0  	31    
2017-12-15 19:31:25,372 - Best Individual didn't change. Stopping evolution
2017-12-15 19:31:25,373 - Hall of Fame: [0.0, 0.0, 0.0, 0.5, 0.5]
2017-12-15 19:31:25,375 - GA Estimate: 1383.0
2017-12-15 19:31:25,376 - Observed Value: 1310.0
2017-12-15 19:31:25,376 - Processing line number: 2103
2017-12-15 19:31:31,252 - 
gen	nevals
0  	31    
2017-12-15 19:32:50,318 - Best Individual didn't change. Stopping evolution
2017-12-15 19:32:50,319 - Hall of Fame: [0.0, 0.0, 0.0, 0.5, 0.5]
2017-12-15 19:32:50,322 - GA Estimate: 1332.0
2017-12-15 19:32:50,322 - Observed Value: 1390.0
2017-12-15 19:32:50,322 - Processing line number: 2104
2017-12-15 19:32:56,074 - 
gen	nevals
0  	31    
2017-12-15 19:34:14,570 - Best Individual didn't change. Stopping evolution
2017-12-15 19:34:14,571 - Hall of Fame: [0.0, 0.0, 0.0, 0.5, 0.5]
2017-12-15 19:34:14,573 - GA Estimate: 1388.0
2017-12-15 19:34:14,573 - Observed Value: 1526.0
2017-12-15 19:34:14,574 - Processing line number: 2105
2017-12-15 19:34:20,529 - 
gen	nevals
0  	31    
2017-12-15 19:35:37,830 - Best Individual didn't change. Stopping evolution
2017-12-15 19:35:37,831 - Hall of Fame: [0.0, 0.0, 0.0, 0.5, 0.5]
2017-12-15 19:35:37,833 - GA Estimate: 1536.0
2017-12-15 19:35:37,833 - Observed Value: 1349.0
2017-12-15 19:35:37,833 - Processing line number: 2106
2017-12-15 19:35:43,433 - 
gen	nevals
0  	31    
2017-12-15 19:37:01,103 - Best Individual didn't change. Stopping evolution
2017-12-15 19:37:01,104 - Hall of Fame: [0.0, 0.0, 0.0, 0.5, 0.5]
2017-12-15 19:37:01,179 - GA Estimate: 1408.0
2017-12-15 19:37:01,179 - Observed Value: 1239.0
2017-12-15 19:37:01,210 - Processing line number: 2107
2017-12-15 19:37:06,776 - 
gen	nevals
0  	31    
2017-12-15 19:38:24,368 - Best Individual didn't change. Stopping evolution
2017-12-15 19:38:24,369 - Hall of Fame: [0.0, 0.0, 0.0, 0.5, 0.5]
2017-12-15 19:38:24,371 - GA Estimate: 1241.0
2017-12-15 19:38:24,371 - Observed Value: 1240.0
2017-12-15 19:38:24,371 - Processing line number: 2108
2017-12-15 19:38:30,737 - 
gen	nevals
0  	31    
2017-12-15 19:39:47,848 - Best Individual didn't change. Stopping evolution
2017-12-15 19:39:47,849 - Hall of Fame: [0.0, 0.0, 0.0, 0.5, 0.5]
2017-12-15 19:39:47,851 - GA Estimate: 1219.0
2017-12-15 19:39:47,852 - Observed Value: 1194.0
2017-12-15 19:39:47,852 - Processing line number: 2109
2017-12-15 19:39:53,449 - 
gen	nevals
0  	31    
2017-12-15 19:41:13,305 - Best Individual didn't change. Stopping evolution
2017-12-15 19:41:13,306 - Hall of Fame: [0.0, 0.0, 0.0, 0.5, 0.5]
2017-12-15 19:41:13,309 - GA Estimate: 1177.0
2017-12-15 19:41:13,309 - Observed Value: 1205.0
2017-12-15 19:41:13,309 - Processing line number: 2110
2017-12-15 19:41:19,064 - 
gen	nevals
0  	31    
2017-12-15 19:42:33,924 - Best Individual didn't change. Stopping evolution
2017-12-15 19:42:33,925 - Hall of Fame: [0.0, 0.0, 0.0, 0.5, 0.5]
2017-12-15 19:42:33,927 - GA Estimate: 1190.0
2017-12-15 19:42:33,928 - Observed Value: 1112.0
2017-12-15 19:42:33,928 - Processing line number: 2111
2017-12-15 19:42:39,768 - 
gen	nevals
0  	31    
2017-12-15 19:43:54,818 - Best Individual didn't change. Stopping evolution
2017-12-15 19:43:54,819 - Hall of Fame: [0.0, 0.0, 0.0, 0.5, 0.5]
2017-12-15 19:43:54,822 - GA Estimate: 1104.0
2017-12-15 19:43:54,822 - Observed Value: 921.0
2017-12-15 19:43:54,822 - Processing line number: 2112
2017-12-15 19:44:00,732 - 
gen	nevals
0  	31    
2017-12-15 19:45:14,203 - Best Individual didn't change. Stopping evolution
2017-12-15 19:45:14,204 - Hall of Fame: [0.0, 0.0, 0.0, 0.5, 0.5]
2017-12-15 19:45:14,206 - GA Estimate: 898.0
2017-12-15 19:45:14,207 - Observed Value: 888.0
2017-12-15 19:45:14,207 - Processing line number: 2113
2017-12-15 19:45:20,209 - 
gen	nevals
0  	31    
2017-12-15 19:46:37,393 - Best Individual didn't change. Stopping evolution
2017-12-15 19:46:37,394 - Hall of Fame: [0.0, 0.0, 0.0, 0.5, 0.5]
2017-12-15 19:46:37,396 - GA Estimate: 826.0
2017-12-15 19:46:37,396 - Observed Value: 800.0
2017-12-15 19:46:37,396 - Processing line number: 2114
2017-12-15 19:46:43,436 - 
gen	nevals
0  	31    
2017-12-15 19:47:59,883 - Best Individual didn't change. Stopping evolution
2017-12-15 19:47:59,884 - Hall of Fame: [0.0, 0.0, 0.0, 0.5, 0.5]
2017-12-15 19:47:59,886 - GA Estimate: 779.0
2017-12-15 19:47:59,886 - Observed Value: 899.0
2017-12-15 19:47:59,887 - Processing line number: 2115
2017-12-15 19:48:05,432 - 
gen	nevals
0  	31    
2017-12-15 19:49:21,300 - Best Individual didn't change. Stopping evolution
2017-12-15 19:49:21,301 - Hall of Fame: [0.0, 0.0, 0.0, 0.5, 0.5]
2017-12-15 19:49:21,303 - GA Estimate: 866.0
2017-12-15 19:49:21,303 - Observed Value: 852.0
2017-12-15 19:49:21,304 - Processing line number: 2116
2017-12-15 19:49:26,876 - 
gen	nevals
0  	31    
2017-12-15 19:50:41,096 - Best Individual didn't change. Stopping evolution
2017-12-15 19:50:41,097 - Hall of Fame: [0.0, 0.0, 0.0, 0.5, 0.5]
2017-12-15 19:50:41,099 - GA Estimate: 867.0
2017-12-15 19:50:41,099 - Observed Value: 805.0
2017-12-15 19:50:41,100 - Processing line number: 2117
2017-12-15 19:50:46,822 - 
gen	nevals
0  	31    
2017-12-15 19:52:00,959 - Best Individual didn't change. Stopping evolution
2017-12-15 19:52:00,960 - Hall of Fame: [0.0, 0.0, 0.0, 0.5, 0.5]
2017-12-15 19:52:00,963 - GA Estimate: 796.0
2017-12-15 19:52:00,963 - Observed Value: 798.0
2017-12-15 19:52:00,964 - Processing line number: 2118
2017-12-15 19:52:06,654 - 
gen	nevals
0  	31    
2017-12-15 19:53:22,811 - Best Individual didn't change. Stopping evolution
2017-12-15 19:53:22,812 - Hall of Fame: [0.0, 0.0, 0.0, 0.5, 0.5]
2017-12-15 19:53:22,814 - GA Estimate: 778.0
2017-12-15 19:53:22,814 - Observed Value: 748.0
2017-12-15 19:53:22,815 - Processing line number: 2119
2017-12-15 19:53:28,497 - 
gen	nevals
0  	31    
2017-12-15 19:54:45,944 - Best Individual didn't change. Stopping evolution
2017-12-15 19:54:45,945 - Hall of Fame: [0.0, 0.0, 0.0, 0.5, 0.5]
2017-12-15 19:54:45,947 - GA Estimate: 748.0
2017-12-15 19:54:45,947 - Observed Value: 965.0
2017-12-15 19:54:45,947 - Processing line number: 2120
2017-12-15 19:54:51,885 - 
gen	nevals
0  	31    
2017-12-15 19:56:09,197 - Best Individual didn't change. Stopping evolution
2017-12-15 19:56:09,198 - Hall of Fame: [0.0, 0.0, 0.0, 0.5, 0.5]
2017-12-15 19:56:09,201 - GA Estimate: 938.0
2017-12-15 19:56:09,201 - Observed Value: 890.0
2017-12-15 19:56:09,201 - Processing line number: 2121
2017-12-15 19:56:15,280 - 
gen	nevals
0  	31    
2017-12-15 19:57:34,723 - Best Individual didn't change. Stopping evolution
2017-12-15 19:57:34,724 - Hall of Fame: [0.0, 0.0, 0.0, 0.5, 0.5]
2017-12-15 19:57:34,726 - GA Estimate: 950.0
2017-12-15 19:57:34,726 - Observed Value: 1056.0
2017-12-15 19:57:34,727 - Processing line number: 2122
2017-12-15 19:57:40,469 - 
gen	nevals
0  	31    
2017-12-15 19:58:56,541 - Best Individual didn't change. Stopping evolution
2017-12-15 19:58:56,542 - Hall of Fame: [0.0, 0.0, 0.0, 0.5, 0.5]
2017-12-15 19:58:56,544 - GA Estimate: 1043.0
2017-12-15 19:58:56,544 - Observed Value: 1166.0
2017-12-15 19:58:56,545 - Processing line number: 2123
2017-12-15 19:59:02,606 - 
gen	nevals
0  	31    
2017-12-15 20:00:20,195 - Best Individual didn't change. Stopping evolution
2017-12-15 20:00:20,196 - Hall of Fame: [0.0, 0.0, 0.0, 0.5, 0.5]
2017-12-15 20:00:20,198 - GA Estimate: 1170.0
2017-12-15 20:00:20,198 - Observed Value: 1283.0
2017-12-15 20:00:20,199 - Processing line number: 2124
2017-12-15 20:00:26,075 - 
gen	nevals
0  	31    
2017-12-15 20:01:43,982 - Best Individual didn't change. Stopping evolution
2017-12-15 20:01:43,983 - Hall of Fame: [0.0, 0.0, 0.0, 0.5, 0.5]
2017-12-15 20:01:43,986 - GA Estimate: 1335.0
2017-12-15 20:01:43,986 - Observed Value: 1238.0
2017-12-15 20:01:43,993 - Processing line number: 2125
2017-12-15 20:01:49,765 - 
gen	nevals
0  	31    
2017-12-15 20:03:07,147 - Best Individual didn't change. Stopping evolution
2017-12-15 20:03:07,148 - Hall of Fame: [0.0, 0.0, 0.0, 0.5, 0.5]
2017-12-15 20:03:07,150 - GA Estimate: 1285.0
2017-12-15 20:03:07,151 - Observed Value: 1397.0
2017-12-15 20:03:07,151 - Processing line number: 2126
2017-12-15 20:03:12,886 - 
gen	nevals
0  	31    
2017-12-15 20:04:29,523 - Best Individual didn't change. Stopping evolution
2017-12-15 20:04:29,524 - Hall of Fame: [0.0, 0.0, 0.0, 0.5, 0.5]
2017-12-15 20:04:29,534 - GA Estimate: 1408.0
2017-12-15 20:04:29,534 - Observed Value: 1317.0
2017-12-15 20:04:29,570 - Processing line number: 2127
2017-12-15 20:04:35,281 - 
gen	nevals
0  	31    
2017-12-15 20:05:53,576 - Best Individual didn't change. Stopping evolution
2017-12-15 20:05:53,577 - Hall of Fame: [0.0, 0.0, 0.0, 0.5, 0.5]
2017-12-15 20:05:53,580 - GA Estimate: 1342.0
2017-12-15 20:05:53,580 - Observed Value: 1399.0
2017-12-15 20:05:53,580 - Processing line number: 2128
2017-12-15 20:05:59,642 - 
gen	nevals
0  	31    
2017-12-15 20:07:16,575 - Best Individual didn't change. Stopping evolution
2017-12-15 20:07:16,576 - Hall of Fame: [0.0, 0.0, 0.0, 0.5, 0.5]
2017-12-15 20:07:16,662 - GA Estimate: 1393.0
2017-12-15 20:07:16,663 - Observed Value: 1531.0
2017-12-15 20:07:16,686 - Processing line number: 2129
2017-12-15 20:07:22,583 - 
gen	nevals
0  	31    
2017-12-15 20:08:40,629 - Best Individual didn't change. Stopping evolution
2017-12-15 20:08:40,686 - Hall of Fame: [0.0, 0.0, 0.0, 0.5, 0.5]
2017-12-15 20:08:40,688 - GA Estimate: 1542.0
2017-12-15 20:08:40,689 - Observed Value: 1366.0
2017-12-15 20:08:40,770 - Processing line number: 2130
2017-12-15 20:08:46,566 - 
gen	nevals
0  	31    
2017-12-15 20:10:06,309 - Best Individual didn't change. Stopping evolution
2017-12-15 20:10:06,310 - Hall of Fame: [0.0, 0.0, 0.0, 0.5, 0.5]
2017-12-15 20:10:06,312 - GA Estimate: 1422.0
2017-12-15 20:10:06,312 - Observed Value: 1262.0
2017-12-15 20:10:06,313 - Processing line number: 2131
2017-12-15 20:10:12,192 - 
gen	nevals
0  	31    
2017-12-15 20:11:28,283 - Best Individual didn't change. Stopping evolution
2017-12-15 20:11:28,284 - Hall of Fame: [0.0, 0.0, 0.0, 0.5, 0.5]
2017-12-15 20:11:28,286 - GA Estimate: 1264.0
2017-12-15 20:11:28,286 - Observed Value: 1249.0
2017-12-15 20:11:28,287 - Processing line number: 2132
2017-12-15 20:11:34,150 - 
gen	nevals
0  	31    
2017-12-15 20:12:51,174 - Best Individual didn't change. Stopping evolution
2017-12-15 20:12:51,175 - Hall of Fame: [0.0, 0.0, 0.0, 0.5, 0.5]
2017-12-15 20:12:51,177 - GA Estimate: 1230.0
2017-12-15 20:12:51,177 - Observed Value: 1199.0
2017-12-15 20:12:51,178 - Processing line number: 2133
2017-12-15 20:12:57,139 - 
gen	nevals
0  	31    
2017-12-15 20:14:13,988 - Best Individual didn't change. Stopping evolution
2017-12-15 20:14:13,989 - Hall of Fame: [0.0, 0.0, 0.0, 0.5, 0.5]
2017-12-15 20:14:13,991 - GA Estimate: 1182.0
2017-12-15 20:14:13,991 - Observed Value: 1216.0
2017-12-15 20:14:13,992 - Processing line number: 2134
2017-12-15 20:14:19,891 - 
gen	nevals
0  	31    
2017-12-15 20:15:37,290 - Best Individual didn't change. Stopping evolution
2017-12-15 20:15:37,290 - Hall of Fame: [0.0, 0.0, 0.0, 0.5, 0.5]
2017-12-15 20:15:37,293 - GA Estimate: 1199.0
2017-12-15 20:15:37,293 - Observed Value: 1120.0
2017-12-15 20:15:37,310 - Processing line number: 2135
2017-12-15 20:15:42,825 - 
gen	nevals
0  	31    
2017-12-15 20:17:00,523 - Best Individual didn't change. Stopping evolution
2017-12-15 20:17:00,524 - Hall of Fame: [0.0, 0.0, 0.0, 0.5, 0.5]
2017-12-15 20:17:00,526 - GA Estimate: 1114.0
2017-12-15 20:17:00,526 - Observed Value: 933.0
2017-12-15 20:17:00,527 - Processing line number: 2136
2017-12-15 20:17:06,401 - 
gen	nevals
0  	31    
2017-12-15 20:18:25,371 - Best Individual didn't change. Stopping evolution
2017-12-15 20:18:25,372 - Hall of Fame: [0.0, 0.0, 0.0, 0.5, 0.5]
2017-12-15 20:18:25,374 - GA Estimate: 910.0
2017-12-15 20:18:25,374 - Observed Value: 891.0
2017-12-15 20:18:25,375 - Processing line number: 2137
2017-12-15 20:18:31,353 - 
gen	nevals
0  	31    
2017-12-15 20:19:47,348 - Best Individual didn't change. Stopping evolution
2017-12-15 20:19:47,349 - Hall of Fame: [0.0, 0.0, 0.0, 0.5, 0.5]
2017-12-15 20:19:47,352 - GA Estimate: 832.0
2017-12-15 20:19:47,352 - Observed Value: 807.0
2017-12-15 20:19:47,352 - Processing line number: 2138
2017-12-15 20:19:52,790 - 
gen	nevals
0  	31    
2017-12-15 20:21:08,935 - Best Individual didn't change. Stopping evolution
2017-12-15 20:21:08,935 - Hall of Fame: [0.0, 0.0, 0.0, 0.5, 0.5]
2017-12-15 20:21:08,938 - GA Estimate: 784.0
2017-12-15 20:21:08,938 - Observed Value: 903.0
2017-12-15 20:21:08,938 - Processing line number: 2139
2017-12-15 20:21:14,766 - 
gen	nevals
0  	31    
2017-12-15 20:22:32,795 - Best Individual didn't change. Stopping evolution
2017-12-15 20:22:32,796 - Hall of Fame: [0.0, 0.0, 0.0, 0.5, 0.5]
2017-12-15 20:22:32,799 - GA Estimate: 856.0
2017-12-15 20:22:32,799 - Observed Value: 854.0
2017-12-15 20:22:32,799 - Processing line number: 2140
2017-12-15 20:22:38,856 - 
gen	nevals
0  	31    
2017-12-15 20:23:56,152 - Best Individual didn't change. Stopping evolution
2017-12-15 20:23:56,153 - Hall of Fame: [0.0, 0.0, 0.0, 0.5, 0.5]
2017-12-15 20:23:56,251 - GA Estimate: 854.0
2017-12-15 20:23:56,251 - Observed Value: 810.0
2017-12-15 20:23:56,252 - Processing line number: 2141
2017-12-15 20:24:02,104 - 
gen	nevals
0  	31    
2017-12-15 20:25:18,473 - Best Individual didn't change. Stopping evolution
2017-12-15 20:25:18,474 - Hall of Fame: [0.0, 0.0, 0.0, 0.5, 0.5]
2017-12-15 20:25:18,476 - GA Estimate: 801.0
2017-12-15 20:25:18,476 - Observed Value: 803.0
2017-12-15 20:25:18,477 - Processing line number: 2142
2017-12-15 20:25:24,289 - 
gen	nevals
0  	31    
2017-12-15 20:26:37,908 - Best Individual didn't change. Stopping evolution
2017-12-15 20:26:37,909 - Hall of Fame: [0.0, 0.0, 0.0, 0.5, 0.5]
2017-12-15 20:26:37,911 - GA Estimate: 778.0
2017-12-15 20:26:37,911 - Observed Value: 752.0
2017-12-15 20:26:37,912 - Processing line number: 2143
2017-12-15 20:26:43,476 - 
gen	nevals
0  	31    
2017-12-15 20:27:58,597 - Best Individual didn't change. Stopping evolution
2017-12-15 20:27:58,598 - Hall of Fame: [0.0, 0.0, 0.0, 0.5, 0.5]
2017-12-15 20:27:58,678 - GA Estimate: 752.0
2017-12-15 20:27:58,678 - Observed Value: 970.0
2017-12-15 20:27:58,737 - Processing line number: 2144
2017-12-15 20:28:04,453 - 
gen	nevals
0  	31    
2017-12-15 20:29:19,617 - Best Individual didn't change. Stopping evolution
2017-12-15 20:29:19,663 - Hall of Fame: [0.0, 0.0, 0.0, 0.5, 0.5]
2017-12-15 20:29:19,665 - GA Estimate: 942.0
2017-12-15 20:29:19,665 - Observed Value: 891.0
2017-12-15 20:29:19,758 - Processing line number: 2145
2017-12-15 20:29:25,603 - 
gen	nevals
0  	31    
2017-12-15 20:30:43,136 - Best Individual didn't change. Stopping evolution
2017-12-15 20:30:43,137 - Hall of Fame: [0.0, 0.0, 0.0, 0.5, 0.5]
2017-12-15 20:30:43,140 - GA Estimate: 948.0
2017-12-15 20:30:43,140 - Observed Value: 1060.0
2017-12-15 20:30:43,141 - Processing line number: 2146
2017-12-15 20:30:48,857 - 
gen	nevals
0  	31    
2017-12-15 20:32:05,355 - Best Individual didn't change. Stopping evolution
2017-12-15 20:32:05,356 - Hall of Fame: [0.0, 0.0, 0.0, 0.5, 0.5]
2017-12-15 20:32:05,359 - GA Estimate: 1046.0
2017-12-15 20:32:05,359 - Observed Value: 1196.0
2017-12-15 20:32:05,394 - Processing line number: 2147
2017-12-15 20:32:11,241 - 
gen	nevals
0  	31    
2017-12-15 20:33:29,769 - Best Individual didn't change. Stopping evolution
2017-12-15 20:33:29,839 - Hall of Fame: [0.0, 0.0, 0.0, 0.5, 0.5]
2017-12-15 20:33:29,841 - GA Estimate: 1230.0
2017-12-15 20:33:29,841 - Observed Value: 1289.0
2017-12-15 20:33:29,954 - Processing line number: 2148
2017-12-15 20:33:35,857 - 
gen	nevals
0  	31    
2017-12-15 20:34:55,617 - Best Individual didn't change. Stopping evolution
2017-12-15 20:34:55,619 - Hall of Fame: [0.0, 0.0, 0.0, 0.5, 0.5]
2017-12-15 20:34:55,621 - GA Estimate: 1347.0
2017-12-15 20:34:55,621 - Observed Value: 1257.0
2017-12-15 20:34:55,621 - Processing line number: 2149
2017-12-15 20:35:01,558 - 
gen	nevals
0  	31    
2017-12-15 20:36:18,958 - Best Individual didn't change. Stopping evolution
2017-12-15 20:36:18,959 - Hall of Fame: [0.0, 0.0, 0.0, 0.5, 0.5]
2017-12-15 20:36:18,961 - GA Estimate: 1298.0
2017-12-15 20:36:18,961 - Observed Value: 1403.0
2017-12-15 20:36:18,962 - Processing line number: 2150
2017-12-15 20:36:24,770 - 
gen	nevals
0  	31    
2017-12-15 20:37:42,052 - Best Individual didn't change. Stopping evolution
2017-12-15 20:37:42,053 - Hall of Fame: [0.0, 0.0, 0.0, 0.5, 0.5]
2017-12-15 20:37:42,055 - GA Estimate: 1399.0
2017-12-15 20:37:42,055 - Observed Value: 1321.0
2017-12-15 20:37:42,056 - Processing line number: 2151
2017-12-15 20:37:48,224 - 
gen	nevals
0  	31    
2017-12-15 20:39:02,612 - Best Individual didn't change. Stopping evolution
2017-12-15 20:39:02,613 - Hall of Fame: [0.0, 0.0, 0.0, 0.5, 0.5]
2017-12-15 20:39:02,615 - GA Estimate: 1346.0
2017-12-15 20:39:02,615 - Observed Value: 1401.0
2017-12-15 20:39:02,622 - Processing line number: 2152
2017-12-15 20:39:08,672 - 
gen	nevals
0  	31    
2017-12-15 20:40:29,495 - Best Individual didn't change. Stopping evolution
2017-12-15 20:40:29,496 - Hall of Fame: [0.0, 0.0, 0.0, 0.5, 0.5]
2017-12-15 20:40:29,499 - GA Estimate: 1394.0
2017-12-15 20:40:29,499 - Observed Value: 1540.0
2017-12-15 20:40:29,500 - Processing line number: 2153
2017-12-15 20:40:35,210 - 
gen	nevals
0  	31    
2017-12-15 20:41:51,158 - Best Individual didn't change. Stopping evolution
2017-12-15 20:41:51,159 - Hall of Fame: [0.0, 0.0, 0.0, 0.5, 0.5]
2017-12-15 20:41:51,162 - GA Estimate: 1548.0
2017-12-15 20:41:51,262 - Observed Value: 1379.0
2017-12-15 20:41:51,262 - Processing line number: 2154
2017-12-15 20:41:56,964 - 
gen	nevals
0  	31    
2017-12-15 20:43:14,344 - Best Individual didn't change. Stopping evolution
2017-12-15 20:43:14,345 - Hall of Fame: [0.0, 0.0, 0.0, 0.5, 0.5]
2017-12-15 20:43:14,452 - GA Estimate: 1435.0
2017-12-15 20:43:14,452 - Observed Value: 1266.0
2017-12-15 20:43:14,514 - Processing line number: 2155
2017-12-15 20:43:20,420 - 
gen	nevals
0  	31    
2017-12-15 20:44:36,541 - Best Individual didn't change. Stopping evolution
2017-12-15 20:44:36,542 - Hall of Fame: [0.0, 0.0, 0.0, 0.5, 0.5]
2017-12-15 20:44:36,545 - GA Estimate: 1270.0
2017-12-15 20:44:36,545 - Observed Value: 1259.0
2017-12-15 20:44:36,545 - Processing line number: 2156
2017-12-15 20:44:42,166 - 
gen	nevals
0  	31    
2017-12-15 20:45:58,790 - Best Individual didn't change. Stopping evolution
2017-12-15 20:45:58,790 - Hall of Fame: [0.0, 0.0, 0.0, 0.5, 0.5]
2017-12-15 20:45:58,793 - GA Estimate: 1240.0
2017-12-15 20:45:58,793 - Observed Value: 1207.0
2017-12-15 20:45:58,793 - Processing line number: 2157
2017-12-15 20:46:04,742 - 
gen	nevals
0  	31    
2017-12-15 20:47:21,591 - Best Individual didn't change. Stopping evolution
2017-12-15 20:47:21,592 - Hall of Fame: [0.0, 0.0, 0.0, 0.5, 0.5]
2017-12-15 20:47:21,594 - GA Estimate: 1190.0
2017-12-15 20:47:21,595 - Observed Value: 1230.0
2017-12-15 20:47:21,595 - Processing line number: 2158
2017-12-15 20:47:27,475 - 
gen	nevals
0  	31    
2017-12-15 20:48:41,918 - Best Individual didn't change. Stopping evolution
2017-12-15 20:48:41,919 - Hall of Fame: [0.0, 0.0, 0.0, 0.5, 0.5]
2017-12-15 20:48:41,921 - GA Estimate: 1213.0
2017-12-15 20:48:41,921 - Observed Value: 1130.0
2017-12-15 20:48:41,921 - Processing line number: 2159
2017-12-15 20:48:47,601 - 
gen	nevals
0  	31    
2017-12-15 20:49:59,989 - Best Individual didn't change. Stopping evolution
2017-12-15 20:49:59,990 - Hall of Fame: [0.0, 0.0, 0.0, 0.5, 0.5]
2017-12-15 20:49:59,992 - GA Estimate: 1127.0
2017-12-15 20:49:59,993 - Observed Value: 935.0
2017-12-15 20:49:59,993 - Processing line number: 2160
2017-12-15 20:50:05,630 - 
gen	nevals
0  	31    
2017-12-15 20:51:23,981 - Best Individual didn't change. Stopping evolution
2017-12-15 20:51:23,982 - Hall of Fame: [0.0, 0.0, 0.0, 0.5, 0.5]
2017-12-15 20:51:23,985 - GA Estimate: 914.0
2017-12-15 20:51:23,985 - Observed Value: 893.0
2017-12-15 20:51:23,985 - Processing line number: 2161
2017-12-15 20:51:29,751 - 
gen	nevals
0  	31    
2017-12-15 20:52:47,444 - Best Individual didn't change. Stopping evolution
2017-12-15 20:52:47,445 - Hall of Fame: [0.0, 0.0, 0.0, 0.5, 0.5]
2017-12-15 20:52:47,524 - GA Estimate: 840.0
2017-12-15 20:52:47,524 - Observed Value: 810.0
2017-12-15 20:52:47,578 - Processing line number: 2162
2017-12-15 20:52:53,237 - 
gen	nevals
0  	31    
2017-12-15 20:54:08,054 - Best Individual didn't change. Stopping evolution
2017-12-15 20:54:08,056 - Hall of Fame: [0.0, 0.0, 0.0, 0.5, 0.5]
2017-12-15 20:54:08,058 - GA Estimate: 786.0
2017-12-15 20:54:08,058 - Observed Value: 911.0
2017-12-15 20:54:08,059 - Processing line number: 2163
2017-12-15 20:54:13,892 - 
gen	nevals
0  	31    
2017-12-15 20:55:32,420 - Best Individual didn't change. Stopping evolution
2017-12-15 20:55:32,421 - Hall of Fame: [0.0, 0.0, 0.0, 0.5, 0.5]
2017-12-15 20:55:32,424 - GA Estimate: 863.0
2017-12-15 20:55:32,424 - Observed Value: 858.0
2017-12-15 20:55:32,424 - Processing line number: 2164
2017-12-15 20:55:38,051 - 
gen	nevals
0  	31    
2017-12-15 20:56:56,530 - Best Individual didn't change. Stopping evolution
2017-12-15 20:56:56,531 - Hall of Fame: [0.0, 0.0, 0.0, 0.5, 0.5]
2017-12-15 20:56:56,533 - GA Estimate: 860.0
2017-12-15 20:56:56,533 - Observed Value: 825.0
2017-12-15 20:56:56,533 - Processing line number: 2165
2017-12-15 20:57:02,632 - 
gen	nevals
0  	31    
2017-12-15 20:58:19,208 - Best Individual didn't change. Stopping evolution
2017-12-15 20:58:19,209 - Hall of Fame: [0.0, 0.0, 0.0, 0.5, 0.5]
2017-12-15 20:58:19,211 - GA Estimate: 816.0
2017-12-15 20:58:19,211 - Observed Value: 806.0
2017-12-15 20:58:19,212 - Processing line number: 2166
2017-12-15 20:58:25,250 - 
gen	nevals
0  	31    
2017-12-15 20:59:42,449 - Best Individual didn't change. Stopping evolution
2017-12-15 20:59:42,450 - Hall of Fame: [0.0, 0.0, 0.0, 0.5, 0.5]
2017-12-15 20:59:42,452 - GA Estimate: 792.0
2017-12-15 20:59:42,452 - Observed Value: 755.0
2017-12-15 20:59:42,453 - Processing line number: 2167
2017-12-15 20:59:48,047 - 
gen	nevals
0  	31    
2017-12-15 21:01:07,378 - Best Individual didn't change. Stopping evolution
2017-12-15 21:01:07,379 - Hall of Fame: [0.0, 0.0, 0.0, 0.5, 0.5]
2017-12-15 21:01:07,381 - GA Estimate: 752.0
2017-12-15 21:01:07,382 - Observed Value: 975.0
2017-12-15 21:01:07,382 - Processing line number: 2168
2017-12-15 21:01:13,496 - 
gen	nevals
0  	31    
2017-12-15 21:02:31,726 - Best Individual didn't change. Stopping evolution
2017-12-15 21:02:31,727 - Hall of Fame: [0.0, 0.0, 0.0, 0.5, 0.5]
2017-12-15 21:02:31,729 - GA Estimate: 952.0
2017-12-15 21:02:31,729 - Observed Value: 898.0
2017-12-15 21:02:31,730 - Processing line number: 2169
2017-12-15 21:02:37,729 - 
gen	nevals
0  	31    
2017-12-15 21:03:56,155 - Best Individual didn't change. Stopping evolution
2017-12-15 21:03:56,156 - Hall of Fame: [0.0, 0.0, 0.0, 0.5, 0.5]
2017-12-15 21:03:56,246 - GA Estimate: 950.0
2017-12-15 21:03:56,247 - Observed Value: 1068.0
2017-12-15 21:03:56,286 - Processing line number: 2170
2017-12-15 21:04:01,992 - 
gen	nevals
0  	31    
2017-12-15 21:05:19,371 - Best Individual didn't change. Stopping evolution
2017-12-15 21:05:19,372 - Hall of Fame: [0.0, 0.0, 0.0, 0.5, 0.5]
2017-12-15 21:05:19,471 - GA Estimate: 1071.0
2017-12-15 21:05:19,471 - Observed Value: 1208.0
2017-12-15 21:05:19,472 - Processing line number: 2171
2017-12-15 21:05:25,300 - 
gen	nevals
0  	31    
2017-12-15 21:06:39,465 - Best Individual didn't change. Stopping evolution
2017-12-15 21:06:39,466 - Hall of Fame: [0.0, 0.0, 0.0, 0.5, 0.5]
2017-12-15 21:06:39,468 - GA Estimate: 1239.0
2017-12-15 21:06:39,469 - Observed Value: 1293.0
2017-12-15 21:06:39,469 - Processing line number: 2172
2017-12-15 21:06:45,377 - 
gen	nevals
0  	31    
2017-12-15 21:08:02,143 - Best Individual didn't change. Stopping evolution
2017-12-15 21:08:02,144 - Hall of Fame: [0.0, 0.0, 0.0, 0.5, 0.5]
2017-12-15 21:08:02,146 - GA Estimate: 1356.0
2017-12-15 21:08:02,146 - Observed Value: 1267.0
2017-12-15 21:08:02,147 - Processing line number: 2173
2017-12-15 21:08:08,010 - 
gen	nevals
0  	31    
2017-12-15 21:09:28,103 - Best Individual didn't change. Stopping evolution
2017-12-15 21:09:28,104 - Hall of Fame: [0.0, 0.0, 0.0, 0.5, 0.5]
2017-12-15 21:09:28,198 - GA Estimate: 1302.0
2017-12-15 21:09:28,198 - Observed Value: 1419.0
2017-12-15 21:09:28,234 - Processing line number: 2174
2017-12-15 21:09:33,852 - 
gen	nevals
0  	31    
2017-12-15 21:10:49,644 - Best Individual didn't change. Stopping evolution
2017-12-15 21:10:49,645 - Hall of Fame: [0.0, 0.0, 0.0, 0.5, 0.5]
2017-12-15 21:10:49,647 - GA Estimate: 1431.0
2017-12-15 21:10:49,647 - Observed Value: 1330.0
2017-12-15 21:10:49,648 - Processing line number: 2175
2017-12-15 21:10:55,460 - 
gen	nevals
0  	31    
2017-12-15 21:12:10,555 - Best Individual didn't change. Stopping evolution
2017-12-15 21:12:10,556 - Hall of Fame: [0.0, 0.0, 0.0, 0.5, 0.5]
2017-12-15 21:12:10,558 - GA Estimate: 1352.0
2017-12-15 21:12:10,558 - Observed Value: 1408.0
2017-12-15 21:12:10,559 - Processing line number: 2176
2017-12-15 21:12:16,481 - 
gen	nevals
0  	31    
2017-12-15 21:13:34,580 - Best Individual didn't change. Stopping evolution
2017-12-15 21:13:34,581 - Hall of Fame: [0.0, 0.0, 0.0, 0.5, 0.5]
2017-12-15 21:13:34,583 - GA Estimate: 1400.0
2017-12-15 21:13:34,583 - Observed Value: 1548.0
2017-12-15 21:13:34,583 - Processing line number: 2177
2017-12-15 21:13:40,398 - 
gen	nevals
0  	31    
2017-12-15 21:14:57,108 - Best Individual didn't change. Stopping evolution
2017-12-15 21:14:57,109 - Hall of Fame: [0.0, 0.0, 0.0, 0.5, 0.5]
2017-12-15 21:14:57,112 - GA Estimate: 1558.0
2017-12-15 21:14:57,112 - Observed Value: 1391.0
2017-12-15 21:14:57,112 - Processing line number: 2178
2017-12-15 21:15:02,671 - 
gen	nevals
0  	31    
2017-12-15 21:16:20,385 - Best Individual didn't change. Stopping evolution
2017-12-15 21:16:20,386 - Hall of Fame: [0.0, 0.0, 0.0, 0.5, 0.5]
2017-12-15 21:16:20,388 - GA Estimate: 1443.0
2017-12-15 21:16:20,388 - Observed Value: 1283.0
2017-12-15 21:16:20,389 - Processing line number: 2179
2017-12-15 21:16:26,438 - 
gen	nevals
0  	31    
2017-12-15 21:17:42,615 - Best Individual didn't change. Stopping evolution
2017-12-15 21:17:42,616 - Hall of Fame: [0.0, 0.0, 0.0, 0.5, 0.5]
2017-12-15 21:17:42,703 - GA Estimate: 1258.0
2017-12-15 21:17:42,703 - Observed Value: 1265.0
2017-12-15 21:17:42,751 - Processing line number: 2180
2017-12-15 21:17:48,386 - 
gen	nevals
0  	31    
2017-12-15 21:19:04,382 - Best Individual didn't change. Stopping evolution
2017-12-15 21:19:04,383 - Hall of Fame: [0.0, 0.0, 0.0, 0.5, 0.5]
2017-12-15 21:19:04,385 - GA Estimate: 1251.0
2017-12-15 21:19:04,385 - Observed Value: 1210.0
2017-12-15 21:19:04,386 - Processing line number: 2181
2017-12-15 21:19:10,468 - 
gen	nevals
0  	31    
2017-12-15 21:20:25,677 - Best Individual didn't change. Stopping evolution
2017-12-15 21:20:25,678 - Hall of Fame: [0.0, 0.0, 0.0, 0.5, 0.5]
2017-12-15 21:20:25,681 - GA Estimate: 1197.0
2017-12-15 21:20:25,681 - Observed Value: 1233.0
2017-12-15 21:20:25,681 - Processing line number: 2182
2017-12-15 21:20:31,448 - 
gen	nevals
0  	31    
2017-12-15 21:21:50,049 - Best Individual didn't change. Stopping evolution
2017-12-15 21:21:50,051 - Hall of Fame: [0.0, 0.0, 0.0, 0.5, 0.5]
2017-12-15 21:21:50,053 - GA Estimate: 1218.0
2017-12-15 21:21:50,053 - Observed Value: 1135.0
2017-12-15 21:21:50,053 - Processing line number: 2183
2017-12-15 21:21:55,830 - 
gen	nevals
0  	31    
2017-12-15 21:23:12,428 - Best Individual didn't change. Stopping evolution
2017-12-15 21:23:12,429 - Hall of Fame: [0.0, 0.0, 0.0, 0.5, 0.5]
2017-12-15 21:23:12,431 - GA Estimate: 1132.0
2017-12-15 21:23:12,431 - Observed Value: 949.0
2017-12-15 21:23:12,432 - Processing line number: 2184
2017-12-15 21:23:18,315 - 
gen	nevals
0  	31    
2017-12-15 21:24:34,788 - Best Individual didn't change. Stopping evolution
2017-12-15 21:24:34,789 - Hall of Fame: [0.0, 0.0, 0.0, 0.5, 0.5]
2017-12-15 21:24:34,791 - GA Estimate: 905.0
2017-12-15 21:24:34,791 - Observed Value: 896.0
2017-12-15 21:24:34,792 - Processing line number: 2185
2017-12-15 21:24:40,638 - 
gen	nevals
0  	31    
2017-12-15 21:25:57,577 - Best Individual didn't change. Stopping evolution
2017-12-15 21:25:57,578 - Hall of Fame: [0.0, 0.0, 0.0, 0.5, 0.5]
2017-12-15 21:25:57,581 - GA Estimate: 848.0
2017-12-15 21:25:57,581 - Observed Value: 814.0
2017-12-15 21:25:57,581 - Processing line number: 2186
2017-12-15 21:26:03,570 - 
gen	nevals
0  	31    
2017-12-15 21:27:21,789 - Best Individual didn't change. Stopping evolution
2017-12-15 21:27:21,878 - Hall of Fame: [0.0, 0.0, 0.0, 0.5, 0.5]
2017-12-15 21:27:21,881 - GA Estimate: 776.0
2017-12-15 21:27:21,881 - Observed Value: 917.0
2017-12-15 21:27:21,970 - Processing line number: 2187
2017-12-15 21:27:27,463 - 
gen	nevals
0  	31    
2017-12-15 21:28:43,046 - Best Individual didn't change. Stopping evolution
2017-12-15 21:28:43,047 - Hall of Fame: [0.0, 0.0, 0.0, 0.5, 0.5]
2017-12-15 21:28:43,049 - GA Estimate: 874.0
2017-12-15 21:28:43,049 - Observed Value: 864.0
2017-12-15 21:28:43,098 - Processing line number: 2188
2017-12-15 21:28:49,093 - 
gen	nevals
0  	31    
2017-12-15 21:30:07,418 - Best Individual didn't change. Stopping evolution
2017-12-15 21:30:07,419 - Hall of Fame: [0.0, 0.0, 0.0, 0.5, 0.5]
2017-12-15 21:30:07,421 - GA Estimate: 864.0
2017-12-15 21:30:07,421 - Observed Value: 826.0
2017-12-15 21:30:07,422 - Processing line number: 2189
2017-12-15 21:30:13,101 - 
gen	nevals
0  	31    
2017-12-15 21:31:30,800 - Best Individual didn't change. Stopping evolution
2017-12-15 21:31:30,801 - Hall of Fame: [0.0, 0.0, 0.0, 0.5, 0.5]
2017-12-15 21:31:30,803 - GA Estimate: 813.0
2017-12-15 21:31:30,804 - Observed Value: 810.0
2017-12-15 21:31:30,804 - Processing line number: 2190
2017-12-15 21:31:36,568 - 
gen	nevals
0  	31    
2017-12-15 21:32:54,915 - Best Individual didn't change. Stopping evolution
2017-12-15 21:32:54,916 - Hall of Fame: [0.0, 0.0, 0.0, 0.5, 0.5]
2017-12-15 21:32:54,918 - GA Estimate: 790.0
2017-12-15 21:32:54,919 - Observed Value: 758.0
2017-12-15 21:32:54,919 - Processing line number: 2191
2017-12-15 21:33:00,823 - 
gen	nevals
0  	31    
2017-12-15 21:34:17,461 - Best Individual didn't change. Stopping evolution
2017-12-15 21:34:17,462 - Hall of Fame: [0.0, 0.0, 0.0, 0.5, 0.5]
2017-12-15 21:34:17,464 - GA Estimate: 750.0
2017-12-15 21:34:17,464 - Observed Value: 977.0
2017-12-15 21:34:17,464 - Processing line number: 2192
2017-12-15 21:34:23,387 - 
gen	nevals
0  	31    
2017-12-15 21:35:39,297 - Best Individual didn't change. Stopping evolution
2017-12-15 21:35:39,297 - Hall of Fame: [0.0, 0.0, 0.0, 0.5, 0.5]
2017-12-15 21:35:39,300 - GA Estimate: 954.0
2017-12-15 21:35:39,300 - Observed Value: 903.0
2017-12-15 21:35:39,301 - Processing line number: 2193
2017-12-15 21:35:45,033 - 
gen	nevals
0  	31    
2017-12-15 21:37:01,098 - Best Individual didn't change. Stopping evolution
2017-12-15 21:37:01,099 - Hall of Fame: [0.0, 0.0, 0.0, 0.5, 0.5]
2017-12-15 21:37:01,101 - GA Estimate: 939.0
2017-12-15 21:37:01,101 - Observed Value: 1072.0
2017-12-15 21:37:01,102 - Processing line number: 2194
2017-12-15 21:37:07,079 - 
gen	nevals
0  	31    
2017-12-15 21:38:24,314 - Best Individual didn't change. Stopping evolution
2017-12-15 21:38:24,403 - Hall of Fame: [0.0, 0.0, 0.0, 0.5, 0.5]
2017-12-15 21:38:24,405 - GA Estimate: 1076.0
2017-12-15 21:38:24,405 - Observed Value: 1212.0
2017-12-15 21:38:24,502 - Processing line number: 2195
2017-12-15 21:38:30,008 - 
gen	nevals
0  	31    
2017-12-15 21:39:46,925 - Best Individual didn't change. Stopping evolution
2017-12-15 21:39:47,002 - Hall of Fame: [0.0, 0.0, 0.0, 0.5, 0.5]
2017-12-15 21:39:47,005 - GA Estimate: 1243.0
2017-12-15 21:39:47,005 - Observed Value: 1295.0
2017-12-15 21:39:47,098 - Processing line number: 2196
2017-12-15 21:39:52,753 - 
gen	nevals
0  	31    
2017-12-15 21:41:11,860 - Best Individual didn't change. Stopping evolution
2017-12-15 21:41:11,861 - Hall of Fame: [0.0, 0.0, 0.0, 0.5, 0.5]
2017-12-15 21:41:11,863 - GA Estimate: 1343.0
2017-12-15 21:41:11,863 - Observed Value: 1276.0
2017-12-15 21:41:11,864 - Processing line number: 2197
2017-12-15 21:41:17,750 - 
gen	nevals
0  	31    
2017-12-15 21:42:34,409 - Best Individual didn't change. Stopping evolution
2017-12-15 21:42:34,410 - Hall of Fame: [0.0, 0.0, 0.0, 0.5, 0.5]
2017-12-15 21:42:34,413 - GA Estimate: 1323.0
2017-12-15 21:42:34,413 - Observed Value: 1453.0
2017-12-15 21:42:34,413 - Processing line number: 2198
2017-12-15 21:42:39,984 - 
gen	nevals
0  	31    
2017-12-15 21:43:55,738 - Best Individual didn't change. Stopping evolution
2017-12-15 21:43:55,739 - Hall of Fame: [0.0, 0.0, 0.0, 0.5, 0.5]
2017-12-15 21:43:55,741 - GA Estimate: 1468.0
2017-12-15 21:43:55,741 - Observed Value: 1332.0
2017-12-15 21:43:55,746 - Processing line number: 2199
2017-12-15 21:44:01,651 - 
gen	nevals
0  	31    
2017-12-15 21:45:19,806 - Best Individual didn't change. Stopping evolution
2017-12-15 21:45:19,806 - Hall of Fame: [0.0, 0.0, 0.0, 0.5, 0.5]
2017-12-15 21:45:19,809 - GA Estimate: 1401.0
2017-12-15 21:45:19,809 - Observed Value: 1415.0
2017-12-15 21:45:19,809 - Processing line number: 2200
2017-12-15 21:45:25,519 - 
gen	nevals
0  	31    
2017-12-15 21:46:41,217 - Best Individual didn't change. Stopping evolution
2017-12-15 21:46:41,226 - Hall of Fame: [0.0, 0.0, 0.0, 0.5, 0.5]
2017-12-15 21:46:41,228 - GA Estimate: 1414.0
2017-12-15 21:46:41,229 - Observed Value: 1554.0
2017-12-15 21:46:41,302 - Processing line number: 2201
2017-12-15 21:46:46,972 - 
gen	nevals
0  	31    
2017-12-15 21:48:03,641 - Best Individual didn't change. Stopping evolution
2017-12-15 21:48:03,642 - Hall of Fame: [0.0, 0.0, 0.0, 0.5, 0.5]
2017-12-15 21:48:03,645 - GA Estimate: 1562.0
2017-12-15 21:48:03,645 - Observed Value: 1400.0
2017-12-15 21:48:03,645 - Processing line number: 2202
2017-12-15 21:48:09,303 - 
gen	nevals
0  	31    
2017-12-15 21:49:28,839 - Best Individual didn't change. Stopping evolution
2017-12-15 21:49:28,840 - Hall of Fame: [0.0, 0.0, 0.0, 0.5, 0.5]
2017-12-15 21:49:28,883 - GA Estimate: 1444.0
2017-12-15 21:49:28,883 - Observed Value: 1284.0
2017-12-15 21:49:28,922 - Processing line number: 2203
2017-12-15 21:49:34,228 - 
gen	nevals
0  	31    
2017-12-15 21:50:50,564 - Best Individual didn't change. Stopping evolution
2017-12-15 21:50:50,565 - Hall of Fame: [0.0, 0.0, 0.0, 0.5, 0.5]
2017-12-15 21:50:50,567 - GA Estimate: 1288.0
2017-12-15 21:50:50,567 - Observed Value: 1266.0
2017-12-15 21:50:50,568 - Processing line number: 2204
2017-12-15 21:50:56,423 - 
gen	nevals
0  	31    
2017-12-15 21:52:11,637 - Best Individual didn't change. Stopping evolution
2017-12-15 21:52:11,638 - Hall of Fame: [0.0, 0.0, 0.0, 0.5, 0.5]
2017-12-15 21:52:11,641 - GA Estimate: 1252.0
2017-12-15 21:52:11,641 - Observed Value: 1215.0
2017-12-15 21:52:11,641 - Processing line number: 2205
2017-12-15 21:52:17,500 - 
gen	nevals
0  	31    
2017-12-15 21:53:31,030 - Best Individual didn't change. Stopping evolution
2017-12-15 21:53:31,031 - Hall of Fame: [0.0, 0.0, 0.0, 0.5, 0.5]
2017-12-15 21:53:31,033 - GA Estimate: 1201.0
2017-12-15 21:53:31,033 - Observed Value: 1234.0
2017-12-15 21:53:31,034 - Processing line number: 2206
2017-12-15 21:53:36,714 - 
gen	nevals
0  	31    
2017-12-15 21:54:51,216 - Best Individual didn't change. Stopping evolution
2017-12-15 21:54:51,217 - Hall of Fame: [0.0, 0.0, 0.0, 0.5, 0.5]
2017-12-15 21:54:51,220 - GA Estimate: 1219.0
2017-12-15 21:54:51,220 - Observed Value: 1146.0
2017-12-15 21:54:51,220 - Processing line number: 2207
2017-12-15 21:54:56,832 - 
gen	nevals
0  	31    
2017-12-15 21:56:11,181 - Best Individual didn't change. Stopping evolution
2017-12-15 21:56:11,182 - Hall of Fame: [0.0, 0.0, 0.0, 0.5, 0.5]
2017-12-15 21:56:11,184 - GA Estimate: 1110.0
2017-12-15 21:56:11,184 - Observed Value: 953.0
2017-12-15 21:56:11,185 - Processing line number: 2208
2017-12-15 21:56:16,749 - 
gen	nevals
0  	31    
2017-12-15 21:57:29,792 - Best Individual didn't change. Stopping evolution
2017-12-15 21:57:29,793 - Hall of Fame: [0.0, 0.0, 0.0, 0.5, 0.5]
2017-12-15 21:57:29,879 - GA Estimate: 936.0
2017-12-15 21:57:29,879 - Observed Value: 896.0
2017-12-15 21:57:29,944 - Stopping GA
