2017-12-15 16:30:11,050 - Starting GA
2017-12-15 16:30:11,154 - Processing line number: 1969
2017-12-15 16:30:16,681 - 
gen	nevals
0  	31    
2017-12-15 16:31:32,141 - Best Individual didn't change. Stopping evolution
2017-12-15 16:31:33,691 - Hall of Fame: [1.0, 0.0, 0.0, 0.0, 0.0]
2017-12-15 16:31:33,694 - GA Estimate: 271.0
2017-12-15 16:31:33,694 - Observed Value: 271.0
2017-12-15 16:31:33,694 - Processing line number: 1970
2017-12-15 16:31:39,635 - 
gen	nevals
0  	31    
2017-12-15 16:32:55,218 - Best Individual didn't change. Stopping evolution
2017-12-15 16:32:55,219 - Hall of Fame: [1.0, 0.0, 0.0, 0.0, 0.0]
2017-12-15 16:32:55,221 - GA Estimate: 271.0
2017-12-15 16:32:55,221 - Observed Value: 269.0
2017-12-15 16:32:55,316 - Processing line number: 1971
2017-12-15 16:33:01,007 - 
gen	nevals
0  	31    
2017-12-15 16:34:18,232 - Best Individual didn't change. Stopping evolution
2017-12-15 16:34:18,233 - Hall of Fame: [1.0, 0.0, 0.0, 0.0, 0.0]
2017-12-15 16:34:18,235 - GA Estimate: 269.0
2017-12-15 16:34:18,235 - Observed Value: 254.0
2017-12-15 16:34:18,236 - Processing line number: 1972
2017-12-15 16:34:24,092 - 
gen	nevals
0  	31    
2017-12-15 16:35:41,747 - Best Individual didn't change. Stopping evolution
2017-12-15 16:35:41,748 - Hall of Fame: [1.0, 0.0, 0.0, 0.0, 0.0]
2017-12-15 16:35:41,807 - GA Estimate: 254.0
2017-12-15 16:35:41,808 - Observed Value: 269.0
2017-12-15 16:35:41,858 - Processing line number: 1973
2017-12-15 16:35:47,420 - 
gen	nevals
0  	31    
2017-12-15 16:37:01,642 - Best Individual didn't change. Stopping evolution
2017-12-15 16:37:01,643 - Hall of Fame: [1.0, 0.0, 0.0, 0.0, 0.0]
2017-12-15 16:37:01,645 - GA Estimate: 269.0
2017-12-15 16:37:01,645 - Observed Value: 267.0
2017-12-15 16:37:01,646 - Processing line number: 1974
2017-12-15 16:37:07,460 - 
gen	nevals
0  	31    
2017-12-15 16:38:20,534 - Best Individual didn't change. Stopping evolution
2017-12-15 16:38:20,535 - Hall of Fame: [1.0, 0.0, 0.0, 0.0, 0.0]
2017-12-15 16:38:20,537 - GA Estimate: 267.0
2017-12-15 16:38:20,537 - Observed Value: 260.0
2017-12-15 16:38:20,538 - Processing line number: 1975
2017-12-15 16:38:26,630 - 
gen	nevals
0  	31    
2017-12-15 16:39:42,913 - Best Individual didn't change. Stopping evolution
2017-12-15 16:39:42,914 - Hall of Fame: [1.0, 0.0, 0.0, 0.0, 0.0]
2017-12-15 16:39:42,916 - GA Estimate: 260.0
2017-12-15 16:39:42,916 - Observed Value: 889.0
2017-12-15 16:39:42,917 - Processing line number: 1976
2017-12-15 16:39:48,913 - 
gen	nevals
0  	31    
2017-12-15 16:41:05,002 - Best Individual didn't change. Stopping evolution
2017-12-15 16:41:05,003 - Hall of Fame: [1.0, 0.0, 0.0, 0.0, 0.0]
2017-12-15 16:41:05,005 - GA Estimate: 889.0
2017-12-15 16:41:05,006 - Observed Value: 267.0
2017-12-15 16:41:05,006 - Processing line number: 1977
2017-12-15 16:41:11,227 - 
gen	nevals
0  	31    
2017-12-15 16:42:28,525 - Best Individual didn't change. Stopping evolution
2017-12-15 16:42:28,526 - Hall of Fame: [1.0, 0.0, 0.0, 0.0, 0.0]
2017-12-15 16:42:28,528 - GA Estimate: 267.0
2017-12-15 16:42:28,528 - Observed Value: 260.0
2017-12-15 16:42:28,638 - Processing line number: 1978
2017-12-15 16:42:34,039 - 
gen	nevals
0  	31    
2017-12-15 16:43:49,379 - Best Individual didn't change. Stopping evolution
2017-12-15 16:43:49,380 - Hall of Fame: [1.0, 0.0, 0.0, 0.0, 0.0]
2017-12-15 16:43:49,382 - GA Estimate: 260.0
2017-12-15 16:43:49,382 - Observed Value: 267.0
2017-12-15 16:43:49,383 - Processing line number: 1979
2017-12-15 16:43:55,204 - 
gen	nevals
0  	31    
2017-12-15 16:45:13,918 - Best Individual didn't change. Stopping evolution
2017-12-15 16:45:13,919 - Hall of Fame: [1.0, 0.0, 0.0, 0.0, 0.0]
2017-12-15 16:45:13,921 - GA Estimate: 267.0
2017-12-15 16:45:13,921 - Observed Value: 262.0
2017-12-15 16:45:13,922 - Processing line number: 1980
2017-12-15 16:45:19,804 - 
gen	nevals
0  	31    
2017-12-15 16:46:37,301 - Best Individual didn't change. Stopping evolution
2017-12-15 16:46:37,302 - Hall of Fame: [1.0, 0.0, 0.0, 0.0, 0.0]
2017-12-15 16:46:37,304 - GA Estimate: 262.0
2017-12-15 16:46:37,304 - Observed Value: 284.0
2017-12-15 16:46:37,305 - Processing line number: 1981
2017-12-15 16:46:42,973 - 
gen	nevals
0  	31    
2017-12-15 16:47:58,530 - Best Individual didn't change. Stopping evolution
2017-12-15 16:47:58,531 - Hall of Fame: [1.0, 0.0, 0.0, 0.0, 0.0]
2017-12-15 16:47:58,534 - GA Estimate: 284.0
2017-12-15 16:47:58,534 - Observed Value: 297.0
2017-12-15 16:47:58,534 - Processing line number: 1982
2017-12-15 16:48:04,434 - 
gen	nevals
0  	31    
2017-12-15 16:49:22,176 - Best Individual didn't change. Stopping evolution
2017-12-15 16:49:22,177 - Hall of Fame: [1.0, 0.0, 0.0, 0.0, 0.0]
2017-12-15 16:49:22,179 - GA Estimate: 297.0
2017-12-15 16:49:22,179 - Observed Value: 275.0
2017-12-15 16:49:22,179 - Processing line number: 1983
2017-12-15 16:49:28,120 - 
gen	nevals
0  	31    
2017-12-15 16:50:47,794 - Best Individual didn't change. Stopping evolution
2017-12-15 16:50:47,795 - Hall of Fame: [1.0, 0.0, 0.0, 0.0, 0.0]
2017-12-15 16:50:47,798 - GA Estimate: 275.0
2017-12-15 16:50:47,798 - Observed Value: 267.0
2017-12-15 16:50:47,798 - Processing line number: 1984
2017-12-15 16:50:54,209 - 
gen	nevals
0  	31    
2017-12-15 16:52:13,337 - Best Individual didn't change. Stopping evolution
2017-12-15 16:52:13,338 - Hall of Fame: [1.0, 0.0, 0.0, 0.0, 0.0]
2017-12-15 16:52:13,341 - GA Estimate: 267.0
2017-12-15 16:52:13,341 - Observed Value: 270.0
2017-12-15 16:52:13,342 - Processing line number: 1985
2017-12-15 16:52:19,016 - 
gen	nevals
0  	31    
2017-12-15 16:53:34,622 - Best Individual didn't change. Stopping evolution
2017-12-15 16:53:34,623 - Hall of Fame: [1.0, 0.0, 0.0, 0.0, 0.0]
2017-12-15 16:53:34,625 - GA Estimate: 270.0
2017-12-15 16:53:34,626 - Observed Value: 267.0
2017-12-15 16:53:34,626 - Processing line number: 1986
2017-12-15 16:53:40,484 - 
gen	nevals
0  	31    
2017-12-15 16:54:58,744 - Best Individual didn't change. Stopping evolution
2017-12-15 16:54:58,745 - Hall of Fame: [1.0, 0.0, 0.0, 0.0, 0.0]
2017-12-15 16:54:58,747 - GA Estimate: 267.0
2017-12-15 16:54:58,747 - Observed Value: 1255.0
2017-12-15 16:54:58,748 - Processing line number: 1987
2017-12-15 16:55:04,772 - 
gen	nevals
0  	31    
2017-12-15 16:56:21,604 - Best Individual didn't change. Stopping evolution
2017-12-15 16:56:21,605 - Hall of Fame: [1.0, 0.0, 0.0, 0.0, 0.0]
2017-12-15 16:56:21,608 - GA Estimate: 1255.0
2017-12-15 16:56:21,608 - Observed Value: 272.0
2017-12-15 16:56:21,609 - Processing line number: 1988
2017-12-15 16:56:27,421 - 
gen	nevals
0  	31    
2017-12-15 16:57:42,880 - Best Individual didn't change. Stopping evolution
2017-12-15 16:57:42,880 - Hall of Fame: [1.0, 0.0, 0.0, 0.0, 0.0]
2017-12-15 16:57:42,883 - GA Estimate: 272.0
2017-12-15 16:57:42,883 - Observed Value: 256.0
2017-12-15 16:57:42,883 - Processing line number: 1989
2017-12-15 16:57:48,737 - 
gen	nevals
0  	31    
2017-12-15 16:59:06,735 - Best Individual didn't change. Stopping evolution
2017-12-15 16:59:06,736 - Hall of Fame: [1.0, 0.0, 0.0, 0.0, 0.0]
2017-12-15 16:59:06,827 - GA Estimate: 256.0
2017-12-15 16:59:06,827 - Observed Value: 268.0
2017-12-15 16:59:06,870 - Processing line number: 1990
2017-12-15 16:59:12,318 - 
gen	nevals
0  	31    
2017-12-15 17:00:29,594 - Best Individual didn't change. Stopping evolution
2017-12-15 17:00:29,595 - Hall of Fame: [1.0, 0.0, 0.0, 0.0, 0.0]
2017-12-15 17:00:29,598 - GA Estimate: 268.0
2017-12-15 17:00:29,598 - Observed Value: 261.0
2017-12-15 17:00:29,598 - Processing line number: 1991
2017-12-15 17:00:35,254 - 
gen	nevals
0  	31    
2017-12-15 17:01:51,413 - Best Individual didn't change. Stopping evolution
2017-12-15 17:01:51,502 - Hall of Fame: [1.0, 0.0, 0.0, 0.0, 0.0]
2017-12-15 17:01:51,505 - GA Estimate: 261.0
2017-12-15 17:01:51,505 - Observed Value: 268.0
2017-12-15 17:01:51,590 - Processing line number: 1992
2017-12-15 17:01:57,239 - 
gen	nevals
0  	31    
2017-12-15 17:03:13,107 - Best Individual didn't change. Stopping evolution
2017-12-15 17:03:13,108 - Hall of Fame: [1.0, 0.0, 0.0, 0.0, 0.0]
2017-12-15 17:03:13,110 - GA Estimate: 268.0
2017-12-15 17:03:13,110 - Observed Value: 265.0
2017-12-15 17:03:13,111 - Processing line number: 1993
2017-12-15 17:03:18,879 - 
gen	nevals
0  	31    
2017-12-15 17:04:35,192 - Best Individual didn't change. Stopping evolution
2017-12-15 17:04:35,193 - Hall of Fame: [1.0, 0.0, 0.0, 0.0, 0.0]
2017-12-15 17:04:35,195 - GA Estimate: 265.0
2017-12-15 17:04:35,195 - Observed Value: 215.0
2017-12-15 17:04:35,195 - Processing line number: 1994
2017-12-15 17:04:40,586 - 
gen	nevals
0  	31    
2017-12-15 17:05:57,621 - Best Individual didn't change. Stopping evolution
2017-12-15 17:05:57,640 - Hall of Fame: [1.0, 0.0, 0.0, 0.0, 0.0]
2017-12-15 17:05:57,643 - GA Estimate: 215.0
2017-12-15 17:05:57,643 - Observed Value: 276.0
2017-12-15 17:05:57,643 - Processing line number: 1995
2017-12-15 17:06:03,440 - 
gen	nevals
0  	31    
2017-12-15 17:07:22,955 - Best Individual didn't change. Stopping evolution
2017-12-15 17:07:22,956 - Hall of Fame: [1.0, 0.0, 0.0, 0.0, 0.0]
2017-12-15 17:07:23,063 - GA Estimate: 276.0
2017-12-15 17:07:23,063 - Observed Value: 267.0
2017-12-15 17:07:23,126 - Processing line number: 1996
2017-12-15 17:07:28,675 - 
gen	nevals
0  	31    
2017-12-15 17:08:46,263 - Best Individual didn't change. Stopping evolution
2017-12-15 17:08:46,264 - Hall of Fame: [1.0, 0.0, 0.0, 0.0, 0.0]
2017-12-15 17:08:46,351 - GA Estimate: 267.0
2017-12-15 17:08:46,351 - Observed Value: 269.0
2017-12-15 17:08:46,398 - Processing line number: 1997
2017-12-15 17:08:52,023 - 
gen	nevals
0  	31    
2017-12-15 17:10:08,229 - Best Individual didn't change. Stopping evolution
2017-12-15 17:10:08,314 - Hall of Fame: [1.0, 0.0, 0.0, 0.0, 0.0]
2017-12-15 17:10:08,317 - GA Estimate: 269.0
2017-12-15 17:10:08,317 - Observed Value: 267.0
2017-12-15 17:10:08,406 - Processing line number: 1998
2017-12-15 17:10:13,808 - 
gen	nevals
0  	31    
2017-12-15 17:11:31,788 - Best Individual didn't change. Stopping evolution
2017-12-15 17:11:31,789 - Hall of Fame: [1.0, 0.0, 0.0, 0.0, 0.0]
2017-12-15 17:11:31,883 - GA Estimate: 267.0
2017-12-15 17:11:31,884 - Observed Value: 270.0
2017-12-15 17:11:31,918 - Processing line number: 1999
2017-12-15 17:11:37,515 - 
gen	nevals
0  	31    
2017-12-15 17:12:53,939 - Best Individual didn't change. Stopping evolution
2017-12-15 17:12:53,940 - Hall of Fame: [1.0, 0.0, 0.0, 0.0, 0.0]
2017-12-15 17:12:53,943 - GA Estimate: 270.0
2017-12-15 17:12:53,943 - Observed Value: 272.0
2017-12-15 17:12:53,943 - Processing line number: 2000
2017-12-15 17:13:00,039 - 
gen	nevals
0  	31    
2017-12-15 17:14:19,887 - Best Individual didn't change. Stopping evolution
2017-12-15 17:14:19,888 - Hall of Fame: [1.0, 0.0, 0.0, 0.0, 0.0]
2017-12-15 17:14:19,979 - GA Estimate: 272.0
2017-12-15 17:14:19,979 - Observed Value: 258.0
2017-12-15 17:14:19,998 - Processing line number: 2001
2017-12-15 17:14:25,656 - 
gen	nevals
0  	31    
2017-12-15 17:15:41,097 - Best Individual didn't change. Stopping evolution
2017-12-15 17:15:41,098 - Hall of Fame: [1.0, 0.0, 0.0, 0.0, 0.0]
2017-12-15 17:15:41,100 - GA Estimate: 258.0
2017-12-15 17:15:41,100 - Observed Value: 271.0
2017-12-15 17:15:41,101 - Processing line number: 2002
2017-12-15 17:15:46,622 - 
gen	nevals
0  	31    
2017-12-15 17:17:05,217 - Best Individual didn't change. Stopping evolution
2017-12-15 17:17:05,218 - Hall of Fame: [1.0, 0.0, 0.0, 0.0, 0.0]
2017-12-15 17:17:05,220 - GA Estimate: 271.0
2017-12-15 17:17:05,220 - Observed Value: 1294.0
2017-12-15 17:17:05,334 - Processing line number: 2003
2017-12-15 17:17:10,845 - 
gen	nevals
0  	31    
2017-12-15 17:18:28,179 - Best Individual didn't change. Stopping evolution
2017-12-15 17:18:28,180 - Hall of Fame: [1.0, 0.0, 0.0, 0.0, 0.0]
2017-12-15 17:18:28,266 - GA Estimate: 1294.0
2017-12-15 17:18:28,266 - Observed Value: 269.0
2017-12-15 17:18:28,278 - Processing line number: 2004
2017-12-15 17:18:33,895 - 
gen	nevals
0  	31    
2017-12-15 17:19:51,944 - Best Individual didn't change. Stopping evolution
2017-12-15 17:19:51,945 - Hall of Fame: [1.0, 0.0, 0.0, 0.0, 0.0]
2017-12-15 17:19:52,043 - GA Estimate: 269.0
2017-12-15 17:19:52,043 - Observed Value: 266.0
2017-12-15 17:19:52,066 - Processing line number: 2005
2017-12-15 17:19:57,929 - 
gen	nevals
0  	31    
2017-12-15 17:21:21,980 - Best Individual didn't change. Stopping evolution
2017-12-15 17:21:21,981 - Hall of Fame: [1.0, 0.0, 0.0, 0.0, 0.0]
2017-12-15 17:21:21,983 - GA Estimate: 266.0
2017-12-15 17:21:21,983 - Observed Value: 288.0
2017-12-15 17:21:21,984 - Processing line number: 2006
2017-12-15 17:21:27,857 - 
gen	nevals
0  	31    
2017-12-15 17:22:42,923 - Best Individual didn't change. Stopping evolution
2017-12-15 17:22:42,924 - Hall of Fame: [1.0, 0.0, 0.0, 0.0, 0.0]
2017-12-15 17:22:42,927 - GA Estimate: 288.0
2017-12-15 17:22:42,927 - Observed Value: 124.0
2017-12-15 17:22:42,927 - Processing line number: 2007
2017-12-15 17:22:48,553 - 
gen	nevals
0  	31    
2017-12-15 17:24:06,529 - Best Individual didn't change. Stopping evolution
2017-12-15 17:24:06,530 - Hall of Fame: [1.0, 0.0, 0.0, 0.0, 0.0]
2017-12-15 17:24:06,532 - GA Estimate: 124.0
2017-12-15 17:24:06,533 - Observed Value: 168.0
2017-12-15 17:24:06,533 - Processing line number: 2008
2017-12-15 17:24:12,249 - 
gen	nevals
0  	31    
2017-12-15 17:25:28,205 - Best Individual didn't change. Stopping evolution
2017-12-15 17:25:28,302 - Hall of Fame: [1.0, 0.0, 0.0, 0.0, 0.0]
2017-12-15 17:25:28,304 - GA Estimate: 168.0
2017-12-15 17:25:28,305 - Observed Value: 267.0
2017-12-15 17:25:28,382 - Processing line number: 2009
2017-12-15 17:25:34,022 - 
gen	nevals
0  	31    
2017-12-15 17:26:49,907 - Best Individual didn't change. Stopping evolution
2017-12-15 17:26:49,908 - Hall of Fame: [1.0, 0.0, 0.0, 0.0, 0.0]
2017-12-15 17:26:49,910 - GA Estimate: 267.0
2017-12-15 17:26:49,910 - Observed Value: 178.0
2017-12-15 17:26:49,911 - Processing line number: 2010
2017-12-15 17:26:55,612 - 
gen	nevals
0  	31    
2017-12-15 17:28:10,569 - Best Individual didn't change. Stopping evolution
2017-12-15 17:28:10,570 - Hall of Fame: [1.0, 0.0, 0.0, 0.0, 0.0]
2017-12-15 17:28:10,573 - GA Estimate: 178.0
2017-12-15 17:28:10,573 - Observed Value: 270.0
2017-12-15 17:28:10,573 - Processing line number: 2011
2017-12-15 17:28:16,170 - 
gen	nevals
0  	31    
2017-12-15 17:29:33,780 - Best Individual didn't change. Stopping evolution
2017-12-15 17:29:33,781 - Hall of Fame: [1.0, 0.0, 0.0, 0.0, 0.0]
2017-12-15 17:29:33,783 - GA Estimate: 270.0
2017-12-15 17:29:33,783 - Observed Value: 277.0
2017-12-15 17:29:33,784 - Processing line number: 2012
2017-12-15 17:29:39,743 - 
gen	nevals
0  	31    
2017-12-15 17:30:54,164 - Best Individual didn't change. Stopping evolution
2017-12-15 17:30:54,165 - Hall of Fame: [1.0, 0.0, 0.0, 0.0, 0.0]
2017-12-15 17:30:54,167 - GA Estimate: 277.0
2017-12-15 17:30:54,167 - Observed Value: 272.0
2017-12-15 17:30:54,168 - Processing line number: 2013
2017-12-15 17:30:59,827 - 
gen	nevals
0  	31    
2017-12-15 17:32:18,849 - Best Individual didn't change. Stopping evolution
2017-12-15 17:32:18,850 - Hall of Fame: [1.0, 0.0, 0.0, 0.0, 0.0]
2017-12-15 17:32:18,853 - GA Estimate: 272.0
2017-12-15 17:32:18,853 - Observed Value: 277.0
2017-12-15 17:32:18,853 - Processing line number: 2014
2017-12-15 17:32:24,624 - 
gen	nevals
0  	31    
2017-12-15 17:33:40,970 - Best Individual didn't change. Stopping evolution
2017-12-15 17:33:40,971 - Hall of Fame: [1.0, 0.0, 0.0, 0.0, 0.0]
2017-12-15 17:33:40,973 - GA Estimate: 277.0
2017-12-15 17:33:40,973 - Observed Value: 259.0
2017-12-15 17:33:40,974 - Processing line number: 2015
2017-12-15 17:33:47,106 - 
gen	nevals
0  	31    
2017-12-15 17:35:03,946 - Best Individual didn't change. Stopping evolution
2017-12-15 17:35:03,947 - Hall of Fame: [1.0, 0.0, 0.0, 0.0, 0.0]
2017-12-15 17:35:03,949 - GA Estimate: 259.0
2017-12-15 17:35:03,949 - Observed Value: 232.0
2017-12-15 17:35:03,950 - Processing line number: 2016
2017-12-15 17:35:09,515 - 
gen	nevals
0  	31    
2017-12-15 17:36:25,278 - Best Individual didn't change. Stopping evolution
2017-12-15 17:36:25,279 - Hall of Fame: [1.0, 0.0, 0.0, 0.0, 0.0]
2017-12-15 17:36:25,281 - GA Estimate: 232.0
2017-12-15 17:36:25,281 - Observed Value: 193.0
2017-12-15 17:36:25,282 - Processing line number: 2017
2017-12-15 17:36:30,995 - 
gen	nevals
0  	31    
2017-12-15 17:37:49,480 - Best Individual didn't change. Stopping evolution
2017-12-15 17:37:49,481 - Hall of Fame: [1.0, 0.0, 0.0, 0.0, 0.0]
2017-12-15 17:37:49,484 - GA Estimate: 193.0
2017-12-15 17:37:49,484 - Observed Value: 267.0
2017-12-15 17:37:49,488 - Processing line number: 2018
2017-12-15 17:37:55,403 - 
gen	nevals
0  	31    
2017-12-15 17:39:11,949 - Best Individual didn't change. Stopping evolution
2017-12-15 17:39:11,950 - Hall of Fame: [1.0, 0.0, 0.0, 0.0, 0.0]
2017-12-15 17:39:11,952 - GA Estimate: 267.0
2017-12-15 17:39:11,952 - Observed Value: 270.0
2017-12-15 17:39:11,953 - Processing line number: 2019
2017-12-15 17:39:17,876 - 
gen	nevals
0  	31    
2017-12-15 17:40:35,605 - Best Individual didn't change. Stopping evolution
2017-12-15 17:40:35,606 - Hall of Fame: [1.0, 0.0, 0.0, 0.0, 0.0]
2017-12-15 17:40:35,609 - GA Estimate: 270.0
2017-12-15 17:40:35,609 - Observed Value: 1238.0
2017-12-15 17:40:35,609 - Processing line number: 2020
2017-12-15 17:40:41,474 - 
gen	nevals
0  	31    
2017-12-15 17:41:59,222 - Best Individual didn't change. Stopping evolution
2017-12-15 17:41:59,223 - Hall of Fame: [1.0, 0.0, 0.0, 0.0, 0.0]
2017-12-15 17:41:59,225 - GA Estimate: 1238.0
2017-12-15 17:41:59,225 - Observed Value: 269.0
2017-12-15 17:41:59,226 - Processing line number: 2021
2017-12-15 17:42:05,032 - 
gen	nevals
0  	31    
2017-12-15 17:43:19,609 - Best Individual didn't change. Stopping evolution
2017-12-15 17:43:19,610 - Hall of Fame: [1.0, 0.0, 0.0, 0.0, 0.0]
2017-12-15 17:43:19,612 - GA Estimate: 269.0
2017-12-15 17:43:19,612 - Observed Value: 267.0
2017-12-15 17:43:19,613 - Processing line number: 2022
2017-12-15 17:43:25,631 - 
gen	nevals
0  	31    
2017-12-15 17:44:41,677 - Best Individual didn't change. Stopping evolution
2017-12-15 17:44:41,678 - Hall of Fame: [1.0, 0.0, 0.0, 0.0, 0.0]
2017-12-15 17:44:41,680 - GA Estimate: 267.0
2017-12-15 17:44:41,680 - Observed Value: 195.0
2017-12-15 17:44:41,681 - Processing line number: 2023
2017-12-15 17:44:47,823 - 
gen	nevals
0  	31    
2017-12-15 17:46:02,691 - Best Individual didn't change. Stopping evolution
2017-12-15 17:46:02,692 - Hall of Fame: [1.0, 0.0, 0.0, 0.0, 0.0]
2017-12-15 17:46:02,694 - GA Estimate: 195.0
2017-12-15 17:46:02,694 - Observed Value: 259.0
2017-12-15 17:46:02,695 - Processing line number: 2024
2017-12-15 17:46:08,562 - 
gen	nevals
0  	31    
2017-12-15 17:47:26,678 - Best Individual didn't change. Stopping evolution
2017-12-15 17:47:26,679 - Hall of Fame: [1.0, 0.0, 0.0, 0.0, 0.0]
2017-12-15 17:47:26,682 - GA Estimate: 259.0
2017-12-15 17:47:26,682 - Observed Value: 273.0
2017-12-15 17:47:26,682 - Processing line number: 2025
2017-12-15 17:47:32,823 - 
gen	nevals
0  	31    
2017-12-15 17:48:48,240 - Best Individual didn't change. Stopping evolution
2017-12-15 17:48:48,241 - Hall of Fame: [1.0, 0.0, 0.0, 0.0, 0.0]
2017-12-15 17:48:48,327 - GA Estimate: 273.0
2017-12-15 17:48:48,328 - Observed Value: 205.0
2017-12-15 17:48:48,378 - Processing line number: 2026
2017-12-15 17:48:53,941 - 
gen	nevals
0  	31    
2017-12-15 17:50:12,908 - Best Individual didn't change. Stopping evolution
2017-12-15 17:50:12,941 - Hall of Fame: [1.0, 0.0, 0.0, 0.0, 0.0]
2017-12-15 17:50:12,943 - GA Estimate: 205.0
2017-12-15 17:50:12,943 - Observed Value: 270.0
2017-12-15 17:50:12,944 - Processing line number: 2027
2017-12-15 17:50:19,140 - 
gen	nevals
0  	31    
2017-12-15 17:51:39,176 - Best Individual didn't change. Stopping evolution
2017-12-15 17:51:39,177 - Hall of Fame: [1.0, 0.0, 0.0, 0.0, 0.0]
2017-12-15 17:51:39,179 - GA Estimate: 270.0
2017-12-15 17:51:39,179 - Observed Value: 270.0
2017-12-15 17:51:39,180 - Processing line number: 2028
2017-12-15 17:51:45,015 - 
gen	nevals
0  	31    
2017-12-15 17:53:03,248 - Best Individual didn't change. Stopping evolution
2017-12-15 17:53:03,249 - Hall of Fame: [1.0, 0.0, 0.0, 0.0, 0.0]
2017-12-15 17:53:03,251 - GA Estimate: 270.0
2017-12-15 17:53:03,251 - Observed Value: 277.0
2017-12-15 17:53:03,252 - Processing line number: 2029
2017-12-15 17:53:09,110 - 
gen	nevals
0  	31    
2017-12-15 17:54:28,324 - Best Individual didn't change. Stopping evolution
2017-12-15 17:54:28,325 - Hall of Fame: [1.0, 0.0, 0.0, 0.0, 0.0]
2017-12-15 17:54:28,412 - GA Estimate: 277.0
2017-12-15 17:54:28,412 - Observed Value: 268.0
2017-12-15 17:54:28,434 - Processing line number: 2030
2017-12-15 17:54:33,956 - 
gen	nevals
0  	31    
2017-12-15 17:55:53,650 - Best Individual didn't change. Stopping evolution
2017-12-15 17:55:53,651 - Hall of Fame: [1.0, 0.0, 0.0, 0.0, 0.0]
2017-12-15 17:55:53,653 - GA Estimate: 268.0
2017-12-15 17:55:53,653 - Observed Value: 271.0
2017-12-15 17:55:53,654 - Processing line number: 2031
2017-12-15 17:55:59,809 - 
gen	nevals
0  	31    
2017-12-15 17:57:18,778 - Best Individual didn't change. Stopping evolution
2017-12-15 17:57:18,779 - Hall of Fame: [1.0, 0.0, 0.0, 0.0, 0.0]
2017-12-15 17:57:18,781 - GA Estimate: 271.0
2017-12-15 17:57:18,781 - Observed Value: 253.0
2017-12-15 17:57:18,782 - Processing line number: 2032
2017-12-15 17:57:24,548 - 
gen	nevals
0  	31    
2017-12-15 17:58:44,678 - Best Individual didn't change. Stopping evolution
2017-12-15 17:58:44,679 - Hall of Fame: [1.0, 0.0, 0.0, 0.0, 0.0]
2017-12-15 17:58:44,681 - GA Estimate: 253.0
2017-12-15 17:58:44,681 - Observed Value: 267.0
2017-12-15 17:58:44,681 - Processing line number: 2033
2017-12-15 17:58:50,763 - 
gen	nevals
0  	31    
2017-12-15 18:00:08,822 - Best Individual didn't change. Stopping evolution
2017-12-15 18:00:08,823 - Hall of Fame: [1.0, 0.0, 0.0, 0.0, 0.0]
2017-12-15 18:00:08,825 - GA Estimate: 267.0
2017-12-15 18:00:08,825 - Observed Value: 268.0
2017-12-15 18:00:08,826 - Processing line number: 2034
2017-12-15 18:00:14,703 - 
gen	nevals
0  	31    
2017-12-15 18:01:33,125 - Best Individual didn't change. Stopping evolution
2017-12-15 18:01:33,127 - Hall of Fame: [1.0, 0.0, 0.0, 0.0, 0.0]
2017-12-15 18:01:33,130 - GA Estimate: 268.0
2017-12-15 18:01:33,130 - Observed Value: 270.0
2017-12-15 18:01:33,130 - Processing line number: 2035
2017-12-15 18:01:38,950 - 
gen	nevals
0  	31    
2017-12-15 18:02:56,785 - Best Individual didn't change. Stopping evolution
2017-12-15 18:02:56,785 - Hall of Fame: [1.0, 0.0, 0.0, 0.0, 0.0]
2017-12-15 18:02:56,788 - GA Estimate: 270.0
2017-12-15 18:02:56,788 - Observed Value: 269.0
2017-12-15 18:02:56,789 - Processing line number: 2036
2017-12-15 18:03:02,493 - 
gen	nevals
0  	31    
2017-12-15 18:04:20,203 - Best Individual didn't change. Stopping evolution
2017-12-15 18:04:20,204 - Hall of Fame: [1.0, 0.0, 0.0, 0.0, 0.0]
2017-12-15 18:04:20,206 - GA Estimate: 269.0
2017-12-15 18:04:20,206 - Observed Value: 112.0
2017-12-15 18:04:20,207 - Processing line number: 2037
2017-12-15 18:04:25,957 - 
gen	nevals
0  	31    
2017-12-15 18:05:44,904 - Best Individual didn't change. Stopping evolution
2017-12-15 18:05:44,905 - Hall of Fame: [1.0, 0.0, 0.0, 0.0, 0.0]
2017-12-15 18:05:45,026 - GA Estimate: 112.0
2017-12-15 18:05:45,026 - Observed Value: 267.0
2017-12-15 18:05:45,030 - Processing line number: 2038
2017-12-15 18:05:50,714 - 
gen	nevals
0  	31    
2017-12-15 18:07:07,455 - Best Individual didn't change. Stopping evolution
2017-12-15 18:07:07,456 - Hall of Fame: [1.0, 0.0, 0.0, 0.0, 0.0]
2017-12-15 18:07:07,458 - GA Estimate: 267.0
2017-12-15 18:07:07,458 - Observed Value: 259.0
2017-12-15 18:07:07,459 - Processing line number: 2039
2017-12-15 18:07:13,226 - 
gen	nevals
0  	31    
2017-12-15 18:08:29,662 - Best Individual didn't change. Stopping evolution
2017-12-15 18:08:29,663 - Hall of Fame: [1.0, 0.0, 0.0, 0.0, 0.0]
2017-12-15 18:08:29,665 - GA Estimate: 259.0
2017-12-15 18:08:29,665 - Observed Value: 117.0
2017-12-15 18:08:29,666 - Processing line number: 2040
2017-12-15 18:08:35,622 - 
gen	nevals
0  	31    
2017-12-15 18:09:50,500 - Best Individual didn't change. Stopping evolution
2017-12-15 18:09:50,501 - Hall of Fame: [1.0, 0.0, 0.0, 0.0, 0.0]
2017-12-15 18:09:50,504 - GA Estimate: 117.0
2017-12-15 18:09:50,504 - Observed Value: 1011.0
2017-12-15 18:09:50,504 - Processing line number: 2041
2017-12-15 18:09:56,468 - 
gen	nevals
0  	31    
2017-12-15 18:11:13,858 - Best Individual didn't change. Stopping evolution
2017-12-15 18:11:13,859 - Hall of Fame: [1.0, 0.0, 0.0, 0.0, 0.0]
2017-12-15 18:11:13,861 - GA Estimate: 1011.0
2017-12-15 18:11:13,861 - Observed Value: 270.0
2017-12-15 18:11:13,862 - Processing line number: 2042
2017-12-15 18:11:19,519 - 
gen	nevals
0  	31    
2017-12-15 18:12:35,668 - Best Individual didn't change. Stopping evolution
2017-12-15 18:12:35,669 - Hall of Fame: [1.0, 0.0, 0.0, 0.0, 0.0]
2017-12-15 18:12:35,671 - GA Estimate: 270.0
2017-12-15 18:12:35,672 - Observed Value: 270.0
2017-12-15 18:12:35,672 - Processing line number: 2043
2017-12-15 18:12:41,587 - 
gen	nevals
0  	31    
2017-12-15 18:13:58,286 - Best Individual didn't change. Stopping evolution
2017-12-15 18:13:58,287 - Hall of Fame: [1.0, 0.0, 0.0, 0.0, 0.0]
2017-12-15 18:13:58,290 - GA Estimate: 270.0
2017-12-15 18:13:58,378 - Observed Value: 268.0
2017-12-15 18:13:58,382 - Processing line number: 2044
2017-12-15 18:14:04,209 - 
gen	nevals
0  	31    
2017-12-15 18:15:21,342 - Best Individual didn't change. Stopping evolution
2017-12-15 18:15:21,395 - Hall of Fame: [1.0, 0.0, 0.0, 0.0, 0.0]
2017-12-15 18:15:21,397 - GA Estimate: 268.0
2017-12-15 18:15:21,397 - Observed Value: 269.0
2017-12-15 18:15:21,522 - Processing line number: 2045
2017-12-15 18:15:27,411 - 
gen	nevals
0  	31    
2017-12-15 18:16:44,038 - Best Individual didn't change. Stopping evolution
2017-12-15 18:16:44,039 - Hall of Fame: [1.0, 0.0, 0.0, 0.0, 0.0]
2017-12-15 18:16:44,041 - GA Estimate: 269.0
2017-12-15 18:16:44,041 - Observed Value: 267.0
2017-12-15 18:16:44,122 - Processing line number: 2046
2017-12-15 18:16:49,415 - 
gen	nevals
0  	31    
2017-12-15 18:18:07,747 - Best Individual didn't change. Stopping evolution
2017-12-15 18:18:07,748 - Hall of Fame: [1.0, 0.0, 0.0, 0.0, 0.0]
2017-12-15 18:18:07,750 - GA Estimate: 267.0
2017-12-15 18:18:07,750 - Observed Value: 175.0
2017-12-15 18:18:07,751 - Processing line number: 2047
2017-12-15 18:18:13,611 - 
gen	nevals
0  	31    
2017-12-15 18:19:30,282 - Best Individual didn't change. Stopping evolution
2017-12-15 18:19:30,283 - Hall of Fame: [1.0, 0.0, 0.0, 0.0, 0.0]
2017-12-15 18:19:30,285 - GA Estimate: 175.0
2017-12-15 18:19:30,285 - Observed Value: 269.0
2017-12-15 18:19:30,370 - Processing line number: 2048
2017-12-15 18:19:36,257 - 
gen	nevals
0  	31    
2017-12-15 18:20:54,704 - Best Individual didn't change. Stopping evolution
2017-12-15 18:20:54,705 - Hall of Fame: [1.0, 0.0, 0.0, 0.0, 0.0]
2017-12-15 18:20:54,839 - GA Estimate: 269.0
2017-12-15 18:20:54,840 - Observed Value: 268.0
2017-12-15 18:20:54,946 - Processing line number: 2049
2017-12-15 18:21:00,448 - 
gen	nevals
0  	31    
2017-12-15 18:22:17,334 - Best Individual didn't change. Stopping evolution
2017-12-15 18:22:17,335 - Hall of Fame: [1.0, 0.0, 0.0, 0.0, 0.0]
2017-12-15 18:22:17,337 - GA Estimate: 268.0
2017-12-15 18:22:17,338 - Observed Value: 179.0
2017-12-15 18:22:17,414 - Processing line number: 2050
2017-12-15 18:22:22,880 - 
gen	nevals
0  	31    
2017-12-15 18:23:39,606 - Best Individual didn't change. Stopping evolution
2017-12-15 18:23:39,608 - Hall of Fame: [1.0, 0.0, 0.0, 0.0, 0.0]
2017-12-15 18:23:39,711 - GA Estimate: 179.0
2017-12-15 18:23:39,711 - Observed Value: 268.0
2017-12-15 18:23:39,749 - Processing line number: 2051
2017-12-15 18:23:45,243 - 
gen	nevals
0  	31    
2017-12-15 18:25:00,643 - Best Individual didn't change. Stopping evolution
2017-12-15 18:25:00,644 - Hall of Fame: [1.0, 0.0, 0.0, 0.0, 0.0]
2017-12-15 18:25:00,646 - GA Estimate: 268.0
2017-12-15 18:25:00,646 - Observed Value: 272.0
2017-12-15 18:25:00,647 - Processing line number: 2052
2017-12-15 18:25:06,331 - 
gen	nevals
0  	31    
2017-12-15 18:26:22,603 - Best Individual didn't change. Stopping evolution
2017-12-15 18:26:22,604 - Hall of Fame: [1.0, 0.0, 0.0, 0.0, 0.0]
2017-12-15 18:26:22,687 - GA Estimate: 272.0
2017-12-15 18:26:22,687 - Observed Value: 269.0
2017-12-15 18:26:22,713 - Processing line number: 2053
2017-12-15 18:26:28,371 - 
gen	nevals
0  	31    
2017-12-15 18:27:44,730 - Best Individual didn't change. Stopping evolution
2017-12-15 18:27:44,731 - Hall of Fame: [1.0, 0.0, 0.0, 0.0, 0.0]
2017-12-15 18:27:44,733 - GA Estimate: 269.0
2017-12-15 18:27:44,734 - Observed Value: 268.0
2017-12-15 18:27:44,734 - Processing line number: 2054
2017-12-15 18:27:50,419 - 
gen	nevals
0  	31    
2017-12-15 18:29:06,570 - Best Individual didn't change. Stopping evolution
2017-12-15 18:29:06,571 - Hall of Fame: [1.0, 0.0, 0.0, 0.0, 0.0]
2017-12-15 18:29:06,574 - GA Estimate: 268.0
2017-12-15 18:29:06,574 - Observed Value: 262.0
2017-12-15 18:29:06,574 - Processing line number: 2055
2017-12-15 18:29:12,538 - 
gen	nevals
0  	31    
2017-12-15 18:30:27,084 - Best Individual didn't change. Stopping evolution
2017-12-15 18:30:27,085 - Hall of Fame: [1.0, 0.0, 0.0, 0.0, 0.0]
2017-12-15 18:30:27,087 - GA Estimate: 262.0
2017-12-15 18:30:27,087 - Observed Value: 268.0
2017-12-15 18:30:27,088 - Processing line number: 2056
2017-12-15 18:30:32,922 - 
gen	nevals
0  	31    
2017-12-15 18:31:52,629 - Best Individual didn't change. Stopping evolution
2017-12-15 18:31:52,629 - Hall of Fame: [1.0, 0.0, 0.0, 0.0, 0.0]
2017-12-15 18:31:52,752 - GA Estimate: 268.0
2017-12-15 18:31:52,752 - Observed Value: 270.0
2017-12-15 18:31:52,834 - Processing line number: 2057
2017-12-15 18:31:58,707 - 
gen	nevals
0  	31    
2017-12-15 18:33:17,987 - Best Individual didn't change. Stopping evolution
2017-12-15 18:33:17,988 - Hall of Fame: [1.0, 0.0, 0.0, 0.0, 0.0]
2017-12-15 18:33:17,990 - GA Estimate: 270.0
2017-12-15 18:33:17,990 - Observed Value: 1223.0
2017-12-15 18:33:17,998 - Processing line number: 2058
2017-12-15 18:33:23,708 - 
gen	nevals
0  	31    
2017-12-15 18:34:44,828 - Best Individual didn't change. Stopping evolution
2017-12-15 18:34:44,829 - Hall of Fame: [1.0, 0.0, 0.0, 0.0, 0.0]
2017-12-15 18:34:44,831 - GA Estimate: 1223.0
2017-12-15 18:34:44,832 - Observed Value: 268.0
2017-12-15 18:34:44,832 - Processing line number: 2059
2017-12-15 18:34:50,781 - 
gen	nevals
0  	31    
2017-12-15 18:36:09,129 - Best Individual didn't change. Stopping evolution
2017-12-15 18:36:09,130 - Hall of Fame: [1.0, 0.0, 0.0, 0.0, 0.0]
2017-12-15 18:36:09,145 - GA Estimate: 268.0
2017-12-15 18:36:09,145 - Observed Value: 272.0
2017-12-15 18:36:09,170 - Processing line number: 2060
2017-12-15 18:36:15,110 - 
gen	nevals
0  	31    
2017-12-15 18:37:34,146 - Best Individual didn't change. Stopping evolution
2017-12-15 18:37:34,147 - Hall of Fame: [1.0, 0.0, 0.0, 0.0, 0.0]
2017-12-15 18:37:34,149 - GA Estimate: 272.0
2017-12-15 18:37:34,149 - Observed Value: 271.0
2017-12-15 18:37:34,150 - Processing line number: 2061
2017-12-15 18:37:40,032 - 
gen	nevals
0  	31    
2017-12-15 18:38:56,615 - Best Individual didn't change. Stopping evolution
2017-12-15 18:38:56,616 - Hall of Fame: [1.0, 0.0, 0.0, 0.0, 0.0]
2017-12-15 18:38:56,707 - GA Estimate: 271.0
2017-12-15 18:38:56,707 - Observed Value: 274.0
2017-12-15 18:38:56,742 - Processing line number: 2062
2017-12-15 18:39:02,504 - 
gen	nevals
0  	31    
2017-12-15 18:40:18,334 - Best Individual didn't change. Stopping evolution
2017-12-15 18:40:18,335 - Hall of Fame: [1.0, 0.0, 0.0, 0.0, 0.0]
2017-12-15 18:40:18,337 - GA Estimate: 274.0
2017-12-15 18:40:18,338 - Observed Value: 269.0
2017-12-15 18:40:18,338 - Processing line number: 2063
2017-12-15 18:40:24,334 - 
gen	nevals
0  	31    
2017-12-15 18:41:41,232 - Best Individual didn't change. Stopping evolution
2017-12-15 18:41:41,234 - Hall of Fame: [1.0, 0.0, 0.0, 0.0, 0.0]
2017-12-15 18:41:41,236 - GA Estimate: 269.0
2017-12-15 18:41:41,236 - Observed Value: 268.0
2017-12-15 18:41:41,236 - Processing line number: 2064
2017-12-15 18:41:46,893 - 
gen	nevals
0  	31    
2017-12-15 18:43:03,827 - Best Individual didn't change. Stopping evolution
2017-12-15 18:43:03,828 - Hall of Fame: [1.0, 0.0, 0.0, 0.0, 0.0]
2017-12-15 18:43:03,830 - GA Estimate: 268.0
2017-12-15 18:43:03,830 - Observed Value: 270.0
2017-12-15 18:43:03,830 - Processing line number: 2065
2017-12-15 18:43:09,665 - 
gen	nevals
0  	31    
2017-12-15 18:44:24,676 - Best Individual didn't change. Stopping evolution
2017-12-15 18:44:24,677 - Hall of Fame: [1.0, 0.0, 0.0, 0.0, 0.0]
2017-12-15 18:44:24,680 - GA Estimate: 270.0
2017-12-15 18:44:24,680 - Observed Value: 270.0
2017-12-15 18:44:24,680 - Processing line number: 2066
2017-12-15 18:44:30,523 - 
gen	nevals
0  	31    
2017-12-15 18:45:48,471 - Best Individual didn't change. Stopping evolution
2017-12-15 18:45:48,472 - Hall of Fame: [1.0, 0.0, 0.0, 0.0, 0.0]
2017-12-15 18:45:48,474 - GA Estimate: 270.0
2017-12-15 18:45:48,474 - Observed Value: 269.0
2017-12-15 18:45:48,475 - Processing line number: 2067
2017-12-15 18:45:54,414 - 
gen	nevals
0  	31    
2017-12-15 18:47:11,681 - Best Individual didn't change. Stopping evolution
2017-12-15 18:47:11,682 - Hall of Fame: [1.0, 0.0, 0.0, 0.0, 0.0]
2017-12-15 18:47:11,684 - GA Estimate: 269.0
2017-12-15 18:47:11,685 - Observed Value: 267.0
2017-12-15 18:47:11,685 - Processing line number: 2068
2017-12-15 18:47:17,400 - 
gen	nevals
0  	31    
2017-12-15 18:48:35,144 - Best Individual didn't change. Stopping evolution
2017-12-15 18:48:35,145 - Hall of Fame: [1.0, 0.0, 0.0, 0.0, 0.0]
2017-12-15 18:48:35,147 - GA Estimate: 267.0
2017-12-15 18:48:35,147 - Observed Value: 264.0
2017-12-15 18:48:35,148 - Processing line number: 2069
2017-12-15 18:48:40,912 - 
gen	nevals
0  	31    
2017-12-15 18:49:59,061 - Best Individual didn't change. Stopping evolution
2017-12-15 18:49:59,062 - Hall of Fame: [1.0, 0.0, 0.0, 0.0, 0.0]
2017-12-15 18:49:59,064 - GA Estimate: 264.0
2017-12-15 18:49:59,064 - Observed Value: 271.0
2017-12-15 18:49:59,065 - Processing line number: 2070
2017-12-15 18:50:04,522 - 
gen	nevals
0  	31    
2017-12-15 18:51:21,416 - Best Individual didn't change. Stopping evolution
2017-12-15 18:51:21,417 - Hall of Fame: [1.0, 0.0, 0.0, 0.0, 0.0]
2017-12-15 18:51:21,504 - GA Estimate: 271.0
2017-12-15 18:51:21,504 - Observed Value: 271.0
2017-12-15 18:51:21,570 - Processing line number: 2071
2017-12-15 18:51:27,401 - 
gen	nevals
0  	31    
2017-12-15 18:52:42,524 - Best Individual didn't change. Stopping evolution
2017-12-15 18:52:42,525 - Hall of Fame: [1.0, 0.0, 0.0, 0.0, 0.0]
2017-12-15 18:52:42,527 - GA Estimate: 271.0
2017-12-15 18:52:42,527 - Observed Value: 265.0
2017-12-15 18:52:42,528 - Processing line number: 2072
2017-12-15 18:52:48,183 - 
gen	nevals
0  	31    
2017-12-15 18:54:04,413 - Best Individual didn't change. Stopping evolution
2017-12-15 18:54:04,414 - Hall of Fame: [1.0, 0.0, 0.0, 0.0, 0.0]
2017-12-15 18:54:04,416 - GA Estimate: 265.0
2017-12-15 18:54:04,416 - Observed Value: 271.0
2017-12-15 18:54:04,417 - Processing line number: 2073
2017-12-15 18:54:10,240 - 
gen	nevals
0  	31    
2017-12-15 18:55:25,696 - Best Individual didn't change. Stopping evolution
2017-12-15 18:55:25,697 - Hall of Fame: [1.0, 0.0, 0.0, 0.0, 0.0]
2017-12-15 18:55:25,699 - GA Estimate: 271.0
2017-12-15 18:55:25,699 - Observed Value: 276.0
2017-12-15 18:55:25,700 - Processing line number: 2074
2017-12-15 18:55:31,539 - 
gen	nevals
0  	31    
2017-12-15 18:56:48,974 - Best Individual didn't change. Stopping evolution
2017-12-15 18:56:48,975 - Hall of Fame: [1.0, 0.0, 0.0, 0.0, 0.0]
2017-12-15 18:56:48,978 - GA Estimate: 276.0
2017-12-15 18:56:48,978 - Observed Value: 1202.0
2017-12-15 18:56:49,086 - Processing line number: 2075
2017-12-15 18:56:54,719 - 
gen	nevals
0  	31    
2017-12-15 18:58:11,089 - Best Individual didn't change. Stopping evolution
2017-12-15 18:58:11,090 - Hall of Fame: [1.0, 0.0, 0.0, 0.0, 0.0]
2017-12-15 18:58:11,092 - GA Estimate: 1202.0
2017-12-15 18:58:11,092 - Observed Value: 157.0
2017-12-15 18:58:11,093 - Processing line number: 2076
2017-12-15 18:58:16,562 - 
gen	nevals
0  	31    
2017-12-15 18:59:36,519 - Best Individual didn't change. Stopping evolution
2017-12-15 18:59:36,520 - Hall of Fame: [1.0, 0.0, 0.0, 0.0, 0.0]
2017-12-15 18:59:36,523 - GA Estimate: 157.0
2017-12-15 18:59:36,523 - Observed Value: 111.0
2017-12-15 18:59:36,523 - Processing line number: 2077
2017-12-15 18:59:42,535 - 
gen	nevals
0  	31    
2017-12-15 19:01:02,576 - Best Individual didn't change. Stopping evolution
2017-12-15 19:01:02,577 - Hall of Fame: [1.0, 0.0, 0.0, 0.0, 0.0]
2017-12-15 19:01:02,579 - GA Estimate: 111.0
2017-12-15 19:01:02,579 - Observed Value: 267.0
2017-12-15 19:01:02,580 - Processing line number: 2078
2017-12-15 19:01:08,266 - 
gen	nevals
0  	31    
2017-12-15 19:02:25,768 - Best Individual didn't change. Stopping evolution
2017-12-15 19:02:25,769 - Hall of Fame: [1.0, 0.0, 0.0, 0.0, 0.0]
2017-12-15 19:02:25,772 - GA Estimate: 267.0
2017-12-15 19:02:25,772 - Observed Value: 272.0
2017-12-15 19:02:25,772 - Processing line number: 2079
2017-12-15 19:02:31,422 - 
gen	nevals
0  	31    
2017-12-15 19:03:49,782 - Best Individual didn't change. Stopping evolution
2017-12-15 19:03:49,859 - Hall of Fame: [1.0, 0.0, 0.0, 0.0, 0.0]
2017-12-15 19:03:49,861 - GA Estimate: 272.0
2017-12-15 19:03:49,861 - Observed Value: 272.0
2017-12-15 19:03:49,937 - Processing line number: 2080
2017-12-15 19:03:55,795 - 
gen	nevals
0  	31    
2017-12-15 19:05:13,674 - Best Individual didn't change. Stopping evolution
2017-12-15 19:05:13,675 - Hall of Fame: [1.0, 0.0, 0.0, 0.0, 0.0]
2017-12-15 19:05:13,677 - GA Estimate: 272.0
2017-12-15 19:05:13,677 - Observed Value: 470.0
2017-12-15 19:05:13,678 - Processing line number: 2081
2017-12-15 19:05:19,390 - 
gen	nevals
0  	31    
2017-12-15 19:06:37,020 - Best Individual didn't change. Stopping evolution
2017-12-15 19:06:37,021 - Hall of Fame: [1.0, 0.0, 0.0, 0.0, 0.0]
2017-12-15 19:06:37,023 - GA Estimate: 470.0
2017-12-15 19:06:37,024 - Observed Value: 268.0
2017-12-15 19:06:37,024 - Processing line number: 2082
2017-12-15 19:06:42,922 - 
gen	nevals
0  	31    
2017-12-15 19:07:58,201 - Best Individual didn't change. Stopping evolution
2017-12-15 19:07:58,202 - Hall of Fame: [1.0, 0.0, 0.0, 0.0, 0.0]
2017-12-15 19:07:58,204 - GA Estimate: 268.0
2017-12-15 19:07:58,204 - Observed Value: 257.0
2017-12-15 19:07:58,205 - Processing line number: 2083
2017-12-15 19:08:03,489 - 
gen	nevals
0  	31    
2017-12-15 19:09:20,133 - Best Individual didn't change. Stopping evolution
2017-12-15 19:09:20,134 - Hall of Fame: [1.0, 0.0, 0.0, 0.0, 0.0]
2017-12-15 19:09:20,136 - GA Estimate: 257.0
2017-12-15 19:09:20,136 - Observed Value: 268.0
2017-12-15 19:09:20,137 - Processing line number: 2084
2017-12-15 19:09:25,857 - 
gen	nevals
0  	31    
2017-12-15 19:10:43,276 - Best Individual didn't change. Stopping evolution
2017-12-15 19:10:43,277 - Hall of Fame: [1.0, 0.0, 0.0, 0.0, 0.0]
2017-12-15 19:10:43,280 - GA Estimate: 268.0
2017-12-15 19:10:43,280 - Observed Value: 271.0
2017-12-15 19:10:43,280 - Processing line number: 2085
2017-12-15 19:10:49,075 - 
gen	nevals
0  	31    
2017-12-15 19:12:05,399 - Best Individual didn't change. Stopping evolution
2017-12-15 19:12:05,399 - Hall of Fame: [1.0, 0.0, 0.0, 0.0, 0.0]
2017-12-15 19:12:05,402 - GA Estimate: 271.0
2017-12-15 19:12:05,402 - Observed Value: 278.0
2017-12-15 19:12:05,402 - Processing line number: 2086
2017-12-15 19:12:11,372 - 
gen	nevals
0  	31    
2017-12-15 19:13:27,379 - Best Individual didn't change. Stopping evolution
2017-12-15 19:13:27,447 - Hall of Fame: [1.0, 0.0, 0.0, 0.0, 0.0]
2017-12-15 19:13:27,449 - GA Estimate: 278.0
2017-12-15 19:13:27,449 - Observed Value: 271.0
2017-12-15 19:13:27,538 - Processing line number: 2087
2017-12-15 19:13:33,088 - 
gen	nevals
0  	31    
2017-12-15 19:14:51,373 - Best Individual didn't change. Stopping evolution
2017-12-15 19:14:51,374 - Hall of Fame: [1.0, 0.0, 0.0, 0.0, 0.0]
2017-12-15 19:14:51,377 - GA Estimate: 271.0
2017-12-15 19:14:51,377 - Observed Value: 273.0
2017-12-15 19:14:51,377 - Processing line number: 2088
2017-12-15 19:14:57,319 - 
gen	nevals
0  	31    
2017-12-15 19:16:14,246 - Best Individual didn't change. Stopping evolution
2017-12-15 19:16:14,335 - Hall of Fame: [1.0, 0.0, 0.0, 0.0, 0.0]
2017-12-15 19:16:14,337 - GA Estimate: 273.0
2017-12-15 19:16:14,337 - Observed Value: 271.0
2017-12-15 19:16:14,438 - Processing line number: 2089
2017-12-15 19:16:20,275 - 
gen	nevals
0  	31    
2017-12-15 19:17:38,687 - Best Individual didn't change. Stopping evolution
2017-12-15 19:17:38,688 - Hall of Fame: [1.0, 0.0, 0.0, 0.0, 0.0]
2017-12-15 19:17:38,759 - GA Estimate: 271.0
2017-12-15 19:17:38,759 - Observed Value: 347.0
2017-12-15 19:17:38,826 - Processing line number: 2090
2017-12-15 19:17:44,331 - 
gen	nevals
0  	31    
2017-12-15 19:19:00,438 - Best Individual didn't change. Stopping evolution
2017-12-15 19:19:00,439 - Hall of Fame: [1.0, 0.0, 0.0, 0.0, 0.0]
2017-12-15 19:19:00,441 - GA Estimate: 347.0
2017-12-15 19:19:00,442 - Observed Value: 1253.0
2017-12-15 19:19:00,442 - Processing line number: 2091
2017-12-15 19:19:06,229 - 
gen	nevals
0  	31    
2017-12-15 19:20:22,476 - Best Individual didn't change. Stopping evolution
2017-12-15 19:20:22,477 - Hall of Fame: [1.0, 0.0, 0.0, 0.0, 0.0]
2017-12-15 19:20:22,479 - GA Estimate: 1253.0
2017-12-15 19:20:22,479 - Observed Value: 276.0
2017-12-15 19:20:22,486 - Processing line number: 2092
2017-12-15 19:20:28,107 - 
gen	nevals
0  	31    
2017-12-15 19:21:43,682 - Best Individual didn't change. Stopping evolution
2017-12-15 19:21:43,683 - Hall of Fame: [1.0, 0.0, 0.0, 0.0, 0.0]
2017-12-15 19:21:43,685 - GA Estimate: 276.0
2017-12-15 19:21:43,685 - Observed Value: 273.0
2017-12-15 19:21:43,686 - Processing line number: 2093
2017-12-15 19:21:49,753 - 
gen	nevals
0  	31    
2017-12-15 19:23:05,832 - Best Individual didn't change. Stopping evolution
2017-12-15 19:23:05,833 - Hall of Fame: [1.0, 0.0, 0.0, 0.0, 0.0]
2017-12-15 19:23:05,836 - GA Estimate: 273.0
2017-12-15 19:23:05,836 - Observed Value: 270.0
2017-12-15 19:23:05,837 - Processing line number: 2094
2017-12-15 19:23:11,657 - 
gen	nevals
0  	31    
2017-12-15 19:24:28,420 - Best Individual didn't change. Stopping evolution
2017-12-15 19:24:28,421 - Hall of Fame: [1.0, 0.0, 0.0, 0.0, 0.0]
2017-12-15 19:24:28,423 - GA Estimate: 270.0
2017-12-15 19:24:28,423 - Observed Value: 273.0
2017-12-15 19:24:28,424 - Processing line number: 2095
2017-12-15 19:24:34,344 - 
gen	nevals
0  	31    
2017-12-15 19:25:51,624 - Best Individual didn't change. Stopping evolution
2017-12-15 19:25:51,625 - Hall of Fame: [1.0, 0.0, 0.0, 0.0, 0.0]
2017-12-15 19:25:51,716 - GA Estimate: 273.0
2017-12-15 19:25:51,716 - Observed Value: 261.0
2017-12-15 19:25:51,766 - Processing line number: 2096
2017-12-15 19:25:57,548 - 
gen	nevals
0  	31    
2017-12-15 19:27:14,509 - Best Individual didn't change. Stopping evolution
2017-12-15 19:27:14,510 - Hall of Fame: [1.0, 0.0, 0.0, 0.0, 0.0]
2017-12-15 19:27:14,513 - GA Estimate: 261.0
2017-12-15 19:27:14,513 - Observed Value: 270.0
2017-12-15 19:27:14,513 - Processing line number: 2097
2017-12-15 19:27:20,180 - 
gen	nevals
0  	31    
2017-12-15 19:28:37,115 - Best Individual didn't change. Stopping evolution
2017-12-15 19:28:37,116 - Hall of Fame: [1.0, 0.0, 0.0, 0.0, 0.0]
2017-12-15 19:28:37,199 - GA Estimate: 270.0
2017-12-15 19:28:37,199 - Observed Value: 203.0
2017-12-15 19:28:37,238 - Processing line number: 2098
2017-12-15 19:28:42,776 - 
gen	nevals
0  	31    
2017-12-15 19:29:55,489 - Best Individual didn't change. Stopping evolution
2017-12-15 19:29:55,575 - Hall of Fame: [1.0, 0.0, 0.0, 0.0, 0.0]
2017-12-15 19:29:55,577 - GA Estimate: 203.0
2017-12-15 19:29:55,577 - Observed Value: 272.0
2017-12-15 19:29:55,662 - Processing line number: 2099
2017-12-15 19:30:01,224 - 
gen	nevals
0  	31    
2017-12-15 19:31:19,429 - Best Individual didn't change. Stopping evolution
2017-12-15 19:31:19,430 - Hall of Fame: [1.0, 0.0, 0.0, 0.0, 0.0]
2017-12-15 19:31:19,433 - GA Estimate: 272.0
2017-12-15 19:31:19,433 - Observed Value: 267.0
2017-12-15 19:31:19,433 - Processing line number: 2100
2017-12-15 19:31:25,066 - 
gen	nevals
0  	31    
2017-12-15 19:32:41,516 - Best Individual didn't change. Stopping evolution
2017-12-15 19:32:41,517 - Hall of Fame: [1.0, 0.0, 0.0, 0.0, 0.0]
2017-12-15 19:32:41,519 - GA Estimate: 267.0
2017-12-15 19:32:41,520 - Observed Value: 270.0
2017-12-15 19:32:41,526 - Processing line number: 2101
2017-12-15 19:32:47,117 - 
gen	nevals
0  	31    
2017-12-15 19:34:05,659 - Best Individual didn't change. Stopping evolution
2017-12-15 19:34:05,660 - Hall of Fame: [1.0, 0.0, 0.0, 0.0, 0.0]
2017-12-15 19:34:05,662 - GA Estimate: 270.0
2017-12-15 19:34:05,662 - Observed Value: 268.0
2017-12-15 19:34:05,663 - Processing line number: 2102
2017-12-15 19:34:11,632 - 
gen	nevals
0  	31    
2017-12-15 19:35:27,549 - Best Individual didn't change. Stopping evolution
2017-12-15 19:35:27,550 - Hall of Fame: [1.0, 0.0, 0.0, 0.0, 0.0]
2017-12-15 19:35:27,552 - GA Estimate: 268.0
2017-12-15 19:35:27,552 - Observed Value: 247.0
2017-12-15 19:35:27,552 - Processing line number: 2103
2017-12-15 19:35:33,219 - 
gen	nevals
0  	31    
2017-12-15 19:36:49,214 - Best Individual didn't change. Stopping evolution
2017-12-15 19:36:49,215 - Hall of Fame: [1.0, 0.0, 0.0, 0.0, 0.0]
2017-12-15 19:36:49,217 - GA Estimate: 247.0
2017-12-15 19:36:49,217 - Observed Value: 270.0
2017-12-15 19:36:49,218 - Processing line number: 2104
2017-12-15 19:36:55,491 - 
gen	nevals
0  	31    
2017-12-15 19:38:14,154 - Best Individual didn't change. Stopping evolution
2017-12-15 19:38:14,155 - Hall of Fame: [1.0, 0.0, 0.0, 0.0, 0.0]
2017-12-15 19:38:14,157 - GA Estimate: 270.0
2017-12-15 19:38:14,157 - Observed Value: 286.0
2017-12-15 19:38:14,158 - Processing line number: 2105
2017-12-15 19:38:20,045 - 
gen	nevals
0  	31    
2017-12-15 19:39:38,276 - Best Individual didn't change. Stopping evolution
2017-12-15 19:39:38,277 - Hall of Fame: [1.0, 0.0, 0.0, 0.0, 0.0]
2017-12-15 19:39:38,279 - GA Estimate: 286.0
2017-12-15 19:39:38,279 - Observed Value: 271.0
2017-12-15 19:39:38,280 - Processing line number: 2106
2017-12-15 19:39:44,232 - 
gen	nevals
0  	31    
2017-12-15 19:41:04,088 - Best Individual didn't change. Stopping evolution
2017-12-15 19:41:04,119 - Hall of Fame: [1.0, 0.0, 0.0, 0.0, 0.0]
2017-12-15 19:41:04,121 - GA Estimate: 271.0
2017-12-15 19:41:04,121 - Observed Value: 1229.0
2017-12-15 19:41:04,122 - Processing line number: 2107
2017-12-15 19:41:09,837 - 
gen	nevals
0  	31    
2017-12-15 19:42:26,748 - Best Individual didn't change. Stopping evolution
2017-12-15 19:42:26,749 - Hall of Fame: [1.0, 0.0, 0.0, 0.0, 0.0]
2017-12-15 19:42:26,832 - GA Estimate: 1229.0
2017-12-15 19:42:26,832 - Observed Value: 209.0
2017-12-15 19:42:26,882 - Processing line number: 2108
2017-12-15 19:42:32,532 - 
gen	nevals
0  	31    
2017-12-15 19:43:49,333 - Best Individual didn't change. Stopping evolution
2017-12-15 19:43:49,427 - Hall of Fame: [1.0, 0.0, 0.0, 0.0, 0.0]
2017-12-15 19:43:49,429 - GA Estimate: 209.0
2017-12-15 19:43:49,429 - Observed Value: 271.0
2017-12-15 19:43:49,518 - Processing line number: 2109
2017-12-15 19:43:55,459 - 
gen	nevals
0  	31    
2017-12-15 19:45:10,181 - Best Individual didn't change. Stopping evolution
2017-12-15 19:45:10,181 - Hall of Fame: [1.0, 0.0, 0.0, 0.0, 0.0]
2017-12-15 19:45:10,184 - GA Estimate: 271.0
2017-12-15 19:45:10,184 - Observed Value: 277.0
2017-12-15 19:45:10,185 - Processing line number: 2110
2017-12-15 19:45:16,187 - 
gen	nevals
0  	31    
2017-12-15 19:46:32,035 - Best Individual didn't change. Stopping evolution
2017-12-15 19:46:32,036 - Hall of Fame: [1.0, 0.0, 0.0, 0.0, 0.0]
2017-12-15 19:46:32,038 - GA Estimate: 277.0
2017-12-15 19:46:32,038 - Observed Value: 272.0
2017-12-15 19:46:32,038 - Processing line number: 2111
2017-12-15 19:46:37,623 - 
gen	nevals
0  	31    
2017-12-15 19:47:54,849 - Best Individual didn't change. Stopping evolution
2017-12-15 19:47:54,974 - Hall of Fame: [1.0, 0.0, 0.0, 0.0, 0.0]
2017-12-15 19:47:54,977 - GA Estimate: 272.0
2017-12-15 19:47:54,977 - Observed Value: 272.0
2017-12-15 19:47:55,054 - Processing line number: 2112
2017-12-15 19:48:00,644 - 
gen	nevals
0  	31    
2017-12-15 19:49:15,321 - Best Individual didn't change. Stopping evolution
2017-12-15 19:49:15,322 - Hall of Fame: [1.0, 0.0, 0.0, 0.0, 0.0]
2017-12-15 19:49:15,324 - GA Estimate: 272.0
2017-12-15 19:49:15,324 - Observed Value: 273.0
2017-12-15 19:49:15,325 - Processing line number: 2113
2017-12-15 19:49:21,422 - 
gen	nevals
0  	31    
2017-12-15 19:50:39,104 - Best Individual didn't change. Stopping evolution
2017-12-15 19:50:39,105 - Hall of Fame: [1.0, 0.0, 0.0, 0.0, 0.0]
2017-12-15 19:50:39,107 - GA Estimate: 273.0
2017-12-15 19:50:39,107 - Observed Value: 273.0
2017-12-15 19:50:39,230 - Processing line number: 2114
2017-12-15 19:50:44,931 - 
gen	nevals
0  	31    
2017-12-15 19:52:00,827 - Best Individual didn't change. Stopping evolution
2017-12-15 19:52:00,828 - Hall of Fame: [1.0, 0.0, 0.0, 0.0, 0.0]
2017-12-15 19:52:00,831 - GA Estimate: 273.0
2017-12-15 19:52:00,831 - Observed Value: 270.0
2017-12-15 19:52:00,831 - Processing line number: 2115
2017-12-15 19:52:06,948 - 
gen	nevals
0  	31    
2017-12-15 19:53:23,093 - Best Individual didn't change. Stopping evolution
2017-12-15 19:53:23,094 - Hall of Fame: [1.0, 0.0, 0.0, 0.0, 0.0]
2017-12-15 19:53:23,097 - GA Estimate: 270.0
2017-12-15 19:53:23,097 - Observed Value: 266.0
2017-12-15 19:53:23,102 - Processing line number: 2116
2017-12-15 19:53:28,966 - 
gen	nevals
0  	31    
2017-12-15 19:54:46,524 - Best Individual didn't change. Stopping evolution
2017-12-15 19:54:46,525 - Hall of Fame: [1.0, 0.0, 0.0, 0.0, 0.0]
2017-12-15 19:54:46,624 - GA Estimate: 266.0
2017-12-15 19:54:46,624 - Observed Value: 273.0
2017-12-15 19:54:46,670 - Processing line number: 2117
2017-12-15 19:54:52,344 - 
gen	nevals
0  	31    
2017-12-15 19:56:09,775 - Best Individual didn't change. Stopping evolution
2017-12-15 19:56:09,776 - Hall of Fame: [1.0, 0.0, 0.0, 0.0, 0.0]
2017-12-15 19:56:09,779 - GA Estimate: 273.0
2017-12-15 19:56:09,779 - Observed Value: 271.0
2017-12-15 19:56:09,779 - Processing line number: 2118
2017-12-15 19:56:15,678 - 
gen	nevals
0  	31    
2017-12-15 19:57:33,824 - Best Individual didn't change. Stopping evolution
2017-12-15 19:57:33,825 - Hall of Fame: [1.0, 0.0, 0.0, 0.0, 0.0]
2017-12-15 19:57:33,827 - GA Estimate: 271.0
2017-12-15 19:57:33,827 - Observed Value: 272.0
2017-12-15 19:57:33,827 - Processing line number: 2119
2017-12-15 19:57:39,714 - 
gen	nevals
0  	31    
2017-12-15 19:58:58,755 - Best Individual didn't change. Stopping evolution
2017-12-15 19:58:58,756 - Hall of Fame: [1.0, 0.0, 0.0, 0.0, 0.0]
2017-12-15 19:58:58,759 - GA Estimate: 272.0
2017-12-15 19:58:58,759 - Observed Value: 366.0
2017-12-15 19:58:58,759 - Processing line number: 2120
2017-12-15 19:59:04,600 - 
gen	nevals
0  	31    
2017-12-15 20:00:22,661 - Best Individual didn't change. Stopping evolution
2017-12-15 20:00:22,662 - Hall of Fame: [1.0, 0.0, 0.0, 0.0, 0.0]
2017-12-15 20:00:22,664 - GA Estimate: 366.0
2017-12-15 20:00:22,665 - Observed Value: 189.0
2017-12-15 20:00:22,665 - Processing line number: 2121
2017-12-15 20:00:28,448 - 
gen	nevals
0  	31    
2017-12-15 20:01:46,744 - Best Individual didn't change. Stopping evolution
2017-12-15 20:01:46,745 - Hall of Fame: [1.0, 0.0, 0.0, 0.0, 0.0]
2017-12-15 20:01:46,747 - GA Estimate: 189.0
2017-12-15 20:01:46,747 - Observed Value: 340.0
2017-12-15 20:01:46,748 - Processing line number: 2122
2017-12-15 20:01:52,889 - 
gen	nevals
0  	31    
2017-12-15 20:03:10,030 - Best Individual didn't change. Stopping evolution
2017-12-15 20:03:10,032 - Hall of Fame: [1.0, 0.0, 0.0, 0.0, 0.0]
2017-12-15 20:03:10,118 - GA Estimate: 340.0
2017-12-15 20:03:10,118 - Observed Value: 253.0
2017-12-15 20:03:10,150 - Processing line number: 2123
2017-12-15 20:03:15,614 - 
gen	nevals
0  	31    
2017-12-15 20:04:32,348 - Best Individual didn't change. Stopping evolution
2017-12-15 20:04:32,348 - Hall of Fame: [1.0, 0.0, 0.0, 0.0, 0.0]
2017-12-15 20:04:32,351 - GA Estimate: 253.0
2017-12-15 20:04:32,351 - Observed Value: 1242.0
2017-12-15 20:04:32,351 - Processing line number: 2124
2017-12-15 20:04:37,985 - 
gen	nevals
0  	31    
2017-12-15 20:05:52,737 - Best Individual didn't change. Stopping evolution
2017-12-15 20:05:52,827 - Hall of Fame: [1.0, 0.0, 0.0, 0.0, 0.0]
2017-12-15 20:05:52,829 - GA Estimate: 1242.0
2017-12-15 20:05:52,829 - Observed Value: 270.0
2017-12-15 20:05:52,910 - Processing line number: 2125
2017-12-15 20:05:58,615 - 
gen	nevals
0  	31    
2017-12-15 20:07:16,303 - Best Individual didn't change. Stopping evolution
2017-12-15 20:07:16,304 - Hall of Fame: [1.0, 0.0, 0.0, 0.0, 0.0]
2017-12-15 20:07:16,306 - GA Estimate: 270.0
2017-12-15 20:07:16,306 - Observed Value: 187.0
2017-12-15 20:07:16,307 - Processing line number: 2126
2017-12-15 20:07:22,208 - 
gen	nevals
0  	31    
2017-12-15 20:08:37,694 - Best Individual didn't change. Stopping evolution
2017-12-15 20:08:37,695 - Hall of Fame: [1.0, 0.0, 0.0, 0.0, 0.0]
2017-12-15 20:08:37,698 - GA Estimate: 187.0
2017-12-15 20:08:37,698 - Observed Value: 272.0
2017-12-15 20:08:37,698 - Processing line number: 2127
2017-12-15 20:08:43,401 - 
gen	nevals
0  	31    
2017-12-15 20:09:59,003 - Best Individual didn't change. Stopping evolution
2017-12-15 20:09:59,004 - Hall of Fame: [1.0, 0.0, 0.0, 0.0, 0.0]
2017-12-15 20:09:59,007 - GA Estimate: 272.0
2017-12-15 20:09:59,007 - Observed Value: 322.0
2017-12-15 20:09:59,007 - Processing line number: 2128
2017-12-15 20:10:05,018 - 
gen	nevals
0  	31    
2017-12-15 20:11:21,355 - Best Individual didn't change. Stopping evolution
2017-12-15 20:11:21,356 - Hall of Fame: [1.0, 0.0, 0.0, 0.0, 0.0]
2017-12-15 20:11:21,431 - GA Estimate: 322.0
2017-12-15 20:11:21,431 - Observed Value: 271.0
2017-12-15 20:11:21,486 - Processing line number: 2129
2017-12-15 20:11:27,329 - 
gen	nevals
0  	31    
2017-12-15 20:12:43,625 - Best Individual didn't change. Stopping evolution
2017-12-15 20:12:43,626 - Hall of Fame: [1.0, 0.0, 0.0, 0.0, 0.0]
2017-12-15 20:12:43,628 - GA Estimate: 271.0
2017-12-15 20:12:43,628 - Observed Value: 272.0
2017-12-15 20:12:43,629 - Processing line number: 2130
2017-12-15 20:12:49,155 - 
gen	nevals
0  	31    
2017-12-15 20:14:06,986 - Best Individual didn't change. Stopping evolution
2017-12-15 20:14:06,987 - Hall of Fame: [1.0, 0.0, 0.0, 0.0, 0.0]
2017-12-15 20:14:06,989 - GA Estimate: 272.0
2017-12-15 20:14:06,989 - Observed Value: 269.0
2017-12-15 20:14:06,990 - Processing line number: 2131
2017-12-15 20:14:12,808 - 
gen	nevals
0  	31    
2017-12-15 20:15:29,928 - Best Individual didn't change. Stopping evolution
2017-12-15 20:15:29,929 - Hall of Fame: [1.0, 0.0, 0.0, 0.0, 0.0]
2017-12-15 20:15:29,931 - GA Estimate: 269.0
2017-12-15 20:15:29,931 - Observed Value: 280.0
2017-12-15 20:15:29,932 - Processing line number: 2132
2017-12-15 20:15:35,756 - 
gen	nevals
0  	31    
2017-12-15 20:16:51,549 - Best Individual didn't change. Stopping evolution
2017-12-15 20:16:51,550 - Hall of Fame: [1.0, 0.0, 0.0, 0.0, 0.0]
2017-12-15 20:16:51,552 - GA Estimate: 280.0
2017-12-15 20:16:51,552 - Observed Value: 278.0
2017-12-15 20:16:51,552 - Processing line number: 2133
2017-12-15 20:16:57,450 - 
gen	nevals
0  	31    
2017-12-15 20:18:14,063 - Best Individual didn't change. Stopping evolution
2017-12-15 20:18:14,064 - Hall of Fame: [1.0, 0.0, 0.0, 0.0, 0.0]
2017-12-15 20:18:14,067 - GA Estimate: 278.0
2017-12-15 20:18:14,067 - Observed Value: 270.0
2017-12-15 20:18:14,086 - Processing line number: 2134
2017-12-15 20:18:19,852 - 
gen	nevals
0  	31    
2017-12-15 20:19:34,713 - Best Individual didn't change. Stopping evolution
2017-12-15 20:19:34,714 - Hall of Fame: [1.0, 0.0, 0.0, 0.0, 0.0]
2017-12-15 20:19:34,716 - GA Estimate: 270.0
2017-12-15 20:19:34,716 - Observed Value: 271.0
2017-12-15 20:19:34,717 - Processing line number: 2135
2017-12-15 20:19:40,417 - 
gen	nevals
0  	31    
2017-12-15 20:20:56,845 - Best Individual didn't change. Stopping evolution
2017-12-15 20:20:56,846 - Hall of Fame: [1.0, 0.0, 0.0, 0.0, 0.0]
2017-12-15 20:20:56,848 - GA Estimate: 271.0
2017-12-15 20:20:56,849 - Observed Value: 272.0
2017-12-15 20:20:56,849 - Processing line number: 2136
2017-12-15 20:21:02,703 - 
gen	nevals
0  	31    
2017-12-15 20:22:19,645 - Best Individual didn't change. Stopping evolution
2017-12-15 20:22:19,646 - Hall of Fame: [1.0, 0.0, 0.0, 0.0, 0.0]
2017-12-15 20:22:19,649 - GA Estimate: 272.0
2017-12-15 20:22:19,649 - Observed Value: 273.0
2017-12-15 20:22:19,649 - Processing line number: 2137
2017-12-15 20:22:25,291 - 
gen	nevals
0  	31    
2017-12-15 20:23:44,225 - Best Individual didn't change. Stopping evolution
2017-12-15 20:23:44,226 - Hall of Fame: [1.0, 0.0, 0.0, 0.0, 0.0]
2017-12-15 20:23:44,229 - GA Estimate: 273.0
2017-12-15 20:23:44,229 - Observed Value: 270.0
2017-12-15 20:23:44,229 - Processing line number: 2138
2017-12-15 20:23:49,830 - 
gen	nevals
0  	31    
2017-12-15 20:25:06,882 - Best Individual didn't change. Stopping evolution
2017-12-15 20:25:06,883 - Hall of Fame: [1.0, 0.0, 0.0, 0.0, 0.0]
2017-12-15 20:25:06,886 - GA Estimate: 270.0
2017-12-15 20:25:06,886 - Observed Value: 274.0
2017-12-15 20:25:06,886 - Processing line number: 2139
2017-12-15 20:25:12,826 - 
gen	nevals
0  	31    
2017-12-15 20:26:31,752 - Best Individual didn't change. Stopping evolution
2017-12-15 20:26:31,753 - Hall of Fame: [1.0, 0.0, 0.0, 0.0, 0.0]
2017-12-15 20:26:31,756 - GA Estimate: 274.0
2017-12-15 20:26:31,756 - Observed Value: 270.0
2017-12-15 20:26:31,756 - Processing line number: 2140
2017-12-15 20:26:37,566 - 
gen	nevals
0  	31    
2017-12-15 20:27:52,943 - Best Individual didn't change. Stopping evolution
2017-12-15 20:27:52,944 - Hall of Fame: [1.0, 0.0, 0.0, 0.0, 0.0]
2017-12-15 20:27:52,951 - GA Estimate: 270.0
2017-12-15 20:27:52,951 - Observed Value: 1229.0
2017-12-15 20:27:52,951 - Processing line number: 2141
2017-12-15 20:27:58,892 - 
gen	nevals
0  	31    
2017-12-15 20:29:12,513 - Best Individual didn't change. Stopping evolution
2017-12-15 20:29:12,534 - Hall of Fame: [1.0, 0.0, 0.0, 0.0, 0.0]
2017-12-15 20:29:12,537 - GA Estimate: 1229.0
2017-12-15 20:29:12,537 - Observed Value: 212.0
2017-12-15 20:29:12,594 - Processing line number: 2142
2017-12-15 20:29:18,055 - 
gen	nevals
0  	31    
2017-12-15 20:30:33,919 - Best Individual didn't change. Stopping evolution
2017-12-15 20:30:33,920 - Hall of Fame: [1.0, 0.0, 0.0, 0.0, 0.0]
2017-12-15 20:30:33,923 - GA Estimate: 212.0
2017-12-15 20:30:33,923 - Observed Value: 266.0
2017-12-15 20:30:33,923 - Processing line number: 2143
2017-12-15 20:30:39,640 - 
gen	nevals
0  	31    
2017-12-15 20:31:55,667 - Best Individual didn't change. Stopping evolution
2017-12-15 20:31:55,668 - Hall of Fame: [1.0, 0.0, 0.0, 0.0, 0.0]
2017-12-15 20:31:55,702 - GA Estimate: 266.0
2017-12-15 20:31:55,702 - Observed Value: 254.0
2017-12-15 20:31:55,710 - Processing line number: 2144
2017-12-15 20:32:01,558 - 
gen	nevals
0  	31    
2017-12-15 20:33:18,663 - Best Individual didn't change. Stopping evolution
2017-12-15 20:33:18,664 - Hall of Fame: [1.0, 0.0, 0.0, 0.0, 0.0]
2017-12-15 20:33:18,750 - GA Estimate: 254.0
2017-12-15 20:33:18,750 - Observed Value: 271.0
2017-12-15 20:33:18,758 - Processing line number: 2145
2017-12-15 20:33:24,764 - 
gen	nevals
0  	31    
2017-12-15 20:34:40,833 - Best Individual didn't change. Stopping evolution
2017-12-15 20:34:40,834 - Hall of Fame: [1.0, 0.0, 0.0, 0.0, 0.0]
2017-12-15 20:34:40,836 - GA Estimate: 271.0
2017-12-15 20:34:40,836 - Observed Value: 274.0
2017-12-15 20:34:40,837 - Processing line number: 2146
2017-12-15 20:34:46,599 - 
gen	nevals
0  	31    
2017-12-15 20:36:01,264 - Best Individual didn't change. Stopping evolution
2017-12-15 20:36:01,265 - Hall of Fame: [1.0, 0.0, 0.0, 0.0, 0.0]
2017-12-15 20:36:01,268 - GA Estimate: 274.0
2017-12-15 20:36:01,268 - Observed Value: 222.0
2017-12-15 20:36:01,268 - Processing line number: 2147
2017-12-15 20:36:07,087 - 
gen	nevals
0  	31    
2017-12-15 20:37:24,827 - Best Individual didn't change. Stopping evolution
2017-12-15 20:37:24,828 - Hall of Fame: [1.0, 0.0, 0.0, 0.0, 0.0]
2017-12-15 20:37:24,831 - GA Estimate: 222.0
2017-12-15 20:37:24,831 - Observed Value: 258.0
2017-12-15 20:37:24,831 - Processing line number: 2148
2017-12-15 20:37:30,854 - 
gen	nevals
0  	31    
2017-12-15 20:38:47,668 - Best Individual didn't change. Stopping evolution
2017-12-15 20:38:47,669 - Hall of Fame: [1.0, 0.0, 0.0, 0.0, 0.0]
2017-12-15 20:38:47,672 - GA Estimate: 258.0
2017-12-15 20:38:47,672 - Observed Value: 271.0
2017-12-15 20:38:47,672 - Processing line number: 2149
2017-12-15 20:38:53,589 - 
gen	nevals
0  	31    
2017-12-15 20:40:09,102 - Best Individual didn't change. Stopping evolution
2017-12-15 20:40:09,103 - Hall of Fame: [1.0, 0.0, 0.0, 0.0, 0.0]
2017-12-15 20:40:09,105 - GA Estimate: 271.0
2017-12-15 20:40:09,106 - Observed Value: 269.0
2017-12-15 20:40:09,106 - Processing line number: 2150
2017-12-15 20:40:14,658 - 
gen	nevals
0  	31    
2017-12-15 20:41:29,312 - Best Individual didn't change. Stopping evolution
2017-12-15 20:41:29,313 - Hall of Fame: [1.0, 0.0, 0.0, 0.0, 0.0]
2017-12-15 20:41:29,315 - GA Estimate: 269.0
2017-12-15 20:41:29,315 - Observed Value: 270.0
2017-12-15 20:41:29,318 - Processing line number: 2151
2017-12-15 20:41:34,879 - 
gen	nevals
0  	31    
2017-12-15 20:42:51,425 - Best Individual didn't change. Stopping evolution
2017-12-15 20:42:51,426 - Hall of Fame: [1.0, 0.0, 0.0, 0.0, 0.0]
2017-12-15 20:42:51,428 - GA Estimate: 270.0
2017-12-15 20:42:51,428 - Observed Value: 272.0
2017-12-15 20:42:51,429 - Processing line number: 2152
2017-12-15 20:42:57,127 - 
gen	nevals
0  	31    
2017-12-15 20:44:15,949 - Best Individual didn't change. Stopping evolution
2017-12-15 20:44:15,950 - Hall of Fame: [1.0, 0.0, 0.0, 0.0, 0.0]
2017-12-15 20:44:15,953 - GA Estimate: 272.0
2017-12-15 20:44:15,953 - Observed Value: 270.0
2017-12-15 20:44:15,953 - Processing line number: 2153
2017-12-15 20:44:21,638 - 
gen	nevals
0  	31    
2017-12-15 20:45:36,341 - Best Individual didn't change. Stopping evolution
2017-12-15 20:45:36,342 - Hall of Fame: [1.0, 0.0, 0.0, 0.0, 0.0]
2017-12-15 20:45:36,344 - GA Estimate: 270.0
2017-12-15 20:45:36,345 - Observed Value: 100.0
2017-12-15 20:45:36,345 - Processing line number: 2154
2017-12-15 20:45:42,120 - 
gen	nevals
0  	31    
2017-12-15 20:47:00,448 - Best Individual didn't change. Stopping evolution
2017-12-15 20:47:00,449 - Hall of Fame: [1.0, 0.0, 0.0, 0.0, 0.0]
2017-12-15 20:47:00,451 - GA Estimate: 100.0
2017-12-15 20:47:00,451 - Observed Value: 269.0
2017-12-15 20:47:00,454 - Processing line number: 2155
2017-12-15 20:47:05,762 - 
gen	nevals
0  	31    
2017-12-15 20:48:23,357 - Best Individual didn't change. Stopping evolution
2017-12-15 20:48:23,358 - Hall of Fame: [1.0, 0.0, 0.0, 0.0, 0.0]
2017-12-15 20:48:23,360 - GA Estimate: 269.0
2017-12-15 20:48:23,360 - Observed Value: 78.0
2017-12-15 20:48:23,366 - Processing line number: 2156
2017-12-15 20:48:29,276 - 
gen	nevals
0  	31    
2017-12-15 20:49:46,025 - Best Individual didn't change. Stopping evolution
2017-12-15 20:49:46,026 - Hall of Fame: [1.0, 0.0, 0.0, 0.0, 0.0]
2017-12-15 20:49:46,028 - GA Estimate: 78.0
2017-12-15 20:49:46,029 - Observed Value: 518.0
2017-12-15 20:49:46,029 - Processing line number: 2157
2017-12-15 20:49:51,765 - 
gen	nevals
0  	31    
2017-12-15 20:51:09,067 - Best Individual didn't change. Stopping evolution
2017-12-15 20:51:09,068 - Hall of Fame: [1.0, 0.0, 0.0, 0.0, 0.0]
2017-12-15 20:51:09,070 - GA Estimate: 518.0
2017-12-15 20:51:09,070 - Observed Value: 1207.0
2017-12-15 20:51:09,071 - Processing line number: 2158
2017-12-15 20:51:14,873 - 
gen	nevals
0  	31    
2017-12-15 20:52:31,195 - Best Individual didn't change. Stopping evolution
2017-12-15 20:52:31,196 - Hall of Fame: [1.0, 0.0, 0.0, 0.0, 0.0]
2017-12-15 20:52:31,199 - GA Estimate: 1207.0
2017-12-15 20:52:31,199 - Observed Value: 385.0
2017-12-15 20:52:31,210 - Processing line number: 2159
2017-12-15 20:52:36,795 - 
gen	nevals
0  	31    
2017-12-15 20:53:55,295 - Best Individual didn't change. Stopping evolution
2017-12-15 20:53:55,296 - Hall of Fame: [1.0, 0.0, 0.0, 0.0, 0.0]
2017-12-15 20:53:55,399 - GA Estimate: 385.0
2017-12-15 20:53:55,399 - Observed Value: 272.0
2017-12-15 20:53:55,434 - Processing line number: 2160
2017-12-15 20:54:01,314 - 
gen	nevals
0  	31    
2017-12-15 20:55:18,285 - Best Individual didn't change. Stopping evolution
2017-12-15 20:55:18,286 - Hall of Fame: [1.0, 0.0, 0.0, 0.0, 0.0]
2017-12-15 20:55:18,288 - GA Estimate: 272.0
2017-12-15 20:55:18,288 - Observed Value: 246.0
2017-12-15 20:55:18,289 - Processing line number: 2161
2017-12-15 20:55:24,133 - 
gen	nevals
0  	31    
2017-12-15 20:56:39,782 - Best Individual didn't change. Stopping evolution
2017-12-15 20:56:39,783 - Hall of Fame: [1.0, 0.0, 0.0, 0.0, 0.0]
2017-12-15 20:56:39,785 - GA Estimate: 246.0
2017-12-15 20:56:39,785 - Observed Value: 268.0
2017-12-15 20:56:39,866 - Processing line number: 2162
2017-12-15 20:56:45,491 - 
gen	nevals
0  	31    
2017-12-15 20:58:02,814 - Best Individual didn't change. Stopping evolution
2017-12-15 20:58:02,815 - Hall of Fame: [1.0, 0.0, 0.0, 0.0, 0.0]
2017-12-15 20:58:02,817 - GA Estimate: 268.0
2017-12-15 20:58:02,817 - Observed Value: 269.0
2017-12-15 20:58:02,818 - Processing line number: 2163
2017-12-15 20:58:08,528 - 
gen	nevals
0  	31    
2017-12-15 20:59:27,760 - Best Individual didn't change. Stopping evolution
2017-12-15 20:59:27,761 - Hall of Fame: [1.0, 0.0, 0.0, 0.0, 0.0]
2017-12-15 20:59:27,763 - GA Estimate: 269.0
2017-12-15 20:59:27,763 - Observed Value: 245.0
2017-12-15 20:59:27,764 - Processing line number: 2164
2017-12-15 20:59:33,727 - 
gen	nevals
0  	31    
2017-12-15 21:00:48,478 - Best Individual didn't change. Stopping evolution
2017-12-15 21:00:48,479 - Hall of Fame: [1.0, 0.0, 0.0, 0.0, 0.0]
2017-12-15 21:00:48,481 - GA Estimate: 245.0
2017-12-15 21:00:48,482 - Observed Value: 268.0
2017-12-15 21:00:48,482 - Processing line number: 2165
2017-12-15 21:00:54,042 - 
gen	nevals
0  	31    
2017-12-15 21:02:09,200 - Best Individual didn't change. Stopping evolution
2017-12-15 21:02:09,201 - Hall of Fame: [1.0, 0.0, 0.0, 0.0, 0.0]
2017-12-15 21:02:09,216 - GA Estimate: 268.0
2017-12-15 21:02:09,216 - Observed Value: 270.0
2017-12-15 21:02:09,246 - Processing line number: 2166
2017-12-15 21:02:14,755 - 
gen	nevals
0  	31    
2017-12-15 21:03:31,407 - Best Individual didn't change. Stopping evolution
2017-12-15 21:03:31,408 - Hall of Fame: [1.0, 0.0, 0.0, 0.0, 0.0]
2017-12-15 21:03:31,410 - GA Estimate: 270.0
2017-12-15 21:03:31,410 - Observed Value: 269.0
2017-12-15 21:03:31,411 - Processing line number: 2167
2017-12-15 21:03:37,261 - 
gen	nevals
0  	31    
2017-12-15 21:04:55,116 - Best Individual didn't change. Stopping evolution
2017-12-15 21:04:55,117 - Hall of Fame: [1.0, 0.0, 0.0, 0.0, 0.0]
2017-12-15 21:04:55,119 - GA Estimate: 269.0
2017-12-15 21:04:55,119 - Observed Value: 269.0
2017-12-15 21:04:55,120 - Processing line number: 2168
2017-12-15 21:05:01,044 - 
gen	nevals
0  	31    
2017-12-15 21:06:18,010 - Best Individual didn't change. Stopping evolution
2017-12-15 21:06:18,011 - Hall of Fame: [1.0, 0.0, 0.0, 0.0, 0.0]
2017-12-15 21:06:18,013 - GA Estimate: 269.0
2017-12-15 21:06:18,013 - Observed Value: 277.0
2017-12-15 21:06:18,014 - Processing line number: 2169
2017-12-15 21:06:23,855 - 
gen	nevals
0  	31    
2017-12-15 21:07:39,001 - Best Individual didn't change. Stopping evolution
2017-12-15 21:07:39,002 - Hall of Fame: [1.0, 0.0, 0.0, 0.0, 0.0]
2017-12-15 21:07:39,004 - GA Estimate: 277.0
2017-12-15 21:07:39,004 - Observed Value: 113.0
2017-12-15 21:07:39,005 - Processing line number: 2170
2017-12-15 21:07:44,880 - 
gen	nevals
0  	31    
2017-12-15 21:09:02,255 - Best Individual didn't change. Stopping evolution
2017-12-15 21:09:02,256 - Hall of Fame: [1.0, 0.0, 0.0, 0.0, 0.0]
2017-12-15 21:09:02,259 - GA Estimate: 113.0
2017-12-15 21:09:02,259 - Observed Value: 178.0
2017-12-15 21:09:02,259 - Processing line number: 2171
2017-12-15 21:09:08,064 - 
gen	nevals
0  	31    
2017-12-15 21:10:22,967 - Best Individual didn't change. Stopping evolution
2017-12-15 21:10:22,968 - Hall of Fame: [1.0, 0.0, 0.0, 0.0, 0.0]
2017-12-15 21:10:22,970 - GA Estimate: 178.0
2017-12-15 21:10:22,971 - Observed Value: 258.0
2017-12-15 21:10:22,971 - Processing line number: 2172
2017-12-15 21:10:28,576 - 
gen	nevals
0  	31    
2017-12-15 21:11:45,702 - Best Individual didn't change. Stopping evolution
2017-12-15 21:11:45,703 - Hall of Fame: [1.0, 0.0, 0.0, 0.0, 0.0]
2017-12-15 21:11:45,706 - GA Estimate: 258.0
2017-12-15 21:11:45,842 - Observed Value: 269.0
2017-12-15 21:11:45,858 - Processing line number: 2173
2017-12-15 21:11:51,409 - 
gen	nevals
0  	31    
2017-12-15 21:13:08,262 - Best Individual didn't change. Stopping evolution
2017-12-15 21:13:08,263 - Hall of Fame: [1.0, 0.0, 0.0, 0.0, 0.0]
2017-12-15 21:13:08,265 - GA Estimate: 269.0
2017-12-15 21:13:08,265 - Observed Value: 1247.0
2017-12-15 21:13:08,265 - Processing line number: 2174
2017-12-15 21:13:13,826 - 
gen	nevals
0  	31    
2017-12-15 21:14:30,926 - Best Individual didn't change. Stopping evolution
2017-12-15 21:14:30,927 - Hall of Fame: [1.0, 0.0, 0.0, 0.0, 0.0]
2017-12-15 21:14:30,930 - GA Estimate: 1247.0
2017-12-15 21:14:31,010 - Observed Value: 274.0
2017-12-15 21:14:31,014 - Processing line number: 2175
2017-12-15 21:14:36,530 - 
gen	nevals
0  	31    
2017-12-15 21:15:53,063 - Best Individual didn't change. Stopping evolution
2017-12-15 21:15:53,102 - Hall of Fame: [1.0, 0.0, 0.0, 0.0, 0.0]
2017-12-15 21:15:53,105 - GA Estimate: 274.0
2017-12-15 21:15:53,105 - Observed Value: 270.0
2017-12-15 21:15:53,182 - Processing line number: 2176
2017-12-15 21:15:58,891 - 
gen	nevals
0  	31    
2017-12-15 21:17:13,093 - Best Individual didn't change. Stopping evolution
2017-12-15 21:17:13,094 - Hall of Fame: [1.0, 0.0, 0.0, 0.0, 0.0]
2017-12-15 21:17:13,096 - GA Estimate: 270.0
2017-12-15 21:17:13,096 - Observed Value: 415.0
2017-12-15 21:17:13,097 - Processing line number: 2177
2017-12-15 21:17:18,667 - 
gen	nevals
0  	31    
2017-12-15 21:18:35,622 - Best Individual didn't change. Stopping evolution
2017-12-15 21:18:35,623 - Hall of Fame: [1.0, 0.0, 0.0, 0.0, 0.0]
2017-12-15 21:18:35,698 - GA Estimate: 415.0
2017-12-15 21:18:35,698 - Observed Value: 271.0
2017-12-15 21:18:35,706 - Processing line number: 2178
2017-12-15 21:18:41,519 - 
gen	nevals
0  	31    
2017-12-15 21:19:57,640 - Best Individual didn't change. Stopping evolution
2017-12-15 21:19:57,641 - Hall of Fame: [1.0, 0.0, 0.0, 0.0, 0.0]
2017-12-15 21:19:57,719 - GA Estimate: 271.0
2017-12-15 21:19:57,720 - Observed Value: 208.0
2017-12-15 21:19:57,786 - Processing line number: 2179
2017-12-15 21:20:03,380 - 
gen	nevals
0  	31    
2017-12-15 21:21:19,481 - Best Individual didn't change. Stopping evolution
2017-12-15 21:21:19,482 - Hall of Fame: [1.0, 0.0, 0.0, 0.0, 0.0]
2017-12-15 21:21:19,485 - GA Estimate: 208.0
2017-12-15 21:21:19,485 - Observed Value: 267.0
2017-12-15 21:21:19,485 - Processing line number: 2180
2017-12-15 21:21:24,936 - 
gen	nevals
0  	31    
2017-12-15 21:22:40,513 - Best Individual didn't change. Stopping evolution
2017-12-15 21:22:40,534 - Hall of Fame: [1.0, 0.0, 0.0, 0.0, 0.0]
2017-12-15 21:22:40,537 - GA Estimate: 267.0
2017-12-15 21:22:40,537 - Observed Value: 173.0
2017-12-15 21:22:40,702 - Processing line number: 2181
2017-12-15 21:22:46,136 - 
gen	nevals
0  	31    
2017-12-15 21:24:05,099 - Best Individual didn't change. Stopping evolution
2017-12-15 21:24:05,100 - Hall of Fame: [1.0, 0.0, 0.0, 0.0, 0.0]
2017-12-15 21:24:05,103 - GA Estimate: 173.0
2017-12-15 21:24:05,103 - Observed Value: 271.0
2017-12-15 21:24:05,103 - Processing line number: 2182
2017-12-15 21:24:10,879 - 
gen	nevals
0  	31    
2017-12-15 21:25:27,342 - Best Individual didn't change. Stopping evolution
2017-12-15 21:25:27,343 - Hall of Fame: [1.0, 0.0, 0.0, 0.0, 0.0]
2017-12-15 21:25:27,346 - GA Estimate: 271.0
2017-12-15 21:25:27,346 - Observed Value: 273.0
2017-12-15 21:25:27,347 - Processing line number: 2183
2017-12-15 21:25:33,044 - 
gen	nevals
0  	31    
2017-12-15 21:26:49,785 - Best Individual didn't change. Stopping evolution
2017-12-15 21:26:49,871 - Hall of Fame: [1.0, 0.0, 0.0, 0.0, 0.0]
2017-12-15 21:26:49,873 - GA Estimate: 273.0
2017-12-15 21:26:49,873 - Observed Value: 269.0
2017-12-15 21:26:49,966 - Processing line number: 2184
2017-12-15 21:26:55,284 - 
gen	nevals
0  	31    
2017-12-15 21:28:10,522 - Best Individual didn't change. Stopping evolution
2017-12-15 21:28:10,523 - Hall of Fame: [1.0, 0.0, 0.0, 0.0, 0.0]
2017-12-15 21:28:10,526 - GA Estimate: 269.0
2017-12-15 21:28:10,526 - Observed Value: 270.0
2017-12-15 21:28:10,527 - Processing line number: 2185
2017-12-15 21:28:16,221 - 
gen	nevals
0  	31    
2017-12-15 21:29:33,427 - Best Individual didn't change. Stopping evolution
2017-12-15 21:29:33,428 - Hall of Fame: [1.0, 0.0, 0.0, 0.0, 0.0]
2017-12-15 21:29:33,431 - GA Estimate: 270.0
2017-12-15 21:29:33,431 - Observed Value: 271.0
2017-12-15 21:29:33,431 - Processing line number: 2186
2017-12-15 21:29:39,020 - 
gen	nevals
0  	31    
2017-12-15 21:30:54,965 - Best Individual didn't change. Stopping evolution
2017-12-15 21:30:55,043 - Hall of Fame: [1.0, 0.0, 0.0, 0.0, 0.0]
2017-12-15 21:30:55,045 - GA Estimate: 271.0
2017-12-15 21:30:55,045 - Observed Value: 271.0
2017-12-15 21:30:55,150 - Processing line number: 2187
2017-12-15 21:31:00,790 - 
gen	nevals
0  	31    
2017-12-15 21:32:17,662 - Best Individual didn't change. Stopping evolution
2017-12-15 21:32:17,663 - Hall of Fame: [1.0, 0.0, 0.0, 0.0, 0.0]
2017-12-15 21:32:17,666 - GA Estimate: 271.0
2017-12-15 21:32:17,666 - Observed Value: 271.0
2017-12-15 21:32:17,762 - Processing line number: 2188
2017-12-15 21:32:23,225 - 
gen	nevals
0  	31    
2017-12-15 21:33:39,968 - Best Individual didn't change. Stopping evolution
2017-12-15 21:33:39,969 - Hall of Fame: [1.0, 0.0, 0.0, 0.0, 0.0]
2017-12-15 21:33:39,971 - GA Estimate: 271.0
2017-12-15 21:33:39,971 - Observed Value: 259.0
2017-12-15 21:33:39,972 - Processing line number: 2189
2017-12-15 21:33:45,509 - 
gen	nevals
0  	31    
2017-12-15 21:35:01,901 - Best Individual didn't change. Stopping evolution
2017-12-15 21:35:01,902 - Hall of Fame: [1.0, 0.0, 0.0, 0.0, 0.0]
2017-12-15 21:35:01,904 - GA Estimate: 259.0
2017-12-15 21:35:01,904 - Observed Value: 1115.0
2017-12-15 21:35:01,905 - Processing line number: 2190
2017-12-15 21:35:07,800 - 
gen	nevals
0  	31    
2017-12-15 21:36:23,604 - Best Individual didn't change. Stopping evolution
2017-12-15 21:36:23,605 - Hall of Fame: [1.0, 0.0, 0.0, 0.0, 0.0]
2017-12-15 21:36:23,607 - GA Estimate: 1115.0
2017-12-15 21:36:23,607 - Observed Value: 284.0
2017-12-15 21:36:23,608 - Processing line number: 2191
2017-12-15 21:36:29,233 - 
gen	nevals
0  	31    
2017-12-15 21:37:43,452 - Best Individual didn't change. Stopping evolution
2017-12-15 21:37:43,453 - Hall of Fame: [1.0, 0.0, 0.0, 0.0, 0.0]
2017-12-15 21:37:43,455 - GA Estimate: 284.0
2017-12-15 21:37:43,455 - Observed Value: 257.0
2017-12-15 21:37:43,456 - Processing line number: 2192
2017-12-15 21:37:49,056 - 
gen	nevals
0  	31    
2017-12-15 21:39:06,397 - Best Individual didn't change. Stopping evolution
2017-12-15 21:39:06,398 - Hall of Fame: [1.0, 0.0, 0.0, 0.0, 0.0]
2017-12-15 21:39:06,400 - GA Estimate: 257.0
2017-12-15 21:39:06,401 - Observed Value: 272.0
2017-12-15 21:39:06,401 - Processing line number: 2193
2017-12-15 21:39:11,843 - 
gen	nevals
0  	31    
2017-12-15 21:40:30,660 - Best Individual didn't change. Stopping evolution
2017-12-15 21:40:30,661 - Hall of Fame: [1.0, 0.0, 0.0, 0.0, 0.0]
2017-12-15 21:40:30,664 - GA Estimate: 272.0
2017-12-15 21:40:30,664 - Observed Value: 266.0
2017-12-15 21:40:30,670 - Processing line number: 2194
2017-12-15 21:40:36,451 - 
gen	nevals
0  	31    
2017-12-15 21:41:49,481 - Best Individual didn't change. Stopping evolution
2017-12-15 21:41:49,482 - Hall of Fame: [1.0, 0.0, 0.0, 0.0, 0.0]
2017-12-15 21:41:49,484 - GA Estimate: 266.0
2017-12-15 21:41:49,484 - Observed Value: 318.0
2017-12-15 21:41:49,485 - Processing line number: 2195
2017-12-15 21:41:55,057 - 
gen	nevals
0  	31    
2017-12-15 21:43:07,486 - Best Individual didn't change. Stopping evolution
2017-12-15 21:43:07,487 - Hall of Fame: [1.0, 0.0, 0.0, 0.0, 0.0]
2017-12-15 21:43:07,490 - GA Estimate: 318.0
2017-12-15 21:43:07,490 - Observed Value: 255.0
2017-12-15 21:43:07,490 - Processing line number: 2196
2017-12-15 21:43:13,512 - 
gen	nevals
0  	31    
2017-12-15 21:44:31,086 - Best Individual didn't change. Stopping evolution
2017-12-15 21:44:31,087 - Hall of Fame: [1.0, 0.0, 0.0, 0.0, 0.0]
2017-12-15 21:44:31,090 - GA Estimate: 255.0
2017-12-15 21:44:31,090 - Observed Value: 297.0
2017-12-15 21:44:31,090 - Processing line number: 2197
2017-12-15 21:44:36,912 - 
gen	nevals
0  	31    
2017-12-15 21:45:52,989 - Best Individual didn't change. Stopping evolution
2017-12-15 21:45:53,086 - Hall of Fame: [1.0, 0.0, 0.0, 0.0, 0.0]
2017-12-15 21:45:53,089 - GA Estimate: 297.0
2017-12-15 21:45:53,089 - Observed Value: 270.0
2017-12-15 21:45:53,147 - Processing line number: 2198
2017-12-15 21:45:58,811 - 
gen	nevals
0  	31    
2017-12-15 21:47:16,355 - Best Individual didn't change. Stopping evolution
2017-12-15 21:47:16,356 - Hall of Fame: [1.0, 0.0, 0.0, 0.0, 0.0]
2017-12-15 21:47:16,439 - GA Estimate: 270.0
2017-12-15 21:47:16,439 - Observed Value: 261.0
2017-12-15 21:47:16,486 - Processing line number: 2199
2017-12-15 21:47:21,885 - 
gen	nevals
0  	31    
2017-12-15 21:48:39,257 - Best Individual didn't change. Stopping evolution
2017-12-15 21:48:39,258 - Hall of Fame: [1.0, 0.0, 0.0, 0.0, 0.0]
2017-12-15 21:48:39,261 - GA Estimate: 261.0
2017-12-15 21:48:39,261 - Observed Value: 191.0
2017-12-15 21:48:39,261 - Processing line number: 2200
2017-12-15 21:48:45,165 - 
gen	nevals
0  	31    
2017-12-15 21:49:59,675 - Best Individual didn't change. Stopping evolution
2017-12-15 21:49:59,676 - Hall of Fame: [1.0, 0.0, 0.0, 0.0, 0.0]
2017-12-15 21:49:59,762 - GA Estimate: 191.0
2017-12-15 21:49:59,762 - Observed Value: 267.0
2017-12-15 21:49:59,798 - Processing line number: 2201
2017-12-15 21:50:05,535 - 
gen	nevals
0  	31    
2017-12-15 21:51:21,125 - Best Individual didn't change. Stopping evolution
2017-12-15 21:51:21,126 - Hall of Fame: [1.0, 0.0, 0.0, 0.0, 0.0]
2017-12-15 21:51:21,129 - GA Estimate: 267.0
2017-12-15 21:51:21,129 - Observed Value: 267.0
2017-12-15 21:51:21,129 - Processing line number: 2202
2017-12-15 21:51:26,776 - 
gen	nevals
0  	31    
2017-12-15 21:52:41,273 - Best Individual didn't change. Stopping evolution
2017-12-15 21:52:41,434 - Hall of Fame: [1.0, 0.0, 0.0, 0.0, 0.0]
2017-12-15 21:52:41,436 - GA Estimate: 267.0
2017-12-15 21:52:41,436 - Observed Value: 352.0
2017-12-15 21:52:41,506 - Processing line number: 2203
2017-12-15 21:52:47,035 - 
gen	nevals
0  	31    
2017-12-15 21:54:00,803 - Best Individual didn't change. Stopping evolution
2017-12-15 21:54:00,804 - Hall of Fame: [1.0, 0.0, 0.0, 0.0, 0.0]
2017-12-15 21:54:00,807 - GA Estimate: 352.0
2017-12-15 21:54:00,807 - Observed Value: 144.0
2017-12-15 21:54:00,807 - Processing line number: 2204
2017-12-15 21:54:06,406 - 
gen	nevals
0  	31    
2017-12-15 21:55:21,546 - Best Individual didn't change. Stopping evolution
2017-12-15 21:55:21,547 - Hall of Fame: [1.0, 0.0, 0.0, 0.0, 0.0]
2017-12-15 21:55:21,550 - GA Estimate: 144.0
2017-12-15 21:55:21,550 - Observed Value: 271.0
2017-12-15 21:55:21,550 - Processing line number: 2205
2017-12-15 21:55:27,343 - 
gen	nevals
0  	31    
2017-12-15 21:56:40,137 - Best Individual didn't change. Stopping evolution
2017-12-15 21:56:40,138 - Hall of Fame: [1.0, 0.0, 0.0, 0.0, 0.0]
2017-12-15 21:56:40,140 - GA Estimate: 271.0
2017-12-15 21:56:40,140 - Observed Value: 269.0
2017-12-15 21:56:40,141 - Processing line number: 2206
2017-12-15 21:56:45,516 - 
gen	nevals
0  	31    
2017-12-15 21:57:56,764 - Best Individual didn't change. Stopping evolution
2017-12-15 21:57:56,765 - Hall of Fame: [1.0, 0.0, 0.0, 0.0, 0.0]
2017-12-15 21:57:56,768 - GA Estimate: 269.0
2017-12-15 21:57:56,768 - Observed Value: 1203.0
2017-12-15 21:57:56,768 - Processing line number: 2207
2017-12-15 21:58:02,441 - 
gen	nevals
0  	31    
2017-12-15 21:59:08,602 - Best Individual didn't change. Stopping evolution
2017-12-15 21:59:08,603 - Hall of Fame: [1.0, 0.0, 0.0, 0.0, 0.0]
2017-12-15 21:59:08,605 - GA Estimate: 1203.0
2017-12-15 21:59:08,606 - Observed Value: 409.0
2017-12-15 21:59:08,606 - Processing line number: 2208
2017-12-15 21:59:13,522 - 
gen	nevals
0  	31    
2017-12-15 22:00:18,605 - Best Individual didn't change. Stopping evolution
2017-12-15 22:00:18,606 - Hall of Fame: [1.0, 0.0, 0.0, 0.0, 0.0]
2017-12-15 22:00:18,608 - GA Estimate: 409.0
2017-12-15 22:00:18,608 - Observed Value: 270.0
2017-12-15 22:00:18,611 - Stopping GA
