2017-12-15 16:30:22,166 - Starting GA
2017-12-15 16:30:22,312 - Processing line number: 1969
2017-12-15 16:30:28,156 - 
gen	nevals
0  	31    
2017-12-15 16:31:45,056 - Best Individual didn't change. Stopping evolution
2017-12-15 16:31:45,076 - Hall of Fame: [1.0, 0.0, 0.0, 0.0, 0.0]
2017-12-15 16:31:45,078 - GA Estimate: 271.0
2017-12-15 16:31:45,078 - Observed Value: 271.0
2017-12-15 16:31:45,079 - Processing line number: 1970
2017-12-15 16:31:50,916 - 
gen	nevals
0  	31    
2017-12-15 16:33:07,882 - Best Individual didn't change. Stopping evolution
2017-12-15 16:33:07,883 - Hall of Fame: [1.0, 0.0, 0.0, 0.0, 0.0]
2017-12-15 16:33:07,885 - GA Estimate: 271.0
2017-12-15 16:33:07,886 - Observed Value: 269.0
2017-12-15 16:33:07,886 - Processing line number: 1971
2017-12-15 16:33:13,566 - 
gen	nevals
0  	31    
2017-12-15 16:34:31,806 - Best Individual didn't change. Stopping evolution
2017-12-15 16:34:31,807 - Hall of Fame: [1.0, 0.0, 0.0, 0.0, 0.0]
2017-12-15 16:34:31,809 - GA Estimate: 269.0
2017-12-15 16:34:31,809 - Observed Value: 254.0
2017-12-15 16:34:31,810 - Processing line number: 1972
2017-12-15 16:34:37,610 - 
gen	nevals
0  	31    
2017-12-15 16:35:54,536 - Best Individual didn't change. Stopping evolution
2017-12-15 16:35:54,537 - Hall of Fame: [1.0, 0.0, 0.0, 0.0, 0.0]
2017-12-15 16:35:54,623 - GA Estimate: 254.0
2017-12-15 16:35:54,623 - Observed Value: 269.0
2017-12-15 16:35:54,678 - Processing line number: 1973
2017-12-15 16:36:00,272 - 
gen	nevals
0  	31    
2017-12-15 16:37:16,696 - Best Individual didn't change. Stopping evolution
2017-12-15 16:37:16,697 - Hall of Fame: [1.0, 0.0, 0.0, 0.0, 0.0]
2017-12-15 16:37:16,699 - GA Estimate: 269.0
2017-12-15 16:37:16,699 - Observed Value: 267.0
2017-12-15 16:37:16,826 - Processing line number: 1974
2017-12-15 16:37:22,711 - 
gen	nevals
0  	31    
2017-12-15 16:38:39,496 - Best Individual didn't change. Stopping evolution
2017-12-15 16:38:39,497 - Hall of Fame: [1.0, 0.0, 0.0, 0.0, 0.0]
2017-12-15 16:38:39,499 - GA Estimate: 267.0
2017-12-15 16:38:39,499 - Observed Value: 260.0
2017-12-15 16:38:39,500 - Processing line number: 1975
2017-12-15 16:38:45,377 - 
gen	nevals
0  	31    
2017-12-15 16:40:02,669 - Best Individual didn't change. Stopping evolution
2017-12-15 16:40:02,670 - Hall of Fame: [1.0, 0.0, 0.0, 0.0, 0.0]
2017-12-15 16:40:02,740 - GA Estimate: 260.0
2017-12-15 16:40:02,740 - Observed Value: 889.0
2017-12-15 16:40:02,810 - Processing line number: 1976
2017-12-15 16:40:08,181 - 
gen	nevals
0  	31    
2017-12-15 16:41:24,839 - Best Individual didn't change. Stopping evolution
2017-12-15 16:41:24,840 - Hall of Fame: [1.0, 0.0, 0.0, 0.0, 0.0]
2017-12-15 16:41:24,843 - GA Estimate: 889.0
2017-12-15 16:41:24,843 - Observed Value: 267.0
2017-12-15 16:41:24,843 - Processing line number: 1977
2017-12-15 16:41:30,730 - 
gen	nevals
0  	31    
2017-12-15 16:42:47,111 - Best Individual didn't change. Stopping evolution
2017-12-15 16:42:47,112 - Hall of Fame: [1.0, 0.0, 0.0, 0.0, 0.0]
2017-12-15 16:42:47,114 - GA Estimate: 267.0
2017-12-15 16:42:47,114 - Observed Value: 260.0
2017-12-15 16:42:47,115 - Processing line number: 1978
2017-12-15 16:42:52,927 - 
gen	nevals
0  	31    
2017-12-15 16:44:10,765 - Best Individual didn't change. Stopping evolution
2017-12-15 16:44:10,766 - Hall of Fame: [1.0, 0.0, 0.0, 0.0, 0.0]
2017-12-15 16:44:10,769 - GA Estimate: 260.0
2017-12-15 16:44:10,769 - Observed Value: 267.0
2017-12-15 16:44:10,769 - Processing line number: 1979
2017-12-15 16:44:16,752 - 
gen	nevals
0  	31    
2017-12-15 16:45:32,753 - Best Individual didn't change. Stopping evolution
2017-12-15 16:45:32,754 - Hall of Fame: [1.0, 0.0, 0.0, 0.0, 0.0]
2017-12-15 16:45:32,757 - GA Estimate: 267.0
2017-12-15 16:45:32,757 - Observed Value: 262.0
2017-12-15 16:45:32,757 - Processing line number: 1980
2017-12-15 16:45:38,516 - 
gen	nevals
0  	31    
2017-12-15 16:46:54,309 - Best Individual didn't change. Stopping evolution
2017-12-15 16:46:54,309 - Hall of Fame: [1.0, 0.0, 0.0, 0.0, 0.0]
2017-12-15 16:46:54,388 - GA Estimate: 262.0
2017-12-15 16:46:54,388 - Observed Value: 284.0
2017-12-15 16:46:54,454 - Processing line number: 1981
2017-12-15 16:47:00,089 - 
gen	nevals
0  	31    
2017-12-15 16:48:17,385 - Best Individual didn't change. Stopping evolution
2017-12-15 16:48:17,386 - Hall of Fame: [1.0, 0.0, 0.0, 0.0, 0.0]
2017-12-15 16:48:17,388 - GA Estimate: 284.0
2017-12-15 16:48:17,388 - Observed Value: 297.0
2017-12-15 16:48:17,389 - Processing line number: 1982
2017-12-15 16:48:22,995 - 
gen	nevals
0  	31    
2017-12-15 16:49:41,279 - Best Individual didn't change. Stopping evolution
2017-12-15 16:49:41,280 - Hall of Fame: [1.0, 0.0, 0.0, 0.0, 0.0]
2017-12-15 16:49:41,282 - GA Estimate: 297.0
2017-12-15 16:49:41,282 - Observed Value: 275.0
2017-12-15 16:49:41,283 - Processing line number: 1983
2017-12-15 16:49:46,927 - 
gen	nevals
0  	31    
2017-12-15 16:51:06,894 - Best Individual didn't change. Stopping evolution
2017-12-15 16:51:06,912 - Hall of Fame: [1.0, 0.0, 0.0, 0.0, 0.0]
2017-12-15 16:51:06,918 - GA Estimate: 275.0
2017-12-15 16:51:06,919 - Observed Value: 267.0
2017-12-15 16:51:06,919 - Processing line number: 1984
2017-12-15 16:51:12,968 - 
gen	nevals
0  	31    
2017-12-15 16:52:29,974 - Best Individual didn't change. Stopping evolution
2017-12-15 16:52:29,974 - Hall of Fame: [1.0, 0.0, 0.0, 0.0, 0.0]
2017-12-15 16:52:29,977 - GA Estimate: 267.0
2017-12-15 16:52:29,977 - Observed Value: 270.0
2017-12-15 16:52:29,977 - Processing line number: 1985
2017-12-15 16:52:35,801 - 
gen	nevals
0  	31    
2017-12-15 16:53:52,052 - Best Individual didn't change. Stopping evolution
2017-12-15 16:53:52,053 - Hall of Fame: [1.0, 0.0, 0.0, 0.0, 0.0]
2017-12-15 16:53:52,143 - GA Estimate: 270.0
2017-12-15 16:53:52,144 - Observed Value: 267.0
2017-12-15 16:53:52,190 - Processing line number: 1986
2017-12-15 16:53:57,734 - 
gen	nevals
0  	31    
2017-12-15 16:55:14,810 - Best Individual didn't change. Stopping evolution
2017-12-15 16:55:14,811 - Hall of Fame: [1.0, 0.0, 0.0, 0.0, 0.0]
2017-12-15 16:55:14,814 - GA Estimate: 267.0
2017-12-15 16:55:14,814 - Observed Value: 1255.0
2017-12-15 16:55:14,814 - Processing line number: 1987
2017-12-15 16:55:20,577 - 
gen	nevals
0  	31    
2017-12-15 16:56:38,111 - Best Individual didn't change. Stopping evolution
2017-12-15 16:56:38,112 - Hall of Fame: [1.0, 0.0, 0.0, 0.0, 0.0]
2017-12-15 16:56:38,114 - GA Estimate: 1255.0
2017-12-15 16:56:38,114 - Observed Value: 272.0
2017-12-15 16:56:38,114 - Processing line number: 1988
2017-12-15 16:56:43,969 - 
gen	nevals
0  	31    
2017-12-15 16:58:00,381 - Best Individual didn't change. Stopping evolution
2017-12-15 16:58:00,462 - Hall of Fame: [1.0, 0.0, 0.0, 0.0, 0.0]
2017-12-15 16:58:00,465 - GA Estimate: 272.0
2017-12-15 16:58:00,465 - Observed Value: 256.0
2017-12-15 16:58:00,546 - Processing line number: 1989
2017-12-15 16:58:06,235 - 
gen	nevals
0  	31    
2017-12-15 16:59:23,358 - Best Individual didn't change. Stopping evolution
2017-12-15 16:59:23,358 - Hall of Fame: [1.0, 0.0, 0.0, 0.0, 0.0]
2017-12-15 16:59:23,361 - GA Estimate: 256.0
2017-12-15 16:59:23,361 - Observed Value: 268.0
2017-12-15 16:59:23,361 - Processing line number: 1990
2017-12-15 16:59:29,271 - 
gen	nevals
0  	31    
2017-12-15 17:00:46,468 - Best Individual didn't change. Stopping evolution
2017-12-15 17:00:46,469 - Hall of Fame: [1.0, 0.0, 0.0, 0.0, 0.0]
2017-12-15 17:00:46,471 - GA Estimate: 268.0
2017-12-15 17:00:46,471 - Observed Value: 261.0
2017-12-15 17:00:46,472 - Processing line number: 1991
2017-12-15 17:00:52,109 - 
gen	nevals
0  	31    
2017-12-15 17:02:09,763 - Best Individual didn't change. Stopping evolution
2017-12-15 17:02:09,803 - Hall of Fame: [1.0, 0.0, 0.0, 0.0, 0.0]
2017-12-15 17:02:09,805 - GA Estimate: 261.0
2017-12-15 17:02:09,805 - Observed Value: 268.0
2017-12-15 17:02:09,886 - Processing line number: 1992
2017-12-15 17:02:15,716 - 
gen	nevals
0  	31    
2017-12-15 17:03:33,869 - Best Individual didn't change. Stopping evolution
2017-12-15 17:03:33,870 - Hall of Fame: [1.0, 0.0, 0.0, 0.0, 0.0]
2017-12-15 17:03:34,028 - GA Estimate: 268.0
2017-12-15 17:03:34,028 - Observed Value: 265.0
2017-12-15 17:03:34,102 - Processing line number: 1993
2017-12-15 17:03:39,633 - 
gen	nevals
0  	31    
2017-12-15 17:04:57,193 - Best Individual didn't change. Stopping evolution
2017-12-15 17:04:57,291 - Hall of Fame: [1.0, 0.0, 0.0, 0.0, 0.0]
2017-12-15 17:04:57,293 - GA Estimate: 265.0
2017-12-15 17:04:57,293 - Observed Value: 215.0
2017-12-15 17:04:57,386 - Processing line number: 1994
2017-12-15 17:05:03,125 - 
gen	nevals
0  	31    
2017-12-15 17:06:20,061 - Best Individual didn't change. Stopping evolution
2017-12-15 17:06:20,150 - Hall of Fame: [1.0, 0.0, 0.0, 0.0, 0.0]
2017-12-15 17:06:20,152 - GA Estimate: 215.0
2017-12-15 17:06:20,152 - Observed Value: 276.0
2017-12-15 17:06:20,234 - Processing line number: 1995
2017-12-15 17:06:25,843 - 
gen	nevals
0  	31    
2017-12-15 17:07:41,083 - Best Individual didn't change. Stopping evolution
2017-12-15 17:07:41,084 - Hall of Fame: [1.0, 0.0, 0.0, 0.0, 0.0]
2017-12-15 17:07:41,086 - GA Estimate: 276.0
2017-12-15 17:07:41,086 - Observed Value: 267.0
2017-12-15 17:07:41,087 - Processing line number: 1996
2017-12-15 17:07:46,875 - 
gen	nevals
0  	31    
2017-12-15 17:09:06,017 - Best Individual didn't change. Stopping evolution
2017-12-15 17:09:06,018 - Hall of Fame: [1.0, 0.0, 0.0, 0.0, 0.0]
2017-12-15 17:09:06,020 - GA Estimate: 267.0
2017-12-15 17:09:06,020 - Observed Value: 269.0
2017-12-15 17:09:06,021 - Processing line number: 1997
2017-12-15 17:09:11,926 - 
gen	nevals
0  	31    
2017-12-15 17:10:32,490 - Best Individual didn't change. Stopping evolution
2017-12-15 17:10:32,491 - Hall of Fame: [1.0, 0.0, 0.0, 0.0, 0.0]
2017-12-15 17:10:32,493 - GA Estimate: 269.0
2017-12-15 17:10:32,494 - Observed Value: 267.0
2017-12-15 17:10:32,578 - Processing line number: 1998
2017-12-15 17:10:38,047 - 
gen	nevals
0  	31    
2017-12-15 17:11:52,158 - Best Individual didn't change. Stopping evolution
2017-12-15 17:11:52,159 - Hall of Fame: [1.0, 0.0, 0.0, 0.0, 0.0]
2017-12-15 17:11:52,162 - GA Estimate: 267.0
2017-12-15 17:11:52,162 - Observed Value: 270.0
2017-12-15 17:11:52,163 - Processing line number: 1999
2017-12-15 17:11:57,930 - 
gen	nevals
0  	31    
2017-12-15 17:13:15,683 - Best Individual didn't change. Stopping evolution
2017-12-15 17:13:15,684 - Hall of Fame: [1.0, 0.0, 0.0, 0.0, 0.0]
2017-12-15 17:13:15,783 - GA Estimate: 270.0
2017-12-15 17:13:15,784 - Observed Value: 272.0
2017-12-15 17:13:15,784 - Processing line number: 2000
2017-12-15 17:13:21,655 - 
gen	nevals
0  	31    
2017-12-15 17:14:38,101 - Best Individual didn't change. Stopping evolution
2017-12-15 17:14:38,102 - Hall of Fame: [1.0, 0.0, 0.0, 0.0, 0.0]
2017-12-15 17:14:38,104 - GA Estimate: 272.0
2017-12-15 17:14:38,104 - Observed Value: 258.0
2017-12-15 17:14:38,105 - Processing line number: 2001
2017-12-15 17:14:43,866 - 
gen	nevals
0  	31    
2017-12-15 17:16:01,720 - Best Individual didn't change. Stopping evolution
2017-12-15 17:16:01,721 - Hall of Fame: [1.0, 0.0, 0.0, 0.0, 0.0]
2017-12-15 17:16:01,808 - GA Estimate: 258.0
2017-12-15 17:16:01,808 - Observed Value: 271.0
2017-12-15 17:16:01,886 - Processing line number: 2002
2017-12-15 17:16:07,380 - 
gen	nevals
0  	31    
2017-12-15 17:17:24,616 - Best Individual didn't change. Stopping evolution
2017-12-15 17:17:24,617 - Hall of Fame: [1.0, 0.0, 0.0, 0.0, 0.0]
2017-12-15 17:17:24,620 - GA Estimate: 271.0
2017-12-15 17:17:24,620 - Observed Value: 1294.0
2017-12-15 17:17:24,620 - Processing line number: 2003
2017-12-15 17:17:30,472 - 
gen	nevals
0  	31    
2017-12-15 17:18:45,554 - Best Individual didn't change. Stopping evolution
2017-12-15 17:18:45,555 - Hall of Fame: [1.0, 0.0, 0.0, 0.0, 0.0]
2017-12-15 17:18:45,557 - GA Estimate: 1294.0
2017-12-15 17:18:45,557 - Observed Value: 269.0
2017-12-15 17:18:45,558 - Processing line number: 2004
2017-12-15 17:18:51,047 - 
gen	nevals
0  	31    
2017-12-15 17:20:08,691 - Best Individual didn't change. Stopping evolution
2017-12-15 17:20:08,743 - Hall of Fame: [1.0, 0.0, 0.0, 0.0, 0.0]
2017-12-15 17:20:08,745 - GA Estimate: 269.0
2017-12-15 17:20:08,745 - Observed Value: 266.0
2017-12-15 17:20:08,746 - Processing line number: 2005
2017-12-15 17:20:14,863 - 
gen	nevals
0  	31    
2017-12-15 17:21:37,355 - Best Individual didn't change. Stopping evolution
2017-12-15 17:21:37,356 - Hall of Fame: [1.0, 0.0, 0.0, 0.0, 0.0]
2017-12-15 17:21:37,359 - GA Estimate: 266.0
2017-12-15 17:21:37,359 - Observed Value: 288.0
2017-12-15 17:21:37,366 - Processing line number: 2006
2017-12-15 17:21:43,479 - 
gen	nevals
0  	31    
2017-12-15 17:23:00,889 - Best Individual didn't change. Stopping evolution
2017-12-15 17:23:00,966 - Hall of Fame: [1.0, 0.0, 0.0, 0.0, 0.0]
2017-12-15 17:23:00,969 - GA Estimate: 288.0
2017-12-15 17:23:00,969 - Observed Value: 124.0
2017-12-15 17:23:01,055 - Processing line number: 2007
2017-12-15 17:23:06,885 - 
gen	nevals
0  	31    
2017-12-15 17:24:23,746 - Best Individual didn't change. Stopping evolution
2017-12-15 17:24:23,747 - Hall of Fame: [1.0, 0.0, 0.0, 0.0, 0.0]
2017-12-15 17:24:23,750 - GA Estimate: 124.0
2017-12-15 17:24:23,750 - Observed Value: 168.0
2017-12-15 17:24:23,750 - Processing line number: 2008
2017-12-15 17:24:29,428 - 
gen	nevals
0  	31    
2017-12-15 17:25:43,805 - Best Individual didn't change. Stopping evolution
2017-12-15 17:25:43,806 - Hall of Fame: [1.0, 0.0, 0.0, 0.0, 0.0]
2017-12-15 17:25:43,809 - GA Estimate: 168.0
2017-12-15 17:25:43,809 - Observed Value: 267.0
2017-12-15 17:25:43,810 - Processing line number: 2009
2017-12-15 17:25:49,646 - 
gen	nevals
0  	31    
2017-12-15 17:27:08,108 - Best Individual didn't change. Stopping evolution
2017-12-15 17:27:08,109 - Hall of Fame: [1.0, 0.0, 0.0, 0.0, 0.0]
2017-12-15 17:27:08,228 - GA Estimate: 267.0
2017-12-15 17:27:08,228 - Observed Value: 178.0
2017-12-15 17:27:08,278 - Processing line number: 2010
2017-12-15 17:27:13,970 - 
gen	nevals
0  	31    
2017-12-15 17:28:32,263 - Best Individual didn't change. Stopping evolution
2017-12-15 17:28:32,264 - Hall of Fame: [1.0, 0.0, 0.0, 0.0, 0.0]
2017-12-15 17:28:32,266 - GA Estimate: 178.0
2017-12-15 17:28:32,267 - Observed Value: 270.0
2017-12-15 17:28:32,267 - Processing line number: 2011
2017-12-15 17:28:37,961 - 
gen	nevals
0  	31    
2017-12-15 17:29:57,850 - Best Individual didn't change. Stopping evolution
2017-12-15 17:29:57,851 - Hall of Fame: [1.0, 0.0, 0.0, 0.0, 0.0]
2017-12-15 17:29:57,853 - GA Estimate: 270.0
2017-12-15 17:29:57,853 - Observed Value: 277.0
2017-12-15 17:29:57,854 - Processing line number: 2012
2017-12-15 17:30:03,724 - 
gen	nevals
0  	31    
2017-12-15 17:31:20,852 - Best Individual didn't change. Stopping evolution
2017-12-15 17:31:20,853 - Hall of Fame: [1.0, 0.0, 0.0, 0.0, 0.0]
2017-12-15 17:31:20,948 - GA Estimate: 277.0
2017-12-15 17:31:20,948 - Observed Value: 272.0
2017-12-15 17:31:21,014 - Processing line number: 2013
2017-12-15 17:31:26,982 - 
gen	nevals
0  	31    
2017-12-15 17:32:44,516 - Best Individual didn't change. Stopping evolution
2017-12-15 17:32:44,517 - Hall of Fame: [1.0, 0.0, 0.0, 0.0, 0.0]
2017-12-15 17:32:44,608 - GA Estimate: 272.0
2017-12-15 17:32:44,608 - Observed Value: 277.0
2017-12-15 17:32:44,674 - Processing line number: 2014
2017-12-15 17:32:50,359 - 
gen	nevals
0  	31    
2017-12-15 17:34:08,104 - Best Individual didn't change. Stopping evolution
2017-12-15 17:34:08,105 - Hall of Fame: [1.0, 0.0, 0.0, 0.0, 0.0]
2017-12-15 17:34:08,107 - GA Estimate: 277.0
2017-12-15 17:34:08,107 - Observed Value: 259.0
2017-12-15 17:34:08,108 - Processing line number: 2015
2017-12-15 17:34:13,842 - 
gen	nevals
0  	31    
2017-12-15 17:35:30,960 - Best Individual didn't change. Stopping evolution
2017-12-15 17:35:30,961 - Hall of Fame: [1.0, 0.0, 0.0, 0.0, 0.0]
2017-12-15 17:35:30,963 - GA Estimate: 259.0
2017-12-15 17:35:30,964 - Observed Value: 232.0
2017-12-15 17:35:30,970 - Processing line number: 2016
2017-12-15 17:35:36,627 - 
gen	nevals
0  	31    
2017-12-15 17:36:52,352 - Best Individual didn't change. Stopping evolution
2017-12-15 17:36:52,352 - Hall of Fame: [1.0, 0.0, 0.0, 0.0, 0.0]
2017-12-15 17:36:52,355 - GA Estimate: 232.0
2017-12-15 17:36:52,355 - Observed Value: 193.0
2017-12-15 17:36:52,355 - Processing line number: 2017
2017-12-15 17:36:58,169 - 
gen	nevals
0  	31    
2017-12-15 17:38:15,175 - Best Individual didn't change. Stopping evolution
2017-12-15 17:38:15,176 - Hall of Fame: [1.0, 0.0, 0.0, 0.0, 0.0]
2017-12-15 17:38:15,270 - GA Estimate: 193.0
2017-12-15 17:38:15,271 - Observed Value: 267.0
2017-12-15 17:38:15,294 - Processing line number: 2018
2017-12-15 17:38:20,876 - 
gen	nevals
0  	31    
2017-12-15 17:39:37,926 - Best Individual didn't change. Stopping evolution
2017-12-15 17:39:37,927 - Hall of Fame: [1.0, 0.0, 0.0, 0.0, 0.0]
2017-12-15 17:39:37,929 - GA Estimate: 267.0
2017-12-15 17:39:37,930 - Observed Value: 270.0
2017-12-15 17:39:37,930 - Processing line number: 2019
2017-12-15 17:39:43,670 - 
gen	nevals
0  	31    
2017-12-15 17:41:00,710 - Best Individual didn't change. Stopping evolution
2017-12-15 17:41:00,711 - Hall of Fame: [1.0, 0.0, 0.0, 0.0, 0.0]
2017-12-15 17:41:00,799 - GA Estimate: 270.0
2017-12-15 17:41:00,800 - Observed Value: 1238.0
2017-12-15 17:41:00,806 - Processing line number: 2020
2017-12-15 17:41:06,593 - 
gen	nevals
0  	31    
2017-12-15 17:42:22,565 - Best Individual didn't change. Stopping evolution
2017-12-15 17:42:22,566 - Hall of Fame: [1.0, 0.0, 0.0, 0.0, 0.0]
2017-12-15 17:42:22,656 - GA Estimate: 1238.0
2017-12-15 17:42:22,656 - Observed Value: 269.0
2017-12-15 17:42:22,718 - Processing line number: 2021
2017-12-15 17:42:28,570 - 
gen	nevals
0  	31    
2017-12-15 17:43:44,545 - Best Individual didn't change. Stopping evolution
2017-12-15 17:43:44,546 - Hall of Fame: [1.0, 0.0, 0.0, 0.0, 0.0]
2017-12-15 17:43:44,548 - GA Estimate: 269.0
2017-12-15 17:43:44,548 - Observed Value: 267.0
2017-12-15 17:43:44,549 - Processing line number: 2022
2017-12-15 17:43:50,276 - 
gen	nevals
0  	31    
2017-12-15 17:45:08,100 - Best Individual didn't change. Stopping evolution
2017-12-15 17:45:08,101 - Hall of Fame: [1.0, 0.0, 0.0, 0.0, 0.0]
2017-12-15 17:45:08,103 - GA Estimate: 267.0
2017-12-15 17:45:08,104 - Observed Value: 195.0
2017-12-15 17:45:08,104 - Processing line number: 2023
2017-12-15 17:45:13,745 - 
gen	nevals
0  	31    
2017-12-15 17:46:30,185 - Best Individual didn't change. Stopping evolution
2017-12-15 17:46:30,270 - Hall of Fame: [1.0, 0.0, 0.0, 0.0, 0.0]
2017-12-15 17:46:30,272 - GA Estimate: 195.0
2017-12-15 17:46:30,273 - Observed Value: 259.0
2017-12-15 17:46:30,354 - Processing line number: 2024
2017-12-15 17:46:36,099 - 
gen	nevals
0  	31    
2017-12-15 17:47:52,355 - Best Individual didn't change. Stopping evolution
2017-12-15 17:47:52,356 - Hall of Fame: [1.0, 0.0, 0.0, 0.0, 0.0]
2017-12-15 17:47:52,359 - GA Estimate: 259.0
2017-12-15 17:47:52,359 - Observed Value: 273.0
2017-12-15 17:47:52,359 - Processing line number: 2025
2017-12-15 17:47:58,219 - 
gen	nevals
0  	31    
2017-12-15 17:49:15,617 - Best Individual didn't change. Stopping evolution
2017-12-15 17:49:15,618 - Hall of Fame: [1.0, 0.0, 0.0, 0.0, 0.0]
2017-12-15 17:49:15,762 - GA Estimate: 273.0
2017-12-15 17:49:15,762 - Observed Value: 205.0
2017-12-15 17:49:15,778 - Processing line number: 2026
2017-12-15 17:49:21,547 - 
gen	nevals
0  	31    
2017-12-15 17:50:41,877 - Best Individual didn't change. Stopping evolution
2017-12-15 17:50:41,890 - Hall of Fame: [1.0, 0.0, 0.0, 0.0, 0.0]
2017-12-15 17:50:41,893 - GA Estimate: 205.0
2017-12-15 17:50:41,893 - Observed Value: 270.0
2017-12-15 17:50:41,893 - Processing line number: 2027
2017-12-15 17:50:48,013 - 
gen	nevals
0  	31    
2017-12-15 17:52:08,493 - Best Individual didn't change. Stopping evolution
2017-12-15 17:52:08,494 - Hall of Fame: [1.0, 0.0, 0.0, 0.0, 0.0]
2017-12-15 17:52:08,496 - GA Estimate: 270.0
2017-12-15 17:52:08,496 - Observed Value: 270.0
2017-12-15 17:52:08,497 - Processing line number: 2028
2017-12-15 17:52:14,250 - 
gen	nevals
0  	31    
2017-12-15 17:53:32,188 - Best Individual didn't change. Stopping evolution
2017-12-15 17:53:32,243 - Hall of Fame: [1.0, 0.0, 0.0, 0.0, 0.0]
2017-12-15 17:53:32,245 - GA Estimate: 270.0
2017-12-15 17:53:32,245 - Observed Value: 277.0
2017-12-15 17:53:32,346 - Processing line number: 2029
2017-12-15 17:53:37,711 - 
gen	nevals
0  	31    
2017-12-15 17:54:53,320 - Best Individual didn't change. Stopping evolution
2017-12-15 17:54:53,321 - Hall of Fame: [1.0, 0.0, 0.0, 0.0, 0.0]
2017-12-15 17:54:53,323 - GA Estimate: 277.0
2017-12-15 17:54:53,323 - Observed Value: 268.0
2017-12-15 17:54:53,324 - Processing line number: 2030
2017-12-15 17:54:59,130 - 
gen	nevals
0  	31    
2017-12-15 17:56:14,810 - Best Individual didn't change. Stopping evolution
2017-12-15 17:56:14,811 - Hall of Fame: [1.0, 0.0, 0.0, 0.0, 0.0]
2017-12-15 17:56:14,813 - GA Estimate: 268.0
2017-12-15 17:56:14,814 - Observed Value: 271.0
2017-12-15 17:56:14,930 - Processing line number: 2031
2017-12-15 17:56:20,595 - 
gen	nevals
0  	31    
2017-12-15 17:57:36,800 - Best Individual didn't change. Stopping evolution
2017-12-15 17:57:36,801 - Hall of Fame: [1.0, 0.0, 0.0, 0.0, 0.0]
2017-12-15 17:57:36,804 - GA Estimate: 271.0
2017-12-15 17:57:36,804 - Observed Value: 253.0
2017-12-15 17:57:36,804 - Processing line number: 2032
2017-12-15 17:57:42,517 - 
gen	nevals
0  	31    
2017-12-15 17:58:59,562 - Best Individual didn't change. Stopping evolution
2017-12-15 17:58:59,564 - Hall of Fame: [1.0, 0.0, 0.0, 0.0, 0.0]
2017-12-15 17:58:59,654 - GA Estimate: 253.0
2017-12-15 17:58:59,654 - Observed Value: 267.0
2017-12-15 17:58:59,674 - Processing line number: 2033
2017-12-15 17:59:05,217 - 
gen	nevals
0  	31    
2017-12-15 18:00:22,194 - Best Individual didn't change. Stopping evolution
2017-12-15 18:00:22,195 - Hall of Fame: [1.0, 0.0, 0.0, 0.0, 0.0]
2017-12-15 18:00:22,197 - GA Estimate: 267.0
2017-12-15 18:00:22,197 - Observed Value: 268.0
2017-12-15 18:00:22,197 - Processing line number: 2034
2017-12-15 18:00:28,009 - 
gen	nevals
0  	31    
2017-12-15 18:01:45,340 - Best Individual didn't change. Stopping evolution
2017-12-15 18:01:45,341 - Hall of Fame: [1.0, 0.0, 0.0, 0.0, 0.0]
2017-12-15 18:01:45,388 - GA Estimate: 268.0
2017-12-15 18:01:45,388 - Observed Value: 270.0
2017-12-15 18:01:45,466 - Processing line number: 2035
2017-12-15 18:01:51,095 - 
gen	nevals
0  	31    
2017-12-15 18:03:06,649 - Best Individual didn't change. Stopping evolution
2017-12-15 18:03:06,650 - Hall of Fame: [1.0, 0.0, 0.0, 0.0, 0.0]
2017-12-15 18:03:06,652 - GA Estimate: 270.0
2017-12-15 18:03:06,652 - Observed Value: 269.0
2017-12-15 18:03:06,653 - Processing line number: 2036
2017-12-15 18:03:12,392 - 
gen	nevals
0  	31    
2017-12-15 18:04:27,946 - Best Individual didn't change. Stopping evolution
2017-12-15 18:04:27,947 - Hall of Fame: [1.0, 0.0, 0.0, 0.0, 0.0]
2017-12-15 18:04:27,949 - GA Estimate: 269.0
2017-12-15 18:04:27,949 - Observed Value: 112.0
2017-12-15 18:04:27,950 - Processing line number: 2037
2017-12-15 18:04:33,755 - 
gen	nevals
0  	31    
2017-12-15 18:05:51,109 - Best Individual didn't change. Stopping evolution
2017-12-15 18:05:51,109 - Hall of Fame: [1.0, 0.0, 0.0, 0.0, 0.0]
2017-12-15 18:05:51,112 - GA Estimate: 112.0
2017-12-15 18:05:51,112 - Observed Value: 267.0
2017-12-15 18:05:51,162 - Processing line number: 2038
2017-12-15 18:05:56,898 - 
gen	nevals
0  	31    
2017-12-15 18:07:11,248 - Best Individual didn't change. Stopping evolution
2017-12-15 18:07:11,249 - Hall of Fame: [1.0, 0.0, 0.0, 0.0, 0.0]
2017-12-15 18:07:11,252 - GA Estimate: 267.0
2017-12-15 18:07:11,252 - Observed Value: 259.0
2017-12-15 18:07:11,253 - Processing line number: 2039
2017-12-15 18:07:16,872 - 
gen	nevals
0  	31    
2017-12-15 18:08:32,671 - Best Individual didn't change. Stopping evolution
2017-12-15 18:08:32,672 - Hall of Fame: [1.0, 0.0, 0.0, 0.0, 0.0]
2017-12-15 18:08:32,674 - GA Estimate: 259.0
2017-12-15 18:08:32,674 - Observed Value: 117.0
2017-12-15 18:08:32,675 - Processing line number: 2040
2017-12-15 18:08:38,533 - 
gen	nevals
0  	31    
2017-12-15 18:09:56,516 - Best Individual didn't change. Stopping evolution
2017-12-15 18:09:56,517 - Hall of Fame: [1.0, 0.0, 0.0, 0.0, 0.0]
2017-12-15 18:09:56,519 - GA Estimate: 117.0
2017-12-15 18:09:56,519 - Observed Value: 1011.0
2017-12-15 18:09:56,519 - Processing line number: 2041
2017-12-15 18:10:02,743 - 
gen	nevals
0  	31    
2017-12-15 18:11:21,080 - Best Individual didn't change. Stopping evolution
2017-12-15 18:11:21,081 - Hall of Fame: [1.0, 0.0, 0.0, 0.0, 0.0]
2017-12-15 18:11:21,083 - GA Estimate: 1011.0
2017-12-15 18:11:21,083 - Observed Value: 270.0
2017-12-15 18:11:21,084 - Processing line number: 2042
2017-12-15 18:11:26,993 - 
gen	nevals
0  	31    
2017-12-15 18:12:45,629 - Best Individual didn't change. Stopping evolution
2017-12-15 18:12:45,727 - Hall of Fame: [1.0, 0.0, 0.0, 0.0, 0.0]
2017-12-15 18:12:45,729 - GA Estimate: 270.0
2017-12-15 18:12:45,729 - Observed Value: 270.0
2017-12-15 18:12:45,810 - Processing line number: 2043
2017-12-15 18:12:51,518 - 
gen	nevals
0  	31    
2017-12-15 18:14:07,884 - Best Individual didn't change. Stopping evolution
2017-12-15 18:14:07,885 - Hall of Fame: [1.0, 0.0, 0.0, 0.0, 0.0]
2017-12-15 18:14:07,967 - GA Estimate: 270.0
2017-12-15 18:14:07,967 - Observed Value: 268.0
2017-12-15 18:14:08,000 - Processing line number: 2044
2017-12-15 18:14:13,838 - 
gen	nevals
0  	31    
2017-12-15 18:15:34,118 - Best Individual didn't change. Stopping evolution
2017-12-15 18:15:34,119 - Hall of Fame: [1.0, 0.0, 0.0, 0.0, 0.0]
2017-12-15 18:15:34,121 - GA Estimate: 268.0
2017-12-15 18:15:34,121 - Observed Value: 269.0
2017-12-15 18:15:34,122 - Processing line number: 2045
2017-12-15 18:15:40,056 - 
gen	nevals
0  	31    
2017-12-15 18:16:55,905 - Best Individual didn't change. Stopping evolution
2017-12-15 18:16:55,906 - Hall of Fame: [1.0, 0.0, 0.0, 0.0, 0.0]
2017-12-15 18:16:55,909 - GA Estimate: 269.0
2017-12-15 18:16:55,909 - Observed Value: 267.0
2017-12-15 18:16:55,910 - Processing line number: 2046
2017-12-15 18:17:01,817 - 
gen	nevals
0  	31    
2017-12-15 18:18:16,004 - Best Individual didn't change. Stopping evolution
2017-12-15 18:18:16,005 - Hall of Fame: [1.0, 0.0, 0.0, 0.0, 0.0]
2017-12-15 18:18:16,007 - GA Estimate: 267.0
2017-12-15 18:18:16,007 - Observed Value: 175.0
2017-12-15 18:18:16,008 - Processing line number: 2047
2017-12-15 18:18:22,000 - 
gen	nevals
0  	31    
2017-12-15 18:19:40,245 - Best Individual didn't change. Stopping evolution
2017-12-15 18:19:40,350 - Hall of Fame: [1.0, 0.0, 0.0, 0.0, 0.0]
2017-12-15 18:19:40,352 - GA Estimate: 175.0
2017-12-15 18:19:40,352 - Observed Value: 269.0
2017-12-15 18:19:40,398 - Processing line number: 2048
2017-12-15 18:19:46,201 - 
gen	nevals
0  	31    
2017-12-15 18:21:03,409 - Best Individual didn't change. Stopping evolution
2017-12-15 18:21:03,410 - Hall of Fame: [1.0, 0.0, 0.0, 0.0, 0.0]
2017-12-15 18:21:03,412 - GA Estimate: 269.0
2017-12-15 18:21:03,412 - Observed Value: 268.0
2017-12-15 18:21:03,413 - Processing line number: 2049
2017-12-15 18:21:09,388 - 
gen	nevals
0  	31    
2017-12-15 18:22:25,406 - Best Individual didn't change. Stopping evolution
2017-12-15 18:22:25,407 - Hall of Fame: [1.0, 0.0, 0.0, 0.0, 0.0]
2017-12-15 18:22:25,409 - GA Estimate: 268.0
2017-12-15 18:22:25,409 - Observed Value: 179.0
2017-12-15 18:22:25,410 - Processing line number: 2050
2017-12-15 18:22:31,241 - 
gen	nevals
0  	31    
2017-12-15 18:23:47,928 - Best Individual didn't change. Stopping evolution
2017-12-15 18:23:47,929 - Hall of Fame: [1.0, 0.0, 0.0, 0.0, 0.0]
2017-12-15 18:23:48,015 - GA Estimate: 179.0
2017-12-15 18:23:48,015 - Observed Value: 268.0
2017-12-15 18:23:48,066 - Processing line number: 2051
2017-12-15 18:23:53,927 - 
gen	nevals
0  	31    
2017-12-15 18:25:10,953 - Best Individual didn't change. Stopping evolution
2017-12-15 18:25:10,955 - Hall of Fame: [1.0, 0.0, 0.0, 0.0, 0.0]
2017-12-15 18:25:10,957 - GA Estimate: 268.0
2017-12-15 18:25:10,957 - Observed Value: 272.0
2017-12-15 18:25:10,957 - Processing line number: 2052
2017-12-15 18:25:16,866 - 
gen	nevals
0  	31    
2017-12-15 18:26:35,184 - Best Individual didn't change. Stopping evolution
2017-12-15 18:26:35,185 - Hall of Fame: [1.0, 0.0, 0.0, 0.0, 0.0]
2017-12-15 18:26:35,187 - GA Estimate: 272.0
2017-12-15 18:26:35,187 - Observed Value: 269.0
2017-12-15 18:26:35,188 - Processing line number: 2053
2017-12-15 18:26:40,798 - 
gen	nevals
0  	31    
2017-12-15 18:27:57,938 - Best Individual didn't change. Stopping evolution
2017-12-15 18:27:57,939 - Hall of Fame: [1.0, 0.0, 0.0, 0.0, 0.0]
2017-12-15 18:27:57,941 - GA Estimate: 269.0
2017-12-15 18:27:57,941 - Observed Value: 268.0
2017-12-15 18:27:57,954 - Processing line number: 2054
2017-12-15 18:28:04,029 - 
gen	nevals
0  	31    
2017-12-15 18:29:23,879 - Best Individual didn't change. Stopping evolution
2017-12-15 18:29:23,880 - Hall of Fame: [1.0, 0.0, 0.0, 0.0, 0.0]
2017-12-15 18:29:23,882 - GA Estimate: 268.0
2017-12-15 18:29:23,883 - Observed Value: 262.0
2017-12-15 18:29:23,978 - Processing line number: 2055
2017-12-15 18:29:29,826 - 
gen	nevals
0  	31    
2017-12-15 18:30:47,445 - Best Individual didn't change. Stopping evolution
2017-12-15 18:30:47,446 - Hall of Fame: [1.0, 0.0, 0.0, 0.0, 0.0]
2017-12-15 18:30:47,448 - GA Estimate: 262.0
2017-12-15 18:30:47,448 - Observed Value: 268.0
2017-12-15 18:30:47,449 - Processing line number: 2056
2017-12-15 18:30:53,230 - 
gen	nevals
0  	31    
2017-12-15 18:32:12,826 - Best Individual didn't change. Stopping evolution
2017-12-15 18:32:12,827 - Hall of Fame: [1.0, 0.0, 0.0, 0.0, 0.0]
2017-12-15 18:32:12,829 - GA Estimate: 268.0
2017-12-15 18:32:12,830 - Observed Value: 270.0
2017-12-15 18:32:12,830 - Processing line number: 2057
2017-12-15 18:32:18,473 - 
gen	nevals
0  	31    
2017-12-15 18:33:33,683 - Best Individual didn't change. Stopping evolution
2017-12-15 18:33:33,684 - Hall of Fame: [1.0, 0.0, 0.0, 0.0, 0.0]
2017-12-15 18:33:33,687 - GA Estimate: 270.0
2017-12-15 18:33:33,687 - Observed Value: 1223.0
2017-12-15 18:33:33,687 - Processing line number: 2058
2017-12-15 18:33:39,632 - 
gen	nevals
0  	31    
2017-12-15 18:34:55,590 - Best Individual didn't change. Stopping evolution
2017-12-15 18:34:55,591 - Hall of Fame: [1.0, 0.0, 0.0, 0.0, 0.0]
2017-12-15 18:34:55,593 - GA Estimate: 1223.0
2017-12-15 18:34:55,593 - Observed Value: 268.0
2017-12-15 18:34:55,594 - Processing line number: 2059
2017-12-15 18:35:01,534 - 
gen	nevals
0  	31    
2017-12-15 18:36:17,980 - Best Individual didn't change. Stopping evolution
2017-12-15 18:36:17,981 - Hall of Fame: [1.0, 0.0, 0.0, 0.0, 0.0]
2017-12-15 18:36:18,060 - GA Estimate: 268.0
2017-12-15 18:36:18,060 - Observed Value: 272.0
2017-12-15 18:36:18,090 - Processing line number: 2060
2017-12-15 18:36:23,696 - 
gen	nevals
0  	31    
2017-12-15 18:37:41,037 - Best Individual didn't change. Stopping evolution
2017-12-15 18:37:41,037 - Hall of Fame: [1.0, 0.0, 0.0, 0.0, 0.0]
2017-12-15 18:37:41,040 - GA Estimate: 272.0
2017-12-15 18:37:41,040 - Observed Value: 271.0
2017-12-15 18:37:41,040 - Processing line number: 2061
2017-12-15 18:37:46,666 - 
gen	nevals
0  	31    
2017-12-15 18:39:03,640 - Best Individual didn't change. Stopping evolution
2017-12-15 18:39:03,641 - Hall of Fame: [1.0, 0.0, 0.0, 0.0, 0.0]
2017-12-15 18:39:03,643 - GA Estimate: 271.0
2017-12-15 18:39:03,643 - Observed Value: 274.0
2017-12-15 18:39:03,644 - Processing line number: 2062
2017-12-15 18:39:09,275 - 
gen	nevals
0  	31    
2017-12-15 18:40:24,901 - Best Individual didn't change. Stopping evolution
2017-12-15 18:40:24,901 - Hall of Fame: [1.0, 0.0, 0.0, 0.0, 0.0]
2017-12-15 18:40:24,904 - GA Estimate: 274.0
2017-12-15 18:40:24,904 - Observed Value: 269.0
2017-12-15 18:40:24,904 - Processing line number: 2063
2017-12-15 18:40:30,626 - 
gen	nevals
0  	31    
2017-12-15 18:41:48,491 - Best Individual didn't change. Stopping evolution
2017-12-15 18:41:48,492 - Hall of Fame: [1.0, 0.0, 0.0, 0.0, 0.0]
2017-12-15 18:41:48,494 - GA Estimate: 269.0
2017-12-15 18:41:48,495 - Observed Value: 268.0
2017-12-15 18:41:48,495 - Processing line number: 2064
2017-12-15 18:41:54,364 - 
gen	nevals
0  	31    
2017-12-15 18:43:11,224 - Best Individual didn't change. Stopping evolution
2017-12-15 18:43:11,225 - Hall of Fame: [1.0, 0.0, 0.0, 0.0, 0.0]
2017-12-15 18:43:11,227 - GA Estimate: 268.0
2017-12-15 18:43:11,227 - Observed Value: 270.0
2017-12-15 18:43:11,228 - Processing line number: 2065
2017-12-15 18:43:17,333 - 
gen	nevals
0  	31    
2017-12-15 18:44:32,949 - Best Individual didn't change. Stopping evolution
2017-12-15 18:44:32,950 - Hall of Fame: [1.0, 0.0, 0.0, 0.0, 0.0]
2017-12-15 18:44:32,952 - GA Estimate: 270.0
2017-12-15 18:44:32,952 - Observed Value: 270.0
2017-12-15 18:44:32,953 - Processing line number: 2066
2017-12-15 18:44:38,693 - 
gen	nevals
0  	31    
2017-12-15 18:45:56,613 - Best Individual didn't change. Stopping evolution
2017-12-15 18:45:56,614 - Hall of Fame: [1.0, 0.0, 0.0, 0.0, 0.0]
2017-12-15 18:45:56,617 - GA Estimate: 270.0
2017-12-15 18:45:56,617 - Observed Value: 269.0
2017-12-15 18:45:56,722 - Processing line number: 2067
2017-12-15 18:46:02,532 - 
gen	nevals
0  	31    
2017-12-15 18:47:18,815 - Best Individual didn't change. Stopping evolution
2017-12-15 18:47:18,816 - Hall of Fame: [1.0, 0.0, 0.0, 0.0, 0.0]
2017-12-15 18:47:18,914 - GA Estimate: 269.0
2017-12-15 18:47:18,914 - Observed Value: 267.0
2017-12-15 18:47:18,938 - Processing line number: 2068
2017-12-15 18:47:24,451 - 
gen	nevals
0  	31    
2017-12-15 18:48:41,002 - Best Individual didn't change. Stopping evolution
2017-12-15 18:48:41,003 - Hall of Fame: [1.0, 0.0, 0.0, 0.0, 0.0]
2017-12-15 18:48:41,006 - GA Estimate: 267.0
2017-12-15 18:48:41,078 - Observed Value: 264.0
2017-12-15 18:48:41,082 - Processing line number: 2069
2017-12-15 18:48:46,797 - 
gen	nevals
0  	31    
2017-12-15 18:50:03,130 - Best Individual didn't change. Stopping evolution
2017-12-15 18:50:03,131 - Hall of Fame: [1.0, 0.0, 0.0, 0.0, 0.0]
2017-12-15 18:50:03,134 - GA Estimate: 264.0
2017-12-15 18:50:03,134 - Observed Value: 271.0
2017-12-15 18:50:03,134 - Processing line number: 2070
2017-12-15 18:50:08,675 - 
gen	nevals
0  	31    
2017-12-15 18:51:25,121 - Best Individual didn't change. Stopping evolution
2017-12-15 18:51:25,122 - Hall of Fame: [1.0, 0.0, 0.0, 0.0, 0.0]
2017-12-15 18:51:25,124 - GA Estimate: 271.0
2017-12-15 18:51:25,124 - Observed Value: 271.0
2017-12-15 18:51:25,125 - Processing line number: 2071
2017-12-15 18:51:31,082 - 
gen	nevals
0  	31    
2017-12-15 18:52:49,243 - Best Individual didn't change. Stopping evolution
2017-12-15 18:52:49,259 - Hall of Fame: [1.0, 0.0, 0.0, 0.0, 0.0]
2017-12-15 18:52:49,261 - GA Estimate: 271.0
2017-12-15 18:52:49,261 - Observed Value: 265.0
2017-12-15 18:52:49,261 - Processing line number: 2072
2017-12-15 18:52:54,922 - 
gen	nevals
0  	31    
2017-12-15 18:54:11,068 - Best Individual didn't change. Stopping evolution
2017-12-15 18:54:11,069 - Hall of Fame: [1.0, 0.0, 0.0, 0.0, 0.0]
2017-12-15 18:54:11,071 - GA Estimate: 265.0
2017-12-15 18:54:11,071 - Observed Value: 271.0
2017-12-15 18:54:11,072 - Processing line number: 2073
2017-12-15 18:54:17,011 - 
gen	nevals
0  	31    
2017-12-15 18:55:33,421 - Best Individual didn't change. Stopping evolution
2017-12-15 18:55:33,422 - Hall of Fame: [1.0, 0.0, 0.0, 0.0, 0.0]
2017-12-15 18:55:33,424 - GA Estimate: 271.0
2017-12-15 18:55:33,424 - Observed Value: 276.0
2017-12-15 18:55:33,425 - Processing line number: 2074
2017-12-15 18:55:39,448 - 
gen	nevals
0  	31    
2017-12-15 18:56:56,416 - Best Individual didn't change. Stopping evolution
2017-12-15 18:56:56,417 - Hall of Fame: [1.0, 0.0, 0.0, 0.0, 0.0]
2017-12-15 18:56:56,419 - GA Estimate: 276.0
2017-12-15 18:56:56,419 - Observed Value: 1202.0
2017-12-15 18:56:56,420 - Processing line number: 2075
2017-12-15 18:57:02,302 - 
gen	nevals
0  	31    
2017-12-15 18:58:19,116 - Best Individual didn't change. Stopping evolution
2017-12-15 18:58:19,117 - Hall of Fame: [1.0, 0.0, 0.0, 0.0, 0.0]
2017-12-15 18:58:19,200 - GA Estimate: 1202.0
2017-12-15 18:58:19,200 - Observed Value: 157.0
2017-12-15 18:58:19,254 - Processing line number: 2076
2017-12-15 18:58:24,783 - 
gen	nevals
0  	31    
2017-12-15 18:59:42,191 - Best Individual didn't change. Stopping evolution
2017-12-15 18:59:42,192 - Hall of Fame: [1.0, 0.0, 0.0, 0.0, 0.0]
2017-12-15 18:59:42,194 - GA Estimate: 157.0
2017-12-15 18:59:42,194 - Observed Value: 111.0
2017-12-15 18:59:42,194 - Processing line number: 2077
2017-12-15 18:59:48,115 - 
gen	nevals
0  	31    
2017-12-15 19:01:03,016 - Best Individual didn't change. Stopping evolution
2017-12-15 19:01:03,017 - Hall of Fame: [1.0, 0.0, 0.0, 0.0, 0.0]
2017-12-15 19:01:03,202 - GA Estimate: 111.0
2017-12-15 19:01:03,202 - Observed Value: 267.0
2017-12-15 19:01:03,274 - Processing line number: 2078
2017-12-15 19:01:08,790 - 
gen	nevals
0  	31    
2017-12-15 19:02:24,227 - Best Individual didn't change. Stopping evolution
2017-12-15 19:02:24,228 - Hall of Fame: [1.0, 0.0, 0.0, 0.0, 0.0]
2017-12-15 19:02:24,230 - GA Estimate: 267.0
2017-12-15 19:02:24,230 - Observed Value: 272.0
2017-12-15 19:02:24,231 - Processing line number: 2079
2017-12-15 19:02:30,124 - 
gen	nevals
0  	31    
2017-12-15 19:03:42,782 - Best Individual didn't change. Stopping evolution
2017-12-15 19:03:42,783 - Hall of Fame: [1.0, 0.0, 0.0, 0.0, 0.0]
2017-12-15 19:03:42,785 - GA Estimate: 272.0
2017-12-15 19:03:42,786 - Observed Value: 272.0
2017-12-15 19:03:42,886 - Processing line number: 2080
2017-12-15 19:03:48,688 - 
gen	nevals
0  	31    
2017-12-15 19:05:04,337 - Best Individual didn't change. Stopping evolution
2017-12-15 19:05:04,426 - Hall of Fame: [1.0, 0.0, 0.0, 0.0, 0.0]
2017-12-15 19:05:04,429 - GA Estimate: 272.0
2017-12-15 19:05:04,429 - Observed Value: 470.0
2017-12-15 19:05:04,429 - Processing line number: 2081
2017-12-15 19:05:10,542 - 
gen	nevals
0  	31    
2017-12-15 19:06:26,264 - Best Individual didn't change. Stopping evolution
2017-12-15 19:06:26,265 - Hall of Fame: [1.0, 0.0, 0.0, 0.0, 0.0]
2017-12-15 19:06:26,268 - GA Estimate: 470.0
2017-12-15 19:06:26,268 - Observed Value: 268.0
2017-12-15 19:06:26,268 - Processing line number: 2082
2017-12-15 19:06:32,420 - 
gen	nevals
0  	31    
2017-12-15 19:07:53,069 - Best Individual didn't change. Stopping evolution
2017-12-15 19:07:53,166 - Hall of Fame: [1.0, 0.0, 0.0, 0.0, 0.0]
2017-12-15 19:07:53,168 - GA Estimate: 268.0
2017-12-15 19:07:53,169 - Observed Value: 257.0
2017-12-15 19:07:53,250 - Processing line number: 2083
2017-12-15 19:07:58,949 - 
gen	nevals
0  	31    
2017-12-15 19:09:17,546 - Best Individual didn't change. Stopping evolution
2017-12-15 19:09:17,546 - Hall of Fame: [1.0, 0.0, 0.0, 0.0, 0.0]
2017-12-15 19:09:17,549 - GA Estimate: 257.0
2017-12-15 19:09:17,549 - Observed Value: 268.0
2017-12-15 19:09:17,550 - Processing line number: 2084
2017-12-15 19:09:23,437 - 
gen	nevals
0  	31    
2017-12-15 19:10:43,566 - Best Individual didn't change. Stopping evolution
2017-12-15 19:10:43,567 - Hall of Fame: [1.0, 0.0, 0.0, 0.0, 0.0]
2017-12-15 19:10:43,570 - GA Estimate: 268.0
2017-12-15 19:10:43,570 - Observed Value: 271.0
2017-12-15 19:10:43,570 - Processing line number: 2085
2017-12-15 19:10:49,396 - 
gen	nevals
0  	31    
2017-12-15 19:12:09,471 - Best Individual didn't change. Stopping evolution
2017-12-15 19:12:09,472 - Hall of Fame: [1.0, 0.0, 0.0, 0.0, 0.0]
2017-12-15 19:12:09,555 - GA Estimate: 271.0
2017-12-15 19:12:09,555 - Observed Value: 278.0
2017-12-15 19:12:09,586 - Processing line number: 2086
2017-12-15 19:12:15,116 - 
gen	nevals
0  	31    
2017-12-15 19:13:32,241 - Best Individual didn't change. Stopping evolution
2017-12-15 19:13:32,242 - Hall of Fame: [1.0, 0.0, 0.0, 0.0, 0.0]
2017-12-15 19:13:32,248 - GA Estimate: 278.0
2017-12-15 19:13:32,248 - Observed Value: 271.0
2017-12-15 19:13:32,262 - Processing line number: 2087
2017-12-15 19:13:37,999 - 
gen	nevals
0  	31    
2017-12-15 19:14:56,542 - Best Individual didn't change. Stopping evolution
2017-12-15 19:14:56,543 - Hall of Fame: [1.0, 0.0, 0.0, 0.0, 0.0]
2017-12-15 19:14:56,545 - GA Estimate: 271.0
2017-12-15 19:14:56,545 - Observed Value: 273.0
2017-12-15 19:14:56,546 - Processing line number: 2088
2017-12-15 19:15:02,540 - 
gen	nevals
0  	31    
2017-12-15 19:16:20,623 - Best Individual didn't change. Stopping evolution
2017-12-15 19:16:20,624 - Hall of Fame: [1.0, 0.0, 0.0, 0.0, 0.0]
2017-12-15 19:16:20,626 - GA Estimate: 273.0
2017-12-15 19:16:20,626 - Observed Value: 271.0
2017-12-15 19:16:20,626 - Processing line number: 2089
2017-12-15 19:16:26,409 - 
gen	nevals
0  	31    
2017-12-15 19:17:41,075 - Best Individual didn't change. Stopping evolution
2017-12-15 19:17:41,076 - Hall of Fame: [1.0, 0.0, 0.0, 0.0, 0.0]
2017-12-15 19:17:41,078 - GA Estimate: 271.0
2017-12-15 19:17:41,078 - Observed Value: 347.0
2017-12-15 19:17:41,078 - Processing line number: 2090
2017-12-15 19:17:46,768 - 
gen	nevals
0  	31    
2017-12-15 19:19:03,217 - Best Individual didn't change. Stopping evolution
2017-12-15 19:19:03,218 - Hall of Fame: [1.0, 0.0, 0.0, 0.0, 0.0]
2017-12-15 19:19:03,221 - GA Estimate: 347.0
2017-12-15 19:19:03,221 - Observed Value: 1253.0
2017-12-15 19:19:03,254 - Processing line number: 2091
2017-12-15 19:19:09,010 - 
gen	nevals
0  	31    
2017-12-15 19:20:24,510 - Best Individual didn't change. Stopping evolution
2017-12-15 19:20:24,511 - Hall of Fame: [1.0, 0.0, 0.0, 0.0, 0.0]
2017-12-15 19:20:24,513 - GA Estimate: 1253.0
2017-12-15 19:20:24,513 - Observed Value: 276.0
2017-12-15 19:20:24,514 - Processing line number: 2092
2017-12-15 19:20:30,173 - 
gen	nevals
0  	31    
2017-12-15 19:21:49,223 - Best Individual didn't change. Stopping evolution
2017-12-15 19:21:49,224 - Hall of Fame: [1.0, 0.0, 0.0, 0.0, 0.0]
2017-12-15 19:21:49,259 - GA Estimate: 276.0
2017-12-15 19:21:49,259 - Observed Value: 273.0
2017-12-15 19:21:49,290 - Processing line number: 2093
2017-12-15 19:21:55,270 - 
gen	nevals
0  	31    
2017-12-15 19:23:14,348 - Best Individual didn't change. Stopping evolution
2017-12-15 19:23:14,349 - Hall of Fame: [1.0, 0.0, 0.0, 0.0, 0.0]
2017-12-15 19:23:14,352 - GA Estimate: 273.0
2017-12-15 19:23:14,352 - Observed Value: 270.0
2017-12-15 19:23:14,352 - Processing line number: 2094
2017-12-15 19:23:20,447 - 
gen	nevals
0  	31    
2017-12-15 19:24:36,797 - Best Individual didn't change. Stopping evolution
2017-12-15 19:24:36,798 - Hall of Fame: [1.0, 0.0, 0.0, 0.0, 0.0]
2017-12-15 19:24:36,800 - GA Estimate: 270.0
2017-12-15 19:24:36,800 - Observed Value: 273.0
2017-12-15 19:24:36,802 - Processing line number: 2095
2017-12-15 19:24:42,483 - 
gen	nevals
0  	31    
2017-12-15 19:25:58,505 - Best Individual didn't change. Stopping evolution
2017-12-15 19:25:58,506 - Hall of Fame: [1.0, 0.0, 0.0, 0.0, 0.0]
2017-12-15 19:25:58,509 - GA Estimate: 273.0
2017-12-15 19:25:58,509 - Observed Value: 261.0
2017-12-15 19:25:58,509 - Processing line number: 2096
2017-12-15 19:26:04,384 - 
gen	nevals
0  	31    
2017-12-15 19:27:19,415 - Best Individual didn't change. Stopping evolution
2017-12-15 19:27:19,416 - Hall of Fame: [1.0, 0.0, 0.0, 0.0, 0.0]
2017-12-15 19:27:19,515 - GA Estimate: 261.0
2017-12-15 19:27:19,515 - Observed Value: 270.0
2017-12-15 19:27:19,562 - Processing line number: 2097
2017-12-15 19:27:25,305 - 
gen	nevals
0  	31    
2017-12-15 19:28:40,621 - Best Individual didn't change. Stopping evolution
2017-12-15 19:28:40,706 - Hall of Fame: [1.0, 0.0, 0.0, 0.0, 0.0]
2017-12-15 19:28:40,709 - GA Estimate: 270.0
2017-12-15 19:28:40,709 - Observed Value: 203.0
2017-12-15 19:28:40,798 - Processing line number: 2098
2017-12-15 19:28:46,215 - 
gen	nevals
0  	31    
2017-12-15 19:30:04,395 - Best Individual didn't change. Stopping evolution
2017-12-15 19:30:04,396 - Hall of Fame: [1.0, 0.0, 0.0, 0.0, 0.0]
2017-12-15 19:30:04,399 - GA Estimate: 203.0
2017-12-15 19:30:04,399 - Observed Value: 272.0
2017-12-15 19:30:04,399 - Processing line number: 2099
2017-12-15 19:30:10,238 - 
gen	nevals
0  	31    
2017-12-15 19:31:27,928 - Best Individual didn't change. Stopping evolution
2017-12-15 19:31:27,929 - Hall of Fame: [1.0, 0.0, 0.0, 0.0, 0.0]
2017-12-15 19:31:27,932 - GA Estimate: 272.0
2017-12-15 19:31:27,932 - Observed Value: 267.0
2017-12-15 19:31:27,932 - Processing line number: 2100
2017-12-15 19:31:34,073 - 
gen	nevals
0  	31    
2017-12-15 19:32:49,394 - Best Individual didn't change. Stopping evolution
2017-12-15 19:32:49,394 - Hall of Fame: [1.0, 0.0, 0.0, 0.0, 0.0]
2017-12-15 19:32:49,397 - GA Estimate: 267.0
2017-12-15 19:32:49,397 - Observed Value: 270.0
2017-12-15 19:32:49,398 - Processing line number: 2101
2017-12-15 19:32:55,326 - 
gen	nevals
0  	31    
2017-12-15 19:34:14,005 - Best Individual didn't change. Stopping evolution
2017-12-15 19:34:14,006 - Hall of Fame: [1.0, 0.0, 0.0, 0.0, 0.0]
2017-12-15 19:34:14,008 - GA Estimate: 270.0
2017-12-15 19:34:14,009 - Observed Value: 268.0
2017-12-15 19:34:14,009 - Processing line number: 2102
2017-12-15 19:34:20,010 - 
gen	nevals
0  	31    
2017-12-15 19:35:37,498 - Best Individual didn't change. Stopping evolution
2017-12-15 19:35:37,499 - Hall of Fame: [1.0, 0.0, 0.0, 0.0, 0.0]
2017-12-15 19:35:37,501 - GA Estimate: 268.0
2017-12-15 19:35:37,501 - Observed Value: 247.0
2017-12-15 19:35:37,586 - Processing line number: 2103
2017-12-15 19:35:43,010 - 
gen	nevals
0  	31    
2017-12-15 19:37:01,652 - Best Individual didn't change. Stopping evolution
2017-12-15 19:37:01,653 - Hall of Fame: [1.0, 0.0, 0.0, 0.0, 0.0]
2017-12-15 19:37:01,655 - GA Estimate: 247.0
2017-12-15 19:37:01,655 - Observed Value: 270.0
2017-12-15 19:37:01,655 - Processing line number: 2104
2017-12-15 19:37:07,401 - 
gen	nevals
0  	31    
2017-12-15 19:38:25,367 - Best Individual didn't change. Stopping evolution
2017-12-15 19:38:25,368 - Hall of Fame: [1.0, 0.0, 0.0, 0.0, 0.0]
2017-12-15 19:38:25,474 - GA Estimate: 270.0
2017-12-15 19:38:25,474 - Observed Value: 286.0
2017-12-15 19:38:25,490 - Processing line number: 2105
2017-12-15 19:38:31,764 - 
gen	nevals
0  	31    
2017-12-15 19:39:52,126 - Best Individual didn't change. Stopping evolution
2017-12-15 19:39:52,127 - Hall of Fame: [1.0, 0.0, 0.0, 0.0, 0.0]
2017-12-15 19:39:52,130 - GA Estimate: 286.0
2017-12-15 19:39:52,241 - Observed Value: 271.0
2017-12-15 19:39:52,246 - Processing line number: 2106
2017-12-15 19:39:58,066 - 
gen	nevals
0  	31    
2017-12-15 19:41:17,765 - Best Individual didn't change. Stopping evolution
2017-12-15 19:41:17,766 - Hall of Fame: [1.0, 0.0, 0.0, 0.0, 0.0]
2017-12-15 19:41:17,769 - GA Estimate: 271.0
2017-12-15 19:41:17,769 - Observed Value: 1229.0
2017-12-15 19:41:17,772 - Processing line number: 2107
2017-12-15 19:41:23,583 - 
gen	nevals
0  	31    
2017-12-15 19:42:42,257 - Best Individual didn't change. Stopping evolution
2017-12-15 19:42:42,266 - Hall of Fame: [1.0, 0.0, 0.0, 0.0, 0.0]
2017-12-15 19:42:42,269 - GA Estimate: 1229.0
2017-12-15 19:42:42,269 - Observed Value: 209.0
2017-12-15 19:42:42,355 - Processing line number: 2108
2017-12-15 19:42:48,217 - 
gen	nevals
0  	31    
2017-12-15 19:44:06,580 - Best Individual didn't change. Stopping evolution
2017-12-15 19:44:06,581 - Hall of Fame: [1.0, 0.0, 0.0, 0.0, 0.0]
2017-12-15 19:44:06,648 - GA Estimate: 209.0
2017-12-15 19:44:06,648 - Observed Value: 271.0
2017-12-15 19:44:06,718 - Processing line number: 2109
2017-12-15 19:44:12,368 - 
gen	nevals
0  	31    
2017-12-15 19:45:29,605 - Best Individual didn't change. Stopping evolution
2017-12-15 19:45:29,606 - Hall of Fame: [1.0, 0.0, 0.0, 0.0, 0.0]
2017-12-15 19:45:29,609 - GA Estimate: 271.0
2017-12-15 19:45:29,609 - Observed Value: 277.0
2017-12-15 19:45:29,609 - Processing line number: 2110
2017-12-15 19:45:35,234 - 
gen	nevals
0  	31    
2017-12-15 19:46:54,515 - Best Individual didn't change. Stopping evolution
2017-12-15 19:46:54,516 - Hall of Fame: [1.0, 0.0, 0.0, 0.0, 0.0]
2017-12-15 19:46:54,518 - GA Estimate: 277.0
2017-12-15 19:46:54,519 - Observed Value: 272.0
2017-12-15 19:46:54,618 - Processing line number: 2111
2017-12-15 19:47:00,599 - 
gen	nevals
0  	31    
2017-12-15 19:48:19,602 - Best Individual didn't change. Stopping evolution
2017-12-15 19:48:19,603 - Hall of Fame: [1.0, 0.0, 0.0, 0.0, 0.0]
2017-12-15 19:48:19,605 - GA Estimate: 272.0
2017-12-15 19:48:19,606 - Observed Value: 272.0
2017-12-15 19:48:19,694 - Processing line number: 2112
2017-12-15 19:48:25,768 - 
gen	nevals
0  	31    
2017-12-15 19:49:43,282 - Best Individual didn't change. Stopping evolution
2017-12-15 19:49:43,283 - Hall of Fame: [1.0, 0.0, 0.0, 0.0, 0.0]
2017-12-15 19:49:43,286 - GA Estimate: 272.0
2017-12-15 19:49:43,286 - Observed Value: 273.0
2017-12-15 19:49:43,286 - Processing line number: 2113
2017-12-15 19:49:49,151 - 
gen	nevals
0  	31    
2017-12-15 19:51:05,782 - Best Individual didn't change. Stopping evolution
2017-12-15 19:51:05,783 - Hall of Fame: [1.0, 0.0, 0.0, 0.0, 0.0]
2017-12-15 19:51:05,785 - GA Estimate: 273.0
2017-12-15 19:51:05,785 - Observed Value: 273.0
2017-12-15 19:51:05,830 - Processing line number: 2114
2017-12-15 19:51:11,999 - 
gen	nevals
0  	31    
2017-12-15 19:52:29,291 - Best Individual didn't change. Stopping evolution
2017-12-15 19:52:29,292 - Hall of Fame: [1.0, 0.0, 0.0, 0.0, 0.0]
2017-12-15 19:52:29,295 - GA Estimate: 273.0
2017-12-15 19:52:29,295 - Observed Value: 270.0
2017-12-15 19:52:29,295 - Processing line number: 2115
2017-12-15 19:52:34,934 - 
gen	nevals
0  	31    
2017-12-15 19:53:51,201 - Best Individual didn't change. Stopping evolution
2017-12-15 19:53:51,282 - Hall of Fame: [1.0, 0.0, 0.0, 0.0, 0.0]
2017-12-15 19:53:51,284 - GA Estimate: 270.0
2017-12-15 19:53:51,284 - Observed Value: 266.0
2017-12-15 19:53:51,370 - Processing line number: 2116
2017-12-15 19:53:56,929 - 
gen	nevals
0  	31    
2017-12-15 19:55:13,580 - Best Individual didn't change. Stopping evolution
2017-12-15 19:55:13,581 - Hall of Fame: [1.0, 0.0, 0.0, 0.0, 0.0]
2017-12-15 19:55:13,583 - GA Estimate: 266.0
2017-12-15 19:55:13,583 - Observed Value: 273.0
2017-12-15 19:55:13,584 - Processing line number: 2117
2017-12-15 19:55:19,463 - 
gen	nevals
0  	31    
2017-12-15 19:56:37,842 - Best Individual didn't change. Stopping evolution
2017-12-15 19:56:37,843 - Hall of Fame: [1.0, 0.0, 0.0, 0.0, 0.0]
2017-12-15 19:56:37,845 - GA Estimate: 273.0
2017-12-15 19:56:37,845 - Observed Value: 271.0
2017-12-15 19:56:37,846 - Processing line number: 2118
2017-12-15 19:56:43,673 - 
gen	nevals
0  	31    
2017-12-15 19:57:58,948 - Best Individual didn't change. Stopping evolution
2017-12-15 19:57:58,949 - Hall of Fame: [1.0, 0.0, 0.0, 0.0, 0.0]
2017-12-15 19:57:58,952 - GA Estimate: 271.0
2017-12-15 19:57:58,952 - Observed Value: 272.0
2017-12-15 19:57:58,952 - Processing line number: 2119
2017-12-15 19:58:04,756 - 
gen	nevals
0  	31    
2017-12-15 19:59:22,696 - Best Individual didn't change. Stopping evolution
2017-12-15 19:59:22,697 - Hall of Fame: [1.0, 0.0, 0.0, 0.0, 0.0]
2017-12-15 19:59:22,700 - GA Estimate: 272.0
2017-12-15 19:59:22,700 - Observed Value: 366.0
2017-12-15 19:59:22,700 - Processing line number: 2120
2017-12-15 19:59:28,381 - 
gen	nevals
0  	31    
2017-12-15 20:00:45,548 - Best Individual didn't change. Stopping evolution
2017-12-15 20:00:45,549 - Hall of Fame: [1.0, 0.0, 0.0, 0.0, 0.0]
2017-12-15 20:00:45,552 - GA Estimate: 366.0
2017-12-15 20:00:45,552 - Observed Value: 189.0
2017-12-15 20:00:45,552 - Processing line number: 2121
2017-12-15 20:00:51,315 - 
gen	nevals
0  	31    
2017-12-15 20:02:07,749 - Best Individual didn't change. Stopping evolution
2017-12-15 20:02:07,751 - Hall of Fame: [1.0, 0.0, 0.0, 0.0, 0.0]
2017-12-15 20:02:07,753 - GA Estimate: 189.0
2017-12-15 20:02:07,753 - Observed Value: 340.0
2017-12-15 20:02:07,758 - Processing line number: 2122
2017-12-15 20:02:13,432 - 
gen	nevals
0  	31    
2017-12-15 20:03:30,485 - Best Individual didn't change. Stopping evolution
2017-12-15 20:03:30,486 - Hall of Fame: [1.0, 0.0, 0.0, 0.0, 0.0]
2017-12-15 20:03:30,572 - GA Estimate: 340.0
2017-12-15 20:03:30,572 - Observed Value: 253.0
2017-12-15 20:03:30,642 - Processing line number: 2123
2017-12-15 20:03:36,351 - 
gen	nevals
0  	31    
2017-12-15 20:04:54,792 - Best Individual didn't change. Stopping evolution
2017-12-15 20:04:54,793 - Hall of Fame: [1.0, 0.0, 0.0, 0.0, 0.0]
2017-12-15 20:04:54,803 - GA Estimate: 253.0
2017-12-15 20:04:54,804 - Observed Value: 1242.0
2017-12-15 20:04:54,862 - Processing line number: 2124
2017-12-15 20:05:01,064 - 
gen	nevals
0  	31    
2017-12-15 20:06:18,737 - Best Individual didn't change. Stopping evolution
2017-12-15 20:06:18,737 - Hall of Fame: [1.0, 0.0, 0.0, 0.0, 0.0]
2017-12-15 20:06:18,740 - GA Estimate: 1242.0
2017-12-15 20:06:18,740 - Observed Value: 270.0
2017-12-15 20:06:18,741 - Processing line number: 2125
2017-12-15 20:06:24,212 - 
gen	nevals
0  	31    
2017-12-15 20:07:39,953 - Best Individual didn't change. Stopping evolution
2017-12-15 20:07:39,953 - Hall of Fame: [1.0, 0.0, 0.0, 0.0, 0.0]
2017-12-15 20:07:39,956 - GA Estimate: 270.0
2017-12-15 20:07:39,956 - Observed Value: 187.0
2017-12-15 20:07:39,957 - Processing line number: 2126
2017-12-15 20:07:46,021 - 
gen	nevals
0  	31    
2017-12-15 20:09:02,505 - Best Individual didn't change. Stopping evolution
2017-12-15 20:09:02,506 - Hall of Fame: [1.0, 0.0, 0.0, 0.0, 0.0]
2017-12-15 20:09:02,508 - GA Estimate: 187.0
2017-12-15 20:09:02,508 - Observed Value: 272.0
2017-12-15 20:09:02,509 - Processing line number: 2127
2017-12-15 20:09:08,485 - 
gen	nevals
0  	31    
2017-12-15 20:10:23,384 - Best Individual didn't change. Stopping evolution
2017-12-15 20:10:23,385 - Hall of Fame: [1.0, 0.0, 0.0, 0.0, 0.0]
2017-12-15 20:10:23,388 - GA Estimate: 272.0
2017-12-15 20:10:23,388 - Observed Value: 322.0
2017-12-15 20:10:23,388 - Processing line number: 2128
2017-12-15 20:10:29,081 - 
gen	nevals
0  	31    
2017-12-15 20:11:47,148 - Best Individual didn't change. Stopping evolution
2017-12-15 20:11:47,149 - Hall of Fame: [1.0, 0.0, 0.0, 0.0, 0.0]
2017-12-15 20:11:47,242 - GA Estimate: 322.0
2017-12-15 20:11:47,243 - Observed Value: 271.0
2017-12-15 20:11:47,310 - Processing line number: 2129
2017-12-15 20:11:52,767 - 
gen	nevals
0  	31    
2017-12-15 20:13:08,700 - Best Individual didn't change. Stopping evolution
2017-12-15 20:13:08,701 - Hall of Fame: [1.0, 0.0, 0.0, 0.0, 0.0]
2017-12-15 20:13:08,703 - GA Estimate: 271.0
2017-12-15 20:13:08,704 - Observed Value: 272.0
2017-12-15 20:13:08,704 - Processing line number: 2130
2017-12-15 20:13:14,427 - 
gen	nevals
0  	31    
2017-12-15 20:14:32,337 - Best Individual didn't change. Stopping evolution
2017-12-15 20:14:32,338 - Hall of Fame: [1.0, 0.0, 0.0, 0.0, 0.0]
2017-12-15 20:14:32,341 - GA Estimate: 272.0
2017-12-15 20:14:32,341 - Observed Value: 269.0
2017-12-15 20:14:32,342 - Processing line number: 2131
2017-12-15 20:14:38,110 - 
gen	nevals
0  	31    
2017-12-15 20:15:57,478 - Best Individual didn't change. Stopping evolution
2017-12-15 20:15:57,479 - Hall of Fame: [1.0, 0.0, 0.0, 0.0, 0.0]
2017-12-15 20:15:57,481 - GA Estimate: 269.0
2017-12-15 20:15:57,481 - Observed Value: 280.0
2017-12-15 20:15:57,482 - Processing line number: 2132
2017-12-15 20:16:03,431 - 
gen	nevals
0  	31    
2017-12-15 20:17:19,288 - Best Individual didn't change. Stopping evolution
2017-12-15 20:17:19,289 - Hall of Fame: [1.0, 0.0, 0.0, 0.0, 0.0]
2017-12-15 20:17:19,291 - GA Estimate: 280.0
2017-12-15 20:17:19,291 - Observed Value: 278.0
2017-12-15 20:17:19,291 - Processing line number: 2133
2017-12-15 20:17:25,591 - 
gen	nevals
0  	31    
2017-12-15 20:18:39,648 - Best Individual didn't change. Stopping evolution
2017-12-15 20:18:39,649 - Hall of Fame: [1.0, 0.0, 0.0, 0.0, 0.0]
2017-12-15 20:18:39,651 - GA Estimate: 278.0
2017-12-15 20:18:39,651 - Observed Value: 270.0
2017-12-15 20:18:39,652 - Processing line number: 2134
2017-12-15 20:18:45,542 - 
gen	nevals
0  	31    
2017-12-15 20:20:01,712 - Best Individual didn't change. Stopping evolution
2017-12-15 20:20:01,712 - Hall of Fame: [1.0, 0.0, 0.0, 0.0, 0.0]
2017-12-15 20:20:01,715 - GA Estimate: 270.0
2017-12-15 20:20:01,715 - Observed Value: 271.0
2017-12-15 20:20:01,715 - Processing line number: 2135
2017-12-15 20:20:07,553 - 
gen	nevals
0  	31    
2017-12-15 20:21:23,450 - Best Individual didn't change. Stopping evolution
2017-12-15 20:21:23,451 - Hall of Fame: [1.0, 0.0, 0.0, 0.0, 0.0]
2017-12-15 20:21:23,453 - GA Estimate: 271.0
2017-12-15 20:21:23,453 - Observed Value: 272.0
2017-12-15 20:21:23,454 - Processing line number: 2136
2017-12-15 20:21:29,365 - 
gen	nevals
0  	31    
2017-12-15 20:22:46,511 - Best Individual didn't change. Stopping evolution
2017-12-15 20:22:46,512 - Hall of Fame: [1.0, 0.0, 0.0, 0.0, 0.0]
2017-12-15 20:22:46,515 - GA Estimate: 272.0
2017-12-15 20:22:46,515 - Observed Value: 273.0
2017-12-15 20:22:46,515 - Processing line number: 2137
2017-12-15 20:22:52,446 - 
gen	nevals
0  	31    
2017-12-15 20:24:09,055 - Best Individual didn't change. Stopping evolution
2017-12-15 20:24:09,056 - Hall of Fame: [1.0, 0.0, 0.0, 0.0, 0.0]
2017-12-15 20:24:09,058 - GA Estimate: 273.0
2017-12-15 20:24:09,058 - Observed Value: 270.0
2017-12-15 20:24:09,059 - Processing line number: 2138
2017-12-15 20:24:14,504 - 
gen	nevals
0  	31    
2017-12-15 20:25:32,653 - Best Individual didn't change. Stopping evolution
2017-12-15 20:25:32,670 - Hall of Fame: [1.0, 0.0, 0.0, 0.0, 0.0]
2017-12-15 20:25:32,673 - GA Estimate: 270.0
2017-12-15 20:25:32,673 - Observed Value: 274.0
2017-12-15 20:25:32,778 - Processing line number: 2139
2017-12-15 20:25:38,325 - 
gen	nevals
0  	31    
2017-12-15 20:26:55,664 - Best Individual didn't change. Stopping evolution
2017-12-15 20:26:55,665 - Hall of Fame: [1.0, 0.0, 0.0, 0.0, 0.0]
2017-12-15 20:26:55,756 - GA Estimate: 274.0
2017-12-15 20:26:55,756 - Observed Value: 270.0
2017-12-15 20:26:55,756 - Processing line number: 2140
2017-12-15 20:27:01,600 - 
gen	nevals
0  	31    
2017-12-15 20:28:17,477 - Best Individual didn't change. Stopping evolution
2017-12-15 20:28:17,478 - Hall of Fame: [1.0, 0.0, 0.0, 0.0, 0.0]
2017-12-15 20:28:17,481 - GA Estimate: 270.0
2017-12-15 20:28:17,481 - Observed Value: 1229.0
2017-12-15 20:28:17,481 - Processing line number: 2141
2017-12-15 20:28:23,323 - 
gen	nevals
0  	31    
2017-12-15 20:29:40,290 - Best Individual didn't change. Stopping evolution
2017-12-15 20:29:40,290 - Hall of Fame: [1.0, 0.0, 0.0, 0.0, 0.0]
2017-12-15 20:29:40,293 - GA Estimate: 1229.0
2017-12-15 20:29:40,293 - Observed Value: 212.0
2017-12-15 20:29:40,294 - Processing line number: 2142
2017-12-15 20:29:45,996 - 
gen	nevals
0  	31    
2017-12-15 20:31:00,841 - Best Individual didn't change. Stopping evolution
2017-12-15 20:31:00,842 - Hall of Fame: [1.0, 0.0, 0.0, 0.0, 0.0]
2017-12-15 20:31:00,845 - GA Estimate: 212.0
2017-12-15 20:31:00,845 - Observed Value: 266.0
2017-12-15 20:31:00,845 - Processing line number: 2143
2017-12-15 20:31:06,586 - 
gen	nevals
0  	31    
2017-12-15 20:32:22,989 - Best Individual didn't change. Stopping evolution
2017-12-15 20:32:22,990 - Hall of Fame: [1.0, 0.0, 0.0, 0.0, 0.0]
2017-12-15 20:32:22,992 - GA Estimate: 266.0
2017-12-15 20:32:22,992 - Observed Value: 254.0
2017-12-15 20:32:23,058 - Processing line number: 2144
2017-12-15 20:32:29,195 - 
gen	nevals
0  	31    
2017-12-15 20:33:44,082 - Best Individual didn't change. Stopping evolution
2017-12-15 20:33:44,083 - Hall of Fame: [1.0, 0.0, 0.0, 0.0, 0.0]
2017-12-15 20:33:44,085 - GA Estimate: 254.0
2017-12-15 20:33:44,085 - Observed Value: 271.0
2017-12-15 20:33:44,086 - Processing line number: 2145
2017-12-15 20:33:49,627 - 
gen	nevals
0  	31    
2017-12-15 20:35:03,442 - Best Individual didn't change. Stopping evolution
2017-12-15 20:35:03,443 - Hall of Fame: [1.0, 0.0, 0.0, 0.0, 0.0]
2017-12-15 20:35:03,445 - GA Estimate: 271.0
2017-12-15 20:35:03,445 - Observed Value: 274.0
2017-12-15 20:35:03,446 - Processing line number: 2146
2017-12-15 20:35:08,948 - 
gen	nevals
0  	31    
2017-12-15 20:36:26,016 - Best Individual didn't change. Stopping evolution
2017-12-15 20:36:26,083 - Hall of Fame: [1.0, 0.0, 0.0, 0.0, 0.0]
2017-12-15 20:36:26,085 - GA Estimate: 274.0
2017-12-15 20:36:26,085 - Observed Value: 222.0
2017-12-15 20:36:26,166 - Processing line number: 2147
2017-12-15 20:36:31,792 - 
gen	nevals
0  	31    
2017-12-15 20:37:47,831 - Best Individual didn't change. Stopping evolution
2017-12-15 20:37:47,832 - Hall of Fame: [1.0, 0.0, 0.0, 0.0, 0.0]
2017-12-15 20:37:47,834 - GA Estimate: 222.0
2017-12-15 20:37:47,834 - Observed Value: 258.0
2017-12-15 20:37:47,835 - Processing line number: 2148
2017-12-15 20:37:53,618 - 
gen	nevals
0  	31    
2017-12-15 20:39:11,442 - Best Individual didn't change. Stopping evolution
2017-12-15 20:39:11,443 - Hall of Fame: [1.0, 0.0, 0.0, 0.0, 0.0]
2017-12-15 20:39:11,445 - GA Estimate: 258.0
2017-12-15 20:39:11,445 - Observed Value: 271.0
2017-12-15 20:39:11,446 - Processing line number: 2149
2017-12-15 20:39:17,164 - 
gen	nevals
0  	31    
2017-12-15 20:40:33,791 - Best Individual didn't change. Stopping evolution
2017-12-15 20:40:33,792 - Hall of Fame: [1.0, 0.0, 0.0, 0.0, 0.0]
2017-12-15 20:40:33,795 - GA Estimate: 271.0
2017-12-15 20:40:33,795 - Observed Value: 269.0
2017-12-15 20:40:33,795 - Processing line number: 2150
2017-12-15 20:40:39,412 - 
gen	nevals
0  	31    
2017-12-15 20:41:55,991 - Best Individual didn't change. Stopping evolution
2017-12-15 20:41:55,992 - Hall of Fame: [1.0, 0.0, 0.0, 0.0, 0.0]
2017-12-15 20:41:55,994 - GA Estimate: 269.0
2017-12-15 20:41:55,994 - Observed Value: 270.0
2017-12-15 20:41:55,995 - Processing line number: 2151
2017-12-15 20:42:02,247 - 
gen	nevals
0  	31    
2017-12-15 20:43:21,364 - Best Individual didn't change. Stopping evolution
2017-12-15 20:43:21,365 - Hall of Fame: [1.0, 0.0, 0.0, 0.0, 0.0]
2017-12-15 20:43:21,388 - GA Estimate: 270.0
2017-12-15 20:43:21,388 - Observed Value: 272.0
2017-12-15 20:43:21,462 - Processing line number: 2152
2017-12-15 20:43:27,236 - 
gen	nevals
0  	31    
2017-12-15 20:44:45,051 - Best Individual didn't change. Stopping evolution
2017-12-15 20:44:45,052 - Hall of Fame: [1.0, 0.0, 0.0, 0.0, 0.0]
2017-12-15 20:44:45,056 - GA Estimate: 272.0
2017-12-15 20:44:45,056 - Observed Value: 270.0
2017-12-15 20:44:45,056 - Processing line number: 2153
2017-12-15 20:44:50,955 - 
gen	nevals
0  	31    
2017-12-15 20:46:08,804 - Best Individual didn't change. Stopping evolution
2017-12-15 20:46:08,854 - Hall of Fame: [1.0, 0.0, 0.0, 0.0, 0.0]
2017-12-15 20:46:08,857 - GA Estimate: 270.0
2017-12-15 20:46:08,857 - Observed Value: 100.0
2017-12-15 20:46:08,942 - Processing line number: 2154
2017-12-15 20:46:14,467 - 
gen	nevals
0  	31    
2017-12-15 20:47:30,181 - Best Individual didn't change. Stopping evolution
2017-12-15 20:47:30,182 - Hall of Fame: [1.0, 0.0, 0.0, 0.0, 0.0]
2017-12-15 20:47:30,184 - GA Estimate: 100.0
2017-12-15 20:47:30,184 - Observed Value: 269.0
2017-12-15 20:47:30,185 - Processing line number: 2155
2017-12-15 20:47:36,171 - 
gen	nevals
0  	31    
2017-12-15 20:48:52,400 - Best Individual didn't change. Stopping evolution
2017-12-15 20:48:52,401 - Hall of Fame: [1.0, 0.0, 0.0, 0.0, 0.0]
2017-12-15 20:48:52,416 - GA Estimate: 269.0
2017-12-15 20:48:52,416 - Observed Value: 78.0
2017-12-15 20:48:52,466 - Processing line number: 2156
2017-12-15 20:48:58,480 - 
gen	nevals
0  	31    
2017-12-15 20:50:15,942 - Best Individual didn't change. Stopping evolution
2017-12-15 20:50:15,943 - Hall of Fame: [1.0, 0.0, 0.0, 0.0, 0.0]
2017-12-15 20:50:15,969 - GA Estimate: 78.0
2017-12-15 20:50:15,969 - Observed Value: 518.0
2017-12-15 20:50:16,030 - Processing line number: 2157
2017-12-15 20:50:21,636 - 
gen	nevals
0  	31    
2017-12-15 20:51:38,831 - Best Individual didn't change. Stopping evolution
2017-12-15 20:51:38,832 - Hall of Fame: [1.0, 0.0, 0.0, 0.0, 0.0]
2017-12-15 20:51:38,834 - GA Estimate: 518.0
2017-12-15 20:51:38,834 - Observed Value: 1207.0
2017-12-15 20:51:38,834 - Processing line number: 2158
2017-12-15 20:51:44,745 - 
gen	nevals
0  	31    
2017-12-15 20:53:02,834 - Best Individual didn't change. Stopping evolution
2017-12-15 20:53:02,835 - Hall of Fame: [1.0, 0.0, 0.0, 0.0, 0.0]
2017-12-15 20:53:02,838 - GA Estimate: 1207.0
2017-12-15 20:53:02,838 - Observed Value: 385.0
2017-12-15 20:53:02,838 - Processing line number: 2159
2017-12-15 20:53:08,652 - 
gen	nevals
0  	31    
2017-12-15 20:54:22,577 - Best Individual didn't change. Stopping evolution
2017-12-15 20:54:22,578 - Hall of Fame: [1.0, 0.0, 0.0, 0.0, 0.0]
2017-12-15 20:54:22,580 - GA Estimate: 385.0
2017-12-15 20:54:22,580 - Observed Value: 272.0
2017-12-15 20:54:22,581 - Processing line number: 2160
2017-12-15 20:54:28,472 - 
gen	nevals
0  	31    
2017-12-15 20:55:46,982 - Best Individual didn't change. Stopping evolution
2017-12-15 20:55:46,983 - Hall of Fame: [1.0, 0.0, 0.0, 0.0, 0.0]
2017-12-15 20:55:46,986 - GA Estimate: 272.0
2017-12-15 20:55:47,075 - Observed Value: 246.0
2017-12-15 20:55:47,097 - Processing line number: 2161
2017-12-15 20:55:52,903 - 
gen	nevals
0  	31    
2017-12-15 20:57:07,211 - Best Individual didn't change. Stopping evolution
2017-12-15 20:57:07,212 - Hall of Fame: [1.0, 0.0, 0.0, 0.0, 0.0]
2017-12-15 20:57:07,214 - GA Estimate: 246.0
2017-12-15 20:57:07,214 - Observed Value: 268.0
2017-12-15 20:57:07,215 - Processing line number: 2162
2017-12-15 20:57:13,064 - 
gen	nevals
0  	31    
2017-12-15 20:58:30,702 - Best Individual didn't change. Stopping evolution
2017-12-15 20:58:30,703 - Hall of Fame: [1.0, 0.0, 0.0, 0.0, 0.0]
2017-12-15 20:58:30,705 - GA Estimate: 268.0
2017-12-15 20:58:30,705 - Observed Value: 269.0
2017-12-15 20:58:30,786 - Processing line number: 2163
2017-12-15 20:58:36,365 - 
gen	nevals
0  	31    
2017-12-15 20:59:51,931 - Best Individual didn't change. Stopping evolution
2017-12-15 20:59:51,932 - Hall of Fame: [1.0, 0.0, 0.0, 0.0, 0.0]
2017-12-15 20:59:51,934 - GA Estimate: 269.0
2017-12-15 20:59:51,934 - Observed Value: 245.0
2017-12-15 20:59:51,934 - Processing line number: 2164
2017-12-15 20:59:57,874 - 
gen	nevals
0  	31    
2017-12-15 21:01:16,691 - Best Individual didn't change. Stopping evolution
2017-12-15 21:01:16,692 - Hall of Fame: [1.0, 0.0, 0.0, 0.0, 0.0]
2017-12-15 21:01:16,695 - GA Estimate: 245.0
2017-12-15 21:01:16,695 - Observed Value: 268.0
2017-12-15 21:01:16,695 - Processing line number: 2165
2017-12-15 21:01:22,691 - 
gen	nevals
0  	31    
2017-12-15 21:02:39,558 - Best Individual didn't change. Stopping evolution
2017-12-15 21:02:39,559 - Hall of Fame: [1.0, 0.0, 0.0, 0.0, 0.0]
2017-12-15 21:02:39,562 - GA Estimate: 268.0
2017-12-15 21:02:39,658 - Observed Value: 270.0
2017-12-15 21:02:39,690 - Processing line number: 2166
2017-12-15 21:02:45,491 - 
gen	nevals
0  	31    
2017-12-15 21:03:59,217 - Best Individual didn't change. Stopping evolution
2017-12-15 21:03:59,302 - Hall of Fame: [1.0, 0.0, 0.0, 0.0, 0.0]
2017-12-15 21:03:59,305 - GA Estimate: 270.0
2017-12-15 21:03:59,305 - Observed Value: 269.0
2017-12-15 21:03:59,386 - Processing line number: 2167
2017-12-15 21:04:05,127 - 
gen	nevals
0  	31    
2017-12-15 21:05:20,708 - Best Individual didn't change. Stopping evolution
2017-12-15 21:05:20,709 - Hall of Fame: [1.0, 0.0, 0.0, 0.0, 0.0]
2017-12-15 21:05:20,711 - GA Estimate: 269.0
2017-12-15 21:05:20,712 - Observed Value: 269.0
2017-12-15 21:05:20,712 - Processing line number: 2168
2017-12-15 21:05:26,657 - 
gen	nevals
0  	31    
2017-12-15 21:06:44,101 - Best Individual didn't change. Stopping evolution
2017-12-15 21:06:44,102 - Hall of Fame: [1.0, 0.0, 0.0, 0.0, 0.0]
2017-12-15 21:06:44,104 - GA Estimate: 269.0
2017-12-15 21:06:44,104 - Observed Value: 277.0
2017-12-15 21:06:44,105 - Processing line number: 2169
2017-12-15 21:06:49,937 - 
gen	nevals
0  	31    
2017-12-15 21:08:08,850 - Best Individual didn't change. Stopping evolution
2017-12-15 21:08:08,851 - Hall of Fame: [1.0, 0.0, 0.0, 0.0, 0.0]
2017-12-15 21:08:08,853 - GA Estimate: 277.0
2017-12-15 21:08:08,853 - Observed Value: 113.0
2017-12-15 21:08:08,854 - Processing line number: 2170
2017-12-15 21:08:14,817 - 
gen	nevals
0  	31    
2017-12-15 21:09:31,428 - Best Individual didn't change. Stopping evolution
2017-12-15 21:09:31,429 - Hall of Fame: [1.0, 0.0, 0.0, 0.0, 0.0]
2017-12-15 21:09:31,431 - GA Estimate: 113.0
2017-12-15 21:09:31,431 - Observed Value: 178.0
2017-12-15 21:09:31,431 - Processing line number: 2171
2017-12-15 21:09:36,997 - 
gen	nevals
0  	31    
2017-12-15 21:10:52,737 - Best Individual didn't change. Stopping evolution
2017-12-15 21:10:52,738 - Hall of Fame: [1.0, 0.0, 0.0, 0.0, 0.0]
2017-12-15 21:10:52,740 - GA Estimate: 178.0
2017-12-15 21:10:52,740 - Observed Value: 258.0
2017-12-15 21:10:52,741 - Processing line number: 2172
2017-12-15 21:10:58,541 - 
gen	nevals
0  	31    
2017-12-15 21:12:17,899 - Best Individual didn't change. Stopping evolution
2017-12-15 21:12:17,900 - Hall of Fame: [1.0, 0.0, 0.0, 0.0, 0.0]
2017-12-15 21:12:17,902 - GA Estimate: 258.0
2017-12-15 21:12:17,902 - Observed Value: 269.0
2017-12-15 21:12:17,903 - Processing line number: 2173
2017-12-15 21:12:23,942 - 
gen	nevals
0  	31    
2017-12-15 21:13:40,311 - Best Individual didn't change. Stopping evolution
2017-12-15 21:13:40,312 - Hall of Fame: [1.0, 0.0, 0.0, 0.0, 0.0]
2017-12-15 21:13:40,415 - GA Estimate: 269.0
2017-12-15 21:13:40,415 - Observed Value: 1247.0
2017-12-15 21:13:40,454 - Processing line number: 2174
2017-12-15 21:13:46,067 - 
gen	nevals
0  	31    
2017-12-15 21:15:02,725 - Best Individual didn't change. Stopping evolution
2017-12-15 21:15:02,725 - Hall of Fame: [1.0, 0.0, 0.0, 0.0, 0.0]
2017-12-15 21:15:02,728 - GA Estimate: 1247.0
2017-12-15 21:15:02,728 - Observed Value: 274.0
2017-12-15 21:15:02,729 - Processing line number: 2175
2017-12-15 21:15:08,216 - 
gen	nevals
0  	31    
2017-12-15 21:16:27,752 - Best Individual didn't change. Stopping evolution
2017-12-15 21:16:27,753 - Hall of Fame: [1.0, 0.0, 0.0, 0.0, 0.0]
2017-12-15 21:16:27,840 - GA Estimate: 274.0
2017-12-15 21:16:27,840 - Observed Value: 270.0
2017-12-15 21:16:27,890 - Processing line number: 2176
2017-12-15 21:16:33,361 - 
gen	nevals
0  	31    
2017-12-15 21:17:52,011 - Best Individual didn't change. Stopping evolution
2017-12-15 21:17:52,012 - Hall of Fame: [1.0, 0.0, 0.0, 0.0, 0.0]
2017-12-15 21:17:52,014 - GA Estimate: 270.0
2017-12-15 21:17:52,014 - Observed Value: 415.0
2017-12-15 21:17:52,015 - Processing line number: 2177
2017-12-15 21:17:57,753 - 
gen	nevals
0  	31    
2017-12-15 21:19:14,883 - Best Individual didn't change. Stopping evolution
2017-12-15 21:19:14,884 - Hall of Fame: [1.0, 0.0, 0.0, 0.0, 0.0]
2017-12-15 21:19:14,886 - GA Estimate: 415.0
2017-12-15 21:19:14,886 - Observed Value: 271.0
2017-12-15 21:19:14,886 - Processing line number: 2178
2017-12-15 21:19:20,549 - 
gen	nevals
0  	31    
2017-12-15 21:20:35,529 - Best Individual didn't change. Stopping evolution
2017-12-15 21:20:35,530 - Hall of Fame: [1.0, 0.0, 0.0, 0.0, 0.0]
2017-12-15 21:20:35,533 - GA Estimate: 271.0
2017-12-15 21:20:35,533 - Observed Value: 208.0
2017-12-15 21:20:35,533 - Processing line number: 2179
2017-12-15 21:20:41,278 - 
gen	nevals
0  	31    
2017-12-15 21:21:58,086 - Best Individual didn't change. Stopping evolution
2017-12-15 21:21:58,087 - Hall of Fame: [1.0, 0.0, 0.0, 0.0, 0.0]
2017-12-15 21:21:58,182 - GA Estimate: 208.0
2017-12-15 21:21:58,182 - Observed Value: 267.0
2017-12-15 21:21:58,211 - Processing line number: 2180
2017-12-15 21:22:03,877 - 
gen	nevals
0  	31    
2017-12-15 21:23:19,870 - Best Individual didn't change. Stopping evolution
2017-12-15 21:23:19,871 - Hall of Fame: [1.0, 0.0, 0.0, 0.0, 0.0]
2017-12-15 21:23:19,873 - GA Estimate: 267.0
2017-12-15 21:23:19,873 - Observed Value: 173.0
2017-12-15 21:23:19,874 - Processing line number: 2181
2017-12-15 21:23:25,500 - 
gen	nevals
0  	31    
2017-12-15 21:24:40,550 - Best Individual didn't change. Stopping evolution
2017-12-15 21:24:40,551 - Hall of Fame: [1.0, 0.0, 0.0, 0.0, 0.0]
2017-12-15 21:24:40,553 - GA Estimate: 173.0
2017-12-15 21:24:40,553 - Observed Value: 271.0
2017-12-15 21:24:40,553 - Processing line number: 2182
2017-12-15 21:24:45,978 - 
gen	nevals
0  	31    
2017-12-15 21:26:03,236 - Best Individual didn't change. Stopping evolution
2017-12-15 21:26:03,237 - Hall of Fame: [1.0, 0.0, 0.0, 0.0, 0.0]
2017-12-15 21:26:03,240 - GA Estimate: 271.0
2017-12-15 21:26:03,240 - Observed Value: 273.0
2017-12-15 21:26:03,240 - Processing line number: 2183
2017-12-15 21:26:09,036 - 
gen	nevals
0  	31    
2017-12-15 21:27:26,888 - Best Individual didn't change. Stopping evolution
2017-12-15 21:27:26,890 - Hall of Fame: [1.0, 0.0, 0.0, 0.0, 0.0]
2017-12-15 21:27:26,892 - GA Estimate: 273.0
2017-12-15 21:27:26,892 - Observed Value: 269.0
2017-12-15 21:27:26,892 - Processing line number: 2184
2017-12-15 21:27:32,438 - 
gen	nevals
0  	31    
2017-12-15 21:28:48,011 - Best Individual didn't change. Stopping evolution
2017-12-15 21:28:48,012 - Hall of Fame: [1.0, 0.0, 0.0, 0.0, 0.0]
2017-12-15 21:28:48,014 - GA Estimate: 269.0
2017-12-15 21:28:48,014 - Observed Value: 270.0
2017-12-15 21:28:48,014 - Processing line number: 2185
2017-12-15 21:28:53,846 - 
gen	nevals
0  	31    
2017-12-15 21:30:10,301 - Best Individual didn't change. Stopping evolution
2017-12-15 21:30:10,302 - Hall of Fame: [1.0, 0.0, 0.0, 0.0, 0.0]
2017-12-15 21:30:10,368 - GA Estimate: 270.0
2017-12-15 21:30:10,368 - Observed Value: 271.0
2017-12-15 21:30:10,434 - Processing line number: 2186
2017-12-15 21:30:16,097 - 
gen	nevals
0  	31    
2017-12-15 21:31:34,218 - Best Individual didn't change. Stopping evolution
2017-12-15 21:31:34,219 - Hall of Fame: [1.0, 0.0, 0.0, 0.0, 0.0]
2017-12-15 21:31:34,221 - GA Estimate: 271.0
2017-12-15 21:31:34,221 - Observed Value: 271.0
2017-12-15 21:31:34,222 - Processing line number: 2187
2017-12-15 21:31:40,028 - 
gen	nevals
0  	31    
2017-12-15 21:32:56,251 - Best Individual didn't change. Stopping evolution
2017-12-15 21:32:56,252 - Hall of Fame: [1.0, 0.0, 0.0, 0.0, 0.0]
2017-12-15 21:32:56,254 - GA Estimate: 271.0
2017-12-15 21:32:56,254 - Observed Value: 271.0
2017-12-15 21:32:56,255 - Processing line number: 2188
2017-12-15 21:33:02,130 - 
gen	nevals
0  	31    
2017-12-15 21:34:21,894 - Best Individual didn't change. Stopping evolution
2017-12-15 21:34:21,895 - Hall of Fame: [1.0, 0.0, 0.0, 0.0, 0.0]
2017-12-15 21:34:21,918 - GA Estimate: 271.0
2017-12-15 21:34:21,918 - Observed Value: 259.0
2017-12-15 21:34:21,950 - Processing line number: 2189
2017-12-15 21:34:27,727 - 
gen	nevals
0  	31    
2017-12-15 21:35:45,548 - Best Individual didn't change. Stopping evolution
2017-12-15 21:35:45,549 - Hall of Fame: [1.0, 0.0, 0.0, 0.0, 0.0]
2017-12-15 21:35:45,640 - GA Estimate: 259.0
2017-12-15 21:35:45,640 - Observed Value: 1115.0
2017-12-15 21:35:45,706 - Processing line number: 2190
2017-12-15 21:35:51,199 - 
gen	nevals
0  	31    
2017-12-15 21:37:07,564 - Best Individual didn't change. Stopping evolution
2017-12-15 21:37:07,565 - Hall of Fame: [1.0, 0.0, 0.0, 0.0, 0.0]
2017-12-15 21:37:07,656 - GA Estimate: 1115.0
2017-12-15 21:37:07,656 - Observed Value: 284.0
2017-12-15 21:37:07,718 - Processing line number: 2191
2017-12-15 21:37:13,236 - 
gen	nevals
0  	31    
2017-12-15 21:38:30,720 - Best Individual didn't change. Stopping evolution
2017-12-15 21:38:30,721 - Hall of Fame: [1.0, 0.0, 0.0, 0.0, 0.0]
2017-12-15 21:38:30,723 - GA Estimate: 284.0
2017-12-15 21:38:30,723 - Observed Value: 257.0
2017-12-15 21:38:30,724 - Processing line number: 2192
2017-12-15 21:38:36,456 - 
gen	nevals
0  	31    
2017-12-15 21:39:50,140 - Best Individual didn't change. Stopping evolution
2017-12-15 21:39:50,141 - Hall of Fame: [1.0, 0.0, 0.0, 0.0, 0.0]
2017-12-15 21:39:50,143 - GA Estimate: 257.0
2017-12-15 21:39:50,144 - Observed Value: 272.0
2017-12-15 21:39:50,150 - Processing line number: 2193
2017-12-15 21:39:56,054 - 
gen	nevals
0  	31    
2017-12-15 21:41:14,881 - Best Individual didn't change. Stopping evolution
2017-12-15 21:41:14,947 - Hall of Fame: [1.0, 0.0, 0.0, 0.0, 0.0]
2017-12-15 21:41:14,949 - GA Estimate: 272.0
2017-12-15 21:41:14,949 - Observed Value: 266.0
2017-12-15 21:41:15,030 - Processing line number: 2194
2017-12-15 21:41:20,625 - 
gen	nevals
0  	31    
2017-12-15 21:42:37,925 - Best Individual didn't change. Stopping evolution
2017-12-15 21:42:37,925 - Hall of Fame: [1.0, 0.0, 0.0, 0.0, 0.0]
2017-12-15 21:42:37,928 - GA Estimate: 266.0
2017-12-15 21:42:37,928 - Observed Value: 318.0
2017-12-15 21:42:37,929 - Processing line number: 2195
2017-12-15 21:42:43,434 - 
gen	nevals
0  	31    
2017-12-15 21:43:57,968 - Best Individual didn't change. Stopping evolution
2017-12-15 21:43:57,969 - Hall of Fame: [1.0, 0.0, 0.0, 0.0, 0.0]
2017-12-15 21:43:58,060 - GA Estimate: 318.0
2017-12-15 21:43:58,060 - Observed Value: 255.0
2017-12-15 21:43:58,090 - Processing line number: 2196
2017-12-15 21:44:03,919 - 
gen	nevals
0  	31    
2017-12-15 21:45:23,360 - Best Individual didn't change. Stopping evolution
2017-12-15 21:45:23,361 - Hall of Fame: [1.0, 0.0, 0.0, 0.0, 0.0]
2017-12-15 21:45:23,364 - GA Estimate: 255.0
2017-12-15 21:45:23,364 - Observed Value: 297.0
2017-12-15 21:45:23,364 - Processing line number: 2197
2017-12-15 21:45:29,476 - 
gen	nevals
0  	31    
2017-12-15 21:46:44,104 - Best Individual didn't change. Stopping evolution
2017-12-15 21:46:44,105 - Hall of Fame: [1.0, 0.0, 0.0, 0.0, 0.0]
2017-12-15 21:46:44,107 - GA Estimate: 297.0
2017-12-15 21:46:44,107 - Observed Value: 270.0
2017-12-15 21:46:44,107 - Processing line number: 2198
2017-12-15 21:46:49,604 - 
gen	nevals
0  	31    
2017-12-15 21:48:07,391 - Best Individual didn't change. Stopping evolution
2017-12-15 21:48:07,392 - Hall of Fame: [1.0, 0.0, 0.0, 0.0, 0.0]
2017-12-15 21:48:07,443 - GA Estimate: 270.0
2017-12-15 21:48:07,443 - Observed Value: 261.0
2017-12-15 21:48:07,486 - Processing line number: 2199
2017-12-15 21:48:13,056 - 
gen	nevals
0  	31    
2017-12-15 21:49:30,638 - Best Individual didn't change. Stopping evolution
2017-12-15 21:49:30,639 - Hall of Fame: [1.0, 0.0, 0.0, 0.0, 0.0]
2017-12-15 21:49:30,642 - GA Estimate: 261.0
2017-12-15 21:49:30,706 - Observed Value: 191.0
2017-12-15 21:49:30,706 - Processing line number: 2200
2017-12-15 21:49:36,301 - 
gen	nevals
0  	31    
2017-12-15 21:50:52,443 - Best Individual didn't change. Stopping evolution
2017-12-15 21:50:52,444 - Hall of Fame: [1.0, 0.0, 0.0, 0.0, 0.0]
2017-12-15 21:50:52,446 - GA Estimate: 191.0
2017-12-15 21:50:52,446 - Observed Value: 267.0
2017-12-15 21:50:52,447 - Processing line number: 2201
2017-12-15 21:50:58,294 - 
gen	nevals
0  	31    
2017-12-15 21:52:13,233 - Best Individual didn't change. Stopping evolution
2017-12-15 21:52:13,234 - Hall of Fame: [1.0, 0.0, 0.0, 0.0, 0.0]
2017-12-15 21:52:13,236 - GA Estimate: 267.0
2017-12-15 21:52:13,237 - Observed Value: 267.0
2017-12-15 21:52:13,237 - Processing line number: 2202
2017-12-15 21:52:18,951 - 
gen	nevals
0  	31    
2017-12-15 21:53:31,354 - Best Individual didn't change. Stopping evolution
2017-12-15 21:53:31,355 - Hall of Fame: [1.0, 0.0, 0.0, 0.0, 0.0]
2017-12-15 21:53:31,357 - GA Estimate: 267.0
2017-12-15 21:53:31,357 - Observed Value: 352.0
2017-12-15 21:53:31,358 - Processing line number: 2203
2017-12-15 21:53:37,062 - 
gen	nevals
0  	31    
2017-12-15 21:54:50,536 - Best Individual didn't change. Stopping evolution
2017-12-15 21:54:50,537 - Hall of Fame: [1.0, 0.0, 0.0, 0.0, 0.0]
2017-12-15 21:54:50,539 - GA Estimate: 352.0
2017-12-15 21:54:50,540 - Observed Value: 144.0
2017-12-15 21:54:50,540 - Processing line number: 2204
2017-12-15 21:54:56,343 - 
gen	nevals
0  	31    
2017-12-15 21:56:08,885 - Best Individual didn't change. Stopping evolution
2017-12-15 21:56:08,886 - Hall of Fame: [1.0, 0.0, 0.0, 0.0, 0.0]
2017-12-15 21:56:08,888 - GA Estimate: 144.0
2017-12-15 21:56:08,888 - Observed Value: 271.0
2017-12-15 21:56:08,889 - Processing line number: 2205
2017-12-15 21:56:14,497 - 
gen	nevals
0  	31    
2017-12-15 21:57:28,895 - Best Individual didn't change. Stopping evolution
2017-12-15 21:57:28,896 - Hall of Fame: [1.0, 0.0, 0.0, 0.0, 0.0]
2017-12-15 21:57:28,898 - GA Estimate: 271.0
2017-12-15 21:57:28,898 - Observed Value: 269.0
2017-12-15 21:57:28,898 - Processing line number: 2206
2017-12-15 21:57:34,353 - 
gen	nevals
0  	31    
2017-12-15 21:58:45,734 - Best Individual didn't change. Stopping evolution
2017-12-15 21:58:45,736 - Hall of Fame: [1.0, 0.0, 0.0, 0.0, 0.0]
2017-12-15 21:58:45,738 - GA Estimate: 269.0
2017-12-15 21:58:45,738 - Observed Value: 1203.0
2017-12-15 21:58:45,739 - Processing line number: 2207
2017-12-15 21:58:50,436 - 
gen	nevals
0  	31    
2017-12-15 21:59:55,064 - Best Individual didn't change. Stopping evolution
2017-12-15 21:59:55,065 - Hall of Fame: [1.0, 0.0, 0.0, 0.0, 0.0]
2017-12-15 21:59:55,068 - GA Estimate: 1203.0
2017-12-15 21:59:55,068 - Observed Value: 409.0
2017-12-15 21:59:55,114 - Processing line number: 2208
2017-12-15 21:59:59,949 - 
gen	nevals
0  	31    
2017-12-15 22:00:58,923 - Best Individual didn't change. Stopping evolution
2017-12-15 22:00:58,924 - Hall of Fame: [1.0, 0.0, 0.0, 0.0, 0.0]
2017-12-15 22:00:58,926 - GA Estimate: 409.0
2017-12-15 22:00:58,926 - Observed Value: 270.0
2017-12-15 22:00:58,929 - Stopping GA
2017-12-30 21:10:09,717 - Starting GA
2017-12-30 21:10:09,720 - Processing line number: 1969
2017-12-30 21:10:10,302 - 
gen	nevals
0  	31    
